[0.256s] DEBUG:colcon:Command line arguments: ['/usr/bin/colcon', 'build', '--symlink-install']
[0.256s] DEBUG:colcon:Parsed command line arguments: Namespace(log_base=None, log_level=None, verb_name='build', build_base='build', install_base='install', merge_install=False, symlink_install=True, test_result_base=None, continue_on_error=False, executor='parallel', parallel_workers=16, event_handlers=None, ignore_user_meta=False, metas=['./colcon.meta'], base_paths=['.'], packages_ignore=None, packages_ignore_regex=None, paths=None, packages_up_to=None, packages_up_to_regex=None, packages_above=None, packages_above_and_dependencies=None, packages_above_depth=None, packages_select_by_dep=None, packages_skip_by_dep=None, packages_skip_up_to=None, packages_select_build_failed=False, packages_skip_build_finished=False, packages_select_test_failures=False, packages_skip_test_passed=False, packages_select=None, packages_skip=None, packages_select_regex=None, packages_skip_regex=None, packages_start=None, packages_end=None, allow_overriding=[], cmake_args=None, cmake_target=None, cmake_target_skip_unavailable=False, cmake_clean_cache=False, cmake_clean_first=False, cmake_force_configure=False, ament_cmake_args=None, catkin_cmake_args=None, catkin_skip_building_tests=False, verb_parser=<colcon_defaults.argument_parser.defaults.DefaultArgumentsDecorator object at 0x7ffaac14b190>, verb_extension=<colcon_core.verb.build.BuildVerb object at 0x7ffaac952020>, main=<bound method BuildVerb.main of <colcon_core.verb.build.BuildVerb object at 0x7ffaac952020>>)
[0.286s] Level 1:colcon.colcon_core.package_discovery:discover_packages(colcon_meta) check parameters
[0.287s] Level 1:colcon.colcon_core.package_discovery:discover_packages(recursive) check parameters
[0.287s] Level 1:colcon.colcon_core.package_discovery:discover_packages(ignore) check parameters
[0.287s] Level 1:colcon.colcon_core.package_discovery:discover_packages(path) check parameters
[0.287s] Level 1:colcon.colcon_core.package_discovery:discover_packages(colcon_meta) discover
[0.287s] Level 1:colcon.colcon_core.package_discovery:discover_packages(recursive) discover
[0.287s] INFO:colcon.colcon_core.package_discovery:Crawling recursively for packages in '/home/karch/ws/TFG_Hunter20_ws'
[0.287s] Level 1:colcon.colcon_core.package_identification:_identify(.) by extensions ['ignore', 'ignore_ament_install']
[0.287s] Level 1:colcon.colcon_core.package_identification:_identify(.) by extension 'ignore'
[0.287s] Level 1:colcon.colcon_core.package_identification:_identify(.) by extension 'ignore_ament_install'
[0.287s] Level 1:colcon.colcon_core.package_identification:_identify(.) by extensions ['colcon_pkg']
[0.287s] Level 1:colcon.colcon_core.package_identification:_identify(.) by extension 'colcon_pkg'
[0.287s] Level 1:colcon.colcon_core.package_identification:_identify(.) by extensions ['colcon_meta']
[0.287s] Level 1:colcon.colcon_core.package_identification:_identify(.) by extension 'colcon_meta'
[0.287s] Level 1:colcon.colcon_core.package_identification:_identify(.) by extensions ['ros']
[0.287s] Level 1:colcon.colcon_core.package_identification:_identify(.) by extension 'ros'
[0.298s] Level 1:colcon.colcon_core.package_identification:_identify(.) by extensions ['cmake', 'python']
[0.298s] Level 1:colcon.colcon_core.package_identification:_identify(.) by extension 'cmake'
[0.298s] Level 1:colcon.colcon_core.package_identification:_identify(.) by extension 'python'
[0.298s] Level 1:colcon.colcon_core.package_identification:_identify(.) by extensions ['python_setup_py']
[0.298s] Level 1:colcon.colcon_core.package_identification:_identify(.) by extension 'python_setup_py'
[0.298s] Level 1:colcon.colcon_core.package_identification:_identify(build) by extensions ['ignore', 'ignore_ament_install']
[0.298s] Level 1:colcon.colcon_core.package_identification:_identify(build) by extension 'ignore'
[0.298s] Level 1:colcon.colcon_core.package_identification:_identify(build) ignored
[0.298s] Level 1:colcon.colcon_core.package_identification:_identify(install) by extensions ['ignore', 'ignore_ament_install']
[0.298s] Level 1:colcon.colcon_core.package_identification:_identify(install) by extension 'ignore'
[0.298s] Level 1:colcon.colcon_core.package_identification:_identify(install) ignored
[0.298s] Level 1:colcon.colcon_core.package_identification:_identify(log) by extensions ['ignore', 'ignore_ament_install']
[0.298s] Level 1:colcon.colcon_core.package_identification:_identify(log) by extension 'ignore'
[0.298s] Level 1:colcon.colcon_core.package_identification:_identify(log) ignored
[0.299s] Level 1:colcon.colcon_core.package_identification:_identify(src) by extensions ['ignore', 'ignore_ament_install']
[0.299s] Level 1:colcon.colcon_core.package_identification:_identify(src) by extension 'ignore'
[0.299s] Level 1:colcon.colcon_core.package_identification:_identify(src) by extension 'ignore_ament_install'
[0.299s] Level 1:colcon.colcon_core.package_identification:_identify(src) by extensions ['colcon_pkg']
[0.299s] Level 1:colcon.colcon_core.package_identification:_identify(src) by extension 'colcon_pkg'
[0.299s] Level 1:colcon.colcon_core.package_identification:_identify(src) by extensions ['colcon_meta']
[0.299s] Level 1:colcon.colcon_core.package_identification:_identify(src) by extension 'colcon_meta'
[0.299s] Level 1:colcon.colcon_core.package_identification:_identify(src) by extensions ['ros']
[0.299s] Level 1:colcon.colcon_core.package_identification:_identify(src) by extension 'ros'
[0.299s] Level 1:colcon.colcon_core.package_identification:_identify(src) by extensions ['cmake', 'python']
[0.299s] Level 1:colcon.colcon_core.package_identification:_identify(src) by extension 'cmake'
[0.299s] Level 1:colcon.colcon_core.package_identification:_identify(src) by extension 'python'
[0.299s] Level 1:colcon.colcon_core.package_identification:_identify(src) by extensions ['python_setup_py']
[0.299s] Level 1:colcon.colcon_core.package_identification:_identify(src) by extension 'python_setup_py'
[0.299s] Level 1:colcon.colcon_core.package_identification:_identify(src/tfg_pkg) by extensions ['ignore', 'ignore_ament_install']
[0.299s] Level 1:colcon.colcon_core.package_identification:_identify(src/tfg_pkg) by extension 'ignore'
[0.299s] Level 1:colcon.colcon_core.package_identification:_identify(src/tfg_pkg) by extension 'ignore_ament_install'
[0.299s] Level 1:colcon.colcon_core.package_identification:_identify(src/tfg_pkg) by extensions ['colcon_pkg']
[0.299s] Level 1:colcon.colcon_core.package_identification:_identify(src/tfg_pkg) by extension 'colcon_pkg'
[0.299s] Level 1:colcon.colcon_core.package_identification:_identify(src/tfg_pkg) by extensions ['colcon_meta']
[0.299s] Level 1:colcon.colcon_core.package_identification:_identify(src/tfg_pkg) by extension 'colcon_meta'
[0.299s] Level 1:colcon.colcon_core.package_identification:_identify(src/tfg_pkg) by extensions ['ros']
[0.299s] Level 1:colcon.colcon_core.package_identification:_identify(src/tfg_pkg) by extension 'ros'
[0.301s] DEBUG:colcon.colcon_core.package_identification:Package 'src/tfg_pkg' with type 'ros.ament_cmake' and name 'tfg_pkg'
[0.301s] Level 1:colcon.colcon_core.package_identification:_identify(src/urg_c) by extensions ['ignore', 'ignore_ament_install']
[0.302s] Level 1:colcon.colcon_core.package_identification:_identify(src/urg_c) by extension 'ignore'
[0.302s] Level 1:colcon.colcon_core.package_identification:_identify(src/urg_c) by extension 'ignore_ament_install'
[0.302s] Level 1:colcon.colcon_core.package_identification:_identify(src/urg_c) by extensions ['colcon_pkg']
[0.302s] Level 1:colcon.colcon_core.package_identification:_identify(src/urg_c) by extension 'colcon_pkg'
[0.302s] Level 1:colcon.colcon_core.package_identification:_identify(src/urg_c) by extensions ['colcon_meta']
[0.302s] Level 1:colcon.colcon_core.package_identification:_identify(src/urg_c) by extension 'colcon_meta'
[0.302s] Level 1:colcon.colcon_core.package_identification:_identify(src/urg_c) by extensions ['ros']
[0.302s] Level 1:colcon.colcon_core.package_identification:_identify(src/urg_c) by extension 'ros'
[0.302s] DEBUG:colcon.colcon_core.package_identification:Package 'src/urg_c' with type 'ros.ament_cmake' and name 'urg_c'
[0.303s] Level 1:colcon.colcon_core.package_identification:_identify(src/urg_node) by extensions ['ignore', 'ignore_ament_install']
[0.303s] Level 1:colcon.colcon_core.package_identification:_identify(src/urg_node) by extension 'ignore'
[0.303s] Level 1:colcon.colcon_core.package_identification:_identify(src/urg_node) by extension 'ignore_ament_install'
[0.303s] Level 1:colcon.colcon_core.package_identification:_identify(src/urg_node) by extensions ['colcon_pkg']
[0.303s] Level 1:colcon.colcon_core.package_identification:_identify(src/urg_node) by extension 'colcon_pkg'
[0.303s] Level 1:colcon.colcon_core.package_identification:_identify(src/urg_node) by extensions ['colcon_meta']
[0.303s] Level 1:colcon.colcon_core.package_identification:_identify(src/urg_node) by extension 'colcon_meta'
[0.303s] Level 1:colcon.colcon_core.package_identification:_identify(src/urg_node) by extensions ['ros']
[0.303s] Level 1:colcon.colcon_core.package_identification:_identify(src/urg_node) by extension 'ros'
[0.304s] DEBUG:colcon.colcon_core.package_identification:Package 'src/urg_node' with type 'ros.ament_cmake' and name 'urg_node'
[0.304s] Level 1:colcon.colcon_core.package_identification:_identify(src/urg_node_msgs) by extensions ['ignore', 'ignore_ament_install']
[0.304s] Level 1:colcon.colcon_core.package_identification:_identify(src/urg_node_msgs) by extension 'ignore'
[0.304s] Level 1:colcon.colcon_core.package_identification:_identify(src/urg_node_msgs) by extension 'ignore_ament_install'
[0.304s] Level 1:colcon.colcon_core.package_identification:_identify(src/urg_node_msgs) by extensions ['colcon_pkg']
[0.304s] Level 1:colcon.colcon_core.package_identification:_identify(src/urg_node_msgs) by extension 'colcon_pkg'
[0.304s] Level 1:colcon.colcon_core.package_identification:_identify(src/urg_node_msgs) by extensions ['colcon_meta']
[0.304s] Level 1:colcon.colcon_core.package_identification:_identify(src/urg_node_msgs) by extension 'colcon_meta'
[0.304s] Level 1:colcon.colcon_core.package_identification:_identify(src/urg_node_msgs) by extensions ['ros']
[0.304s] Level 1:colcon.colcon_core.package_identification:_identify(src/urg_node_msgs) by extension 'ros'
[0.305s] DEBUG:colcon.colcon_core.package_identification:Package 'src/urg_node_msgs' with type 'ros.ament_cmake' and name 'urg_node_msgs'
[0.305s] Level 1:colcon.colcon_core.package_discovery:discover_packages(recursive) using defaults
[0.305s] Level 1:colcon.colcon_core.package_discovery:discover_packages(ignore) discover
[0.305s] Level 1:colcon.colcon_core.package_discovery:discover_packages(ignore) using defaults
[0.305s] Level 1:colcon.colcon_core.package_discovery:discover_packages(path) discover
[0.305s] Level 1:colcon.colcon_core.package_discovery:discover_packages(path) using defaults
[0.327s] Level 1:colcon.colcon_core.package_discovery:discover_packages(prefix_path) check parameters
[0.327s] Level 1:colcon.colcon_core.package_discovery:discover_packages(prefix_path) discover
[0.330s] DEBUG:colcon.colcon_installed_package_information.package_discovery:Found 7 installed packages in /home/karch/ws/hokuyo_ws/install
[0.331s] DEBUG:colcon.colcon_installed_package_information.package_discovery:Found 3 installed packages in /home/karch/ws/hunter20_ws/install
[0.332s] DEBUG:colcon.colcon_installed_package_information.package_discovery:Found 1 installed packages in /home/karch/ws/dev_ws/install
[0.334s] DEBUG:colcon.colcon_installed_package_information.package_discovery:Found 318 installed packages in /opt/ros/humble
[0.335s] Level 1:colcon.colcon_core.package_discovery:discover_packages(prefix_path) using defaults
[0.389s] Level 5:colcon.colcon_core.verb:set package 'tfg_pkg' build argument 'cmake_args' from command line to 'None'
[0.389s] Level 5:colcon.colcon_core.verb:set package 'tfg_pkg' build argument 'cmake_target' from command line to 'None'
[0.389s] Level 5:colcon.colcon_core.verb:set package 'tfg_pkg' build argument 'cmake_target_skip_unavailable' from command line to 'False'
[0.389s] Level 5:colcon.colcon_core.verb:set package 'tfg_pkg' build argument 'cmake_clean_cache' from command line to 'False'
[0.389s] Level 5:colcon.colcon_core.verb:set package 'tfg_pkg' build argument 'cmake_clean_first' from command line to 'False'
[0.389s] Level 5:colcon.colcon_core.verb:set package 'tfg_pkg' build argument 'cmake_force_configure' from command line to 'False'
[0.389s] Level 5:colcon.colcon_core.verb:set package 'tfg_pkg' build argument 'ament_cmake_args' from command line to 'None'
[0.389s] Level 5:colcon.colcon_core.verb:set package 'tfg_pkg' build argument 'catkin_cmake_args' from command line to 'None'
[0.389s] Level 5:colcon.colcon_core.verb:set package 'tfg_pkg' build argument 'catkin_skip_building_tests' from command line to 'False'
[0.389s] DEBUG:colcon.colcon_core.verb:Building package 'tfg_pkg' with the following arguments: {'ament_cmake_args': None, 'build_base': '/home/karch/ws/TFG_Hunter20_ws/build/tfg_pkg', 'catkin_cmake_args': None, 'catkin_skip_building_tests': False, 'cmake_args': None, 'cmake_clean_cache': False, 'cmake_clean_first': False, 'cmake_force_configure': False, 'cmake_target': None, 'cmake_target_skip_unavailable': False, 'install_base': '/home/karch/ws/TFG_Hunter20_ws/install/tfg_pkg', 'merge_install': False, 'path': '/home/karch/ws/TFG_Hunter20_ws/src/tfg_pkg', 'symlink_install': True, 'test_result_base': None}
[0.390s] Level 5:colcon.colcon_core.verb:set package 'urg_c' build argument 'cmake_args' from command line to 'None'
[0.390s] Level 5:colcon.colcon_core.verb:set package 'urg_c' build argument 'cmake_target' from command line to 'None'
[0.390s] Level 5:colcon.colcon_core.verb:set package 'urg_c' build argument 'cmake_target_skip_unavailable' from command line to 'False'
[0.390s] Level 5:colcon.colcon_core.verb:set package 'urg_c' build argument 'cmake_clean_cache' from command line to 'False'
[0.390s] Level 5:colcon.colcon_core.verb:set package 'urg_c' build argument 'cmake_clean_first' from command line to 'False'
[0.390s] Level 5:colcon.colcon_core.verb:set package 'urg_c' build argument 'cmake_force_configure' from command line to 'False'
[0.390s] Level 5:colcon.colcon_core.verb:set package 'urg_c' build argument 'ament_cmake_args' from command line to 'None'
[0.390s] Level 5:colcon.colcon_core.verb:set package 'urg_c' build argument 'catkin_cmake_args' from command line to 'None'
[0.390s] Level 5:colcon.colcon_core.verb:set package 'urg_c' build argument 'catkin_skip_building_tests' from command line to 'False'
[0.390s] DEBUG:colcon.colcon_core.verb:Building package 'urg_c' with the following arguments: {'ament_cmake_args': None, 'build_base': '/home/karch/ws/TFG_Hunter20_ws/build/urg_c', 'catkin_cmake_args': None, 'catkin_skip_building_tests': False, 'cmake_args': None, 'cmake_clean_cache': False, 'cmake_clean_first': False, 'cmake_force_configure': False, 'cmake_target': None, 'cmake_target_skip_unavailable': False, 'install_base': '/home/karch/ws/TFG_Hunter20_ws/install/urg_c', 'merge_install': False, 'path': '/home/karch/ws/TFG_Hunter20_ws/src/urg_c', 'symlink_install': True, 'test_result_base': None}
[0.391s] Level 5:colcon.colcon_core.verb:set package 'urg_node_msgs' build argument 'cmake_args' from command line to 'None'
[0.391s] Level 5:colcon.colcon_core.verb:set package 'urg_node_msgs' build argument 'cmake_target' from command line to 'None'
[0.391s] Level 5:colcon.colcon_core.verb:set package 'urg_node_msgs' build argument 'cmake_target_skip_unavailable' from command line to 'False'
[0.391s] Level 5:colcon.colcon_core.verb:set package 'urg_node_msgs' build argument 'cmake_clean_cache' from command line to 'False'
[0.391s] Level 5:colcon.colcon_core.verb:set package 'urg_node_msgs' build argument 'cmake_clean_first' from command line to 'False'
[0.391s] Level 5:colcon.colcon_core.verb:set package 'urg_node_msgs' build argument 'cmake_force_configure' from command line to 'False'
[0.391s] Level 5:colcon.colcon_core.verb:set package 'urg_node_msgs' build argument 'ament_cmake_args' from command line to 'None'
[0.391s] Level 5:colcon.colcon_core.verb:set package 'urg_node_msgs' build argument 'catkin_cmake_args' from command line to 'None'
[0.391s] Level 5:colcon.colcon_core.verb:set package 'urg_node_msgs' build argument 'catkin_skip_building_tests' from command line to 'False'
[0.391s] DEBUG:colcon.colcon_core.verb:Building package 'urg_node_msgs' with the following arguments: {'ament_cmake_args': None, 'build_base': '/home/karch/ws/TFG_Hunter20_ws/build/urg_node_msgs', 'catkin_cmake_args': None, 'catkin_skip_building_tests': False, 'cmake_args': None, 'cmake_clean_cache': False, 'cmake_clean_first': False, 'cmake_force_configure': False, 'cmake_target': None, 'cmake_target_skip_unavailable': False, 'install_base': '/home/karch/ws/TFG_Hunter20_ws/install/urg_node_msgs', 'merge_install': False, 'path': '/home/karch/ws/TFG_Hunter20_ws/src/urg_node_msgs', 'symlink_install': True, 'test_result_base': None}
[0.392s] Level 5:colcon.colcon_core.verb:set package 'urg_node' build argument 'cmake_args' from command line to 'None'
[0.392s] Level 5:colcon.colcon_core.verb:set package 'urg_node' build argument 'cmake_target' from command line to 'None'
[0.392s] Level 5:colcon.colcon_core.verb:set package 'urg_node' build argument 'cmake_target_skip_unavailable' from command line to 'False'
[0.392s] Level 5:colcon.colcon_core.verb:set package 'urg_node' build argument 'cmake_clean_cache' from command line to 'False'
[0.392s] Level 5:colcon.colcon_core.verb:set package 'urg_node' build argument 'cmake_clean_first' from command line to 'False'
[0.392s] Level 5:colcon.colcon_core.verb:set package 'urg_node' build argument 'cmake_force_configure' from command line to 'False'
[0.392s] Level 5:colcon.colcon_core.verb:set package 'urg_node' build argument 'ament_cmake_args' from command line to 'None'
[0.392s] Level 5:colcon.colcon_core.verb:set package 'urg_node' build argument 'catkin_cmake_args' from command line to 'None'
[0.392s] Level 5:colcon.colcon_core.verb:set package 'urg_node' build argument 'catkin_skip_building_tests' from command line to 'False'
[0.392s] DEBUG:colcon.colcon_core.verb:Building package 'urg_node' with the following arguments: {'ament_cmake_args': None, 'build_base': '/home/karch/ws/TFG_Hunter20_ws/build/urg_node', 'catkin_cmake_args': None, 'catkin_skip_building_tests': False, 'cmake_args': None, 'cmake_clean_cache': False, 'cmake_clean_first': False, 'cmake_force_configure': False, 'cmake_target': None, 'cmake_target_skip_unavailable': False, 'install_base': '/home/karch/ws/TFG_Hunter20_ws/install/urg_node', 'merge_install': False, 'path': '/home/karch/ws/TFG_Hunter20_ws/src/urg_node', 'symlink_install': True, 'test_result_base': None}
[0.392s] INFO:colcon.colcon_core.executor:Executing jobs using 'parallel' executor
[0.395s] DEBUG:colcon.colcon_parallel_executor.executor.parallel:run_until_complete
[0.395s] INFO:colcon.colcon_ros.task.ament_cmake.build:Building ROS package in '/home/karch/ws/TFG_Hunter20_ws/src/urg_c' with build type 'ament_cmake'
[0.395s] INFO:colcon.colcon_cmake.task.cmake.build:Building CMake package in '/home/karch/ws/TFG_Hunter20_ws/src/urg_c'
[0.399s] INFO:colcon.colcon_core.plugin_system:Skipping extension 'colcon_core.shell.bat': Not used on non-Windows systems
[0.399s] INFO:colcon.colcon_core.shell:Skip shell extension 'powershell' for command environment: Not usable outside of PowerShell
[0.399s] DEBUG:colcon.colcon_core.shell:Skip shell extension 'dsv' for command environment
[0.406s] INFO:colcon.colcon_ros.task.ament_cmake.build:Building ROS package in '/home/karch/ws/TFG_Hunter20_ws/src/urg_node_msgs' with build type 'ament_cmake'
[0.407s] INFO:colcon.colcon_cmake.task.cmake.build:Building CMake package in '/home/karch/ws/TFG_Hunter20_ws/src/urg_node_msgs'
[0.408s] INFO:colcon.colcon_core.shell:Skip shell extension 'powershell' for command environment: Not usable outside of PowerShell
[0.408s] DEBUG:colcon.colcon_core.shell:Skip shell extension 'dsv' for command environment
[0.414s] INFO:colcon.colcon_ros.task.ament_cmake.build:Building ROS package in '/home/karch/ws/TFG_Hunter20_ws/src/tfg_pkg' with build type 'ament_cmake'
[0.414s] INFO:colcon.colcon_cmake.task.cmake.build:Building CMake package in '/home/karch/ws/TFG_Hunter20_ws/src/tfg_pkg'
[0.415s] INFO:colcon.colcon_core.shell:Skip shell extension 'powershell' for command environment: Not usable outside of PowerShell
[0.415s] DEBUG:colcon.colcon_core.shell:Skip shell extension 'dsv' for command environment
[0.427s] DEBUG:colcon.colcon_core.event_handler.log_command:Invoking command in '/home/karch/ws/TFG_Hunter20_ws/build/urg_c': CMAKE_PREFIX_PATH=/home/karch/ws/hokuyo_ws/install/urg_node:/home/karch/ws/hokuyo_ws/install/urg_node_msgs:/home/karch/ws/hokuyo_ws/install/urg_c:/home/karch/ws/hokuyo_ws/install/tfg_pkg:/home/karch/ws/hokuyo_ws/install/robot_status_publisher:/home/karch/ws/hokuyo_ws/install/keyboard_control:/home/karch/ws/hokuyo_ws/install/coppelia_ros2_pkg:/home/karch/ws/hunter20_ws/install/hunter_base:/opt/ros/humble:/home/karch/ws/hunter20_ws/install/ugv_sdk:/home/karch/ws/hunter20_ws/install/hunter_msgs:/home/karch/ws/dev_ws/install/first_pkg /usr/bin/cmake --build /home/karch/ws/TFG_Hunter20_ws/build/urg_c -- -j16 -l16
[0.431s] DEBUG:colcon.colcon_core.event_handler.log_command:Invoking command in '/home/karch/ws/TFG_Hunter20_ws/build/urg_node_msgs': CMAKE_PREFIX_PATH=/home/karch/ws/hokuyo_ws/install/urg_node:/home/karch/ws/hokuyo_ws/install/urg_node_msgs:/home/karch/ws/hokuyo_ws/install/urg_c:/home/karch/ws/hokuyo_ws/install/tfg_pkg:/home/karch/ws/hokuyo_ws/install/robot_status_publisher:/home/karch/ws/hokuyo_ws/install/keyboard_control:/home/karch/ws/hokuyo_ws/install/coppelia_ros2_pkg:/home/karch/ws/hunter20_ws/install/hunter_base:/opt/ros/humble:/home/karch/ws/hunter20_ws/install/ugv_sdk:/home/karch/ws/hunter20_ws/install/hunter_msgs:/home/karch/ws/dev_ws/install/first_pkg /usr/bin/cmake --build /home/karch/ws/TFG_Hunter20_ws/build/urg_node_msgs -- -j16 -l16
[0.438s] DEBUG:colcon.colcon_core.event_handler.log_command:Invoking command in '/home/karch/ws/TFG_Hunter20_ws/build/tfg_pkg': CMAKE_PREFIX_PATH=/home/karch/ws/hokuyo_ws/install/urg_node:/home/karch/ws/hokuyo_ws/install/urg_node_msgs:/home/karch/ws/hokuyo_ws/install/urg_c:/home/karch/ws/hokuyo_ws/install/tfg_pkg:/home/karch/ws/hokuyo_ws/install/robot_status_publisher:/home/karch/ws/hokuyo_ws/install/keyboard_control:/home/karch/ws/hokuyo_ws/install/coppelia_ros2_pkg:/home/karch/ws/hunter20_ws/install/hunter_base:/opt/ros/humble:/home/karch/ws/hunter20_ws/install/ugv_sdk:/home/karch/ws/hunter20_ws/install/hunter_msgs:/home/karch/ws/dev_ws/install/first_pkg /usr/bin/cmake --build /home/karch/ws/TFG_Hunter20_ws/build/tfg_pkg -- -j16 -l16
[0.536s] DEBUG:colcon.colcon_core.event_handler.log_command:Invoked command in '/home/karch/ws/TFG_Hunter20_ws/build/tfg_pkg' returned '0': CMAKE_PREFIX_PATH=/home/karch/ws/hokuyo_ws/install/urg_node:/home/karch/ws/hokuyo_ws/install/urg_node_msgs:/home/karch/ws/hokuyo_ws/install/urg_c:/home/karch/ws/hokuyo_ws/install/tfg_pkg:/home/karch/ws/hokuyo_ws/install/robot_status_publisher:/home/karch/ws/hokuyo_ws/install/keyboard_control:/home/karch/ws/hokuyo_ws/install/coppelia_ros2_pkg:/home/karch/ws/hunter20_ws/install/hunter_base:/opt/ros/humble:/home/karch/ws/hunter20_ws/install/ugv_sdk:/home/karch/ws/hunter20_ws/install/hunter_msgs:/home/karch/ws/dev_ws/install/first_pkg /usr/bin/cmake --build /home/karch/ws/TFG_Hunter20_ws/build/tfg_pkg -- -j16 -l16
[0.615s] DEBUG:colcon.colcon_core.event_handler.log_command:Invoking command in '/home/karch/ws/TFG_Hunter20_ws/build/tfg_pkg': CMAKE_PREFIX_PATH=/home/karch/ws/hokuyo_ws/install/urg_node:/home/karch/ws/hokuyo_ws/install/urg_node_msgs:/home/karch/ws/hokuyo_ws/install/urg_c:/home/karch/ws/hokuyo_ws/install/tfg_pkg:/home/karch/ws/hokuyo_ws/install/robot_status_publisher:/home/karch/ws/hokuyo_ws/install/keyboard_control:/home/karch/ws/hokuyo_ws/install/coppelia_ros2_pkg:/home/karch/ws/hunter20_ws/install/hunter_base:/opt/ros/humble:/home/karch/ws/hunter20_ws/install/ugv_sdk:/home/karch/ws/hunter20_ws/install/hunter_msgs:/home/karch/ws/dev_ws/install/first_pkg /usr/bin/cmake --install /home/karch/ws/TFG_Hunter20_ws/build/tfg_pkg
[0.617s] DEBUG:colcon.colcon_core.event_handler.log_command:Invoked command in '/home/karch/ws/TFG_Hunter20_ws/build/urg_c' returned '0': CMAKE_PREFIX_PATH=/home/karch/ws/hokuyo_ws/install/urg_node:/home/karch/ws/hokuyo_ws/install/urg_node_msgs:/home/karch/ws/hokuyo_ws/install/urg_c:/home/karch/ws/hokuyo_ws/install/tfg_pkg:/home/karch/ws/hokuyo_ws/install/robot_status_publisher:/home/karch/ws/hokuyo_ws/install/keyboard_control:/home/karch/ws/hokuyo_ws/install/coppelia_ros2_pkg:/home/karch/ws/hunter20_ws/install/hunter_base:/opt/ros/humble:/home/karch/ws/hunter20_ws/install/ugv_sdk:/home/karch/ws/hunter20_ws/install/hunter_msgs:/home/karch/ws/dev_ws/install/first_pkg /usr/bin/cmake --build /home/karch/ws/TFG_Hunter20_ws/build/urg_c -- -j16 -l16
[0.646s] Level 1:colcon.colcon_core.environment:create_environment_scripts_only(tfg_pkg)
[0.647s] DEBUG:colcon.colcon_core.event_handler.log_command:Invoked command in '/home/karch/ws/TFG_Hunter20_ws/build/tfg_pkg' returned '0': CMAKE_PREFIX_PATH=/home/karch/ws/hokuyo_ws/install/urg_node:/home/karch/ws/hokuyo_ws/install/urg_node_msgs:/home/karch/ws/hokuyo_ws/install/urg_c:/home/karch/ws/hokuyo_ws/install/tfg_pkg:/home/karch/ws/hokuyo_ws/install/robot_status_publisher:/home/karch/ws/hokuyo_ws/install/keyboard_control:/home/karch/ws/hokuyo_ws/install/coppelia_ros2_pkg:/home/karch/ws/hunter20_ws/install/hunter_base:/opt/ros/humble:/home/karch/ws/hunter20_ws/install/ugv_sdk:/home/karch/ws/hunter20_ws/install/hunter_msgs:/home/karch/ws/dev_ws/install/first_pkg /usr/bin/cmake --install /home/karch/ws/TFG_Hunter20_ws/build/tfg_pkg
[0.650s] Level 1:colcon.colcon_core.environment:checking '/home/karch/ws/TFG_Hunter20_ws/install/tfg_pkg' for CMake module files
[0.651s] Level 1:colcon.colcon_core.environment:checking '/home/karch/ws/TFG_Hunter20_ws/install/tfg_pkg' for CMake config files
[0.651s] Level 1:colcon.colcon_core.shell:create_environment_hook('tfg_pkg', 'cmake_prefix_path')
[0.653s] INFO:colcon.colcon_core.shell:Creating environment hook '/home/karch/ws/TFG_Hunter20_ws/install/tfg_pkg/share/tfg_pkg/hook/cmake_prefix_path.ps1'
[0.654s] INFO:colcon.colcon_core.shell:Creating environment descriptor '/home/karch/ws/TFG_Hunter20_ws/install/tfg_pkg/share/tfg_pkg/hook/cmake_prefix_path.dsv'
[0.655s] INFO:colcon.colcon_core.shell:Creating environment hook '/home/karch/ws/TFG_Hunter20_ws/install/tfg_pkg/share/tfg_pkg/hook/cmake_prefix_path.sh'
[0.656s] Level 1:colcon.colcon_core.environment:checking '/home/karch/ws/TFG_Hunter20_ws/install/tfg_pkg/lib'
[0.656s] Level 1:colcon.colcon_core.environment:checking '/home/karch/ws/TFG_Hunter20_ws/install/tfg_pkg/bin'
[0.656s] Level 1:colcon.colcon_core.environment:checking '/home/karch/ws/TFG_Hunter20_ws/install/tfg_pkg/lib/pkgconfig/tfg_pkg.pc'
[0.657s] Level 1:colcon.colcon_core.environment:checking '/home/karch/ws/TFG_Hunter20_ws/install/tfg_pkg/lib/python3.10/site-packages'
[0.657s] Level 1:colcon.colcon_core.environment:checking '/home/karch/ws/TFG_Hunter20_ws/install/tfg_pkg/bin'
[0.658s] INFO:colcon.colcon_core.shell:Creating package script '/home/karch/ws/TFG_Hunter20_ws/install/tfg_pkg/share/tfg_pkg/package.ps1'
[0.659s] INFO:colcon.colcon_core.shell:Creating package descriptor '/home/karch/ws/TFG_Hunter20_ws/install/tfg_pkg/share/tfg_pkg/package.dsv'
[0.660s] INFO:colcon.colcon_core.shell:Creating package script '/home/karch/ws/TFG_Hunter20_ws/install/tfg_pkg/share/tfg_pkg/package.sh'
[0.660s] INFO:colcon.colcon_core.shell:Creating package script '/home/karch/ws/TFG_Hunter20_ws/install/tfg_pkg/share/tfg_pkg/package.bash'
[0.661s] INFO:colcon.colcon_core.shell:Creating package script '/home/karch/ws/TFG_Hunter20_ws/install/tfg_pkg/share/tfg_pkg/package.zsh'
[0.662s] Level 1:colcon.colcon_core.environment:create_file_with_runtime_dependencies(/home/karch/ws/TFG_Hunter20_ws/install/tfg_pkg/share/colcon-core/packages/tfg_pkg)
[0.712s] Level 1:colcon.colcon_core.environment:create_environment_scripts_only(tfg_pkg)
[0.714s] Level 1:colcon.colcon_core.environment:checking '/home/karch/ws/TFG_Hunter20_ws/install/tfg_pkg' for CMake module files
[0.714s] Level 1:colcon.colcon_core.environment:checking '/home/karch/ws/TFG_Hunter20_ws/install/tfg_pkg' for CMake config files
[0.715s] Level 1:colcon.colcon_core.shell:create_environment_hook('tfg_pkg', 'cmake_prefix_path')
[0.716s] INFO:colcon.colcon_core.shell:Creating environment hook '/home/karch/ws/TFG_Hunter20_ws/install/tfg_pkg/share/tfg_pkg/hook/cmake_prefix_path.ps1'
[0.717s] INFO:colcon.colcon_core.shell:Creating environment descriptor '/home/karch/ws/TFG_Hunter20_ws/install/tfg_pkg/share/tfg_pkg/hook/cmake_prefix_path.dsv'
[0.717s] INFO:colcon.colcon_core.shell:Creating environment hook '/home/karch/ws/TFG_Hunter20_ws/install/tfg_pkg/share/tfg_pkg/hook/cmake_prefix_path.sh'
[0.718s] Level 1:colcon.colcon_core.environment:checking '/home/karch/ws/TFG_Hunter20_ws/install/tfg_pkg/lib'
[0.718s] Level 1:colcon.colcon_core.environment:checking '/home/karch/ws/TFG_Hunter20_ws/install/tfg_pkg/bin'
[0.718s] Level 1:colcon.colcon_core.environment:checking '/home/karch/ws/TFG_Hunter20_ws/install/tfg_pkg/lib/pkgconfig/tfg_pkg.pc'
[0.719s] Level 1:colcon.colcon_core.environment:checking '/home/karch/ws/TFG_Hunter20_ws/install/tfg_pkg/lib/python3.10/site-packages'
[0.719s] Level 1:colcon.colcon_core.environment:checking '/home/karch/ws/TFG_Hunter20_ws/install/tfg_pkg/bin'
[0.720s] INFO:colcon.colcon_core.shell:Creating package script '/home/karch/ws/TFG_Hunter20_ws/install/tfg_pkg/share/tfg_pkg/package.ps1'
[0.721s] INFO:colcon.colcon_core.shell:Creating package descriptor '/home/karch/ws/TFG_Hunter20_ws/install/tfg_pkg/share/tfg_pkg/package.dsv'
[0.722s] INFO:colcon.colcon_core.shell:Creating package script '/home/karch/ws/TFG_Hunter20_ws/install/tfg_pkg/share/tfg_pkg/package.sh'
[0.722s] INFO:colcon.colcon_core.shell:Creating package script '/home/karch/ws/TFG_Hunter20_ws/install/tfg_pkg/share/tfg_pkg/package.bash'
[0.723s] INFO:colcon.colcon_core.shell:Creating package script '/home/karch/ws/TFG_Hunter20_ws/install/tfg_pkg/share/tfg_pkg/package.zsh'
[0.724s] Level 1:colcon.colcon_core.environment:create_file_with_runtime_dependencies(/home/karch/ws/TFG_Hunter20_ws/install/tfg_pkg/share/colcon-core/packages/tfg_pkg)
[0.751s] DEBUG:colcon.colcon_core.event_handler.log_command:Invoking command in '/home/karch/ws/TFG_Hunter20_ws/build/urg_c': CMAKE_PREFIX_PATH=/home/karch/ws/hokuyo_ws/install/urg_node:/home/karch/ws/hokuyo_ws/install/urg_node_msgs:/home/karch/ws/hokuyo_ws/install/urg_c:/home/karch/ws/hokuyo_ws/install/tfg_pkg:/home/karch/ws/hokuyo_ws/install/robot_status_publisher:/home/karch/ws/hokuyo_ws/install/keyboard_control:/home/karch/ws/hokuyo_ws/install/coppelia_ros2_pkg:/home/karch/ws/hunter20_ws/install/hunter_base:/opt/ros/humble:/home/karch/ws/hunter20_ws/install/ugv_sdk:/home/karch/ws/hunter20_ws/install/hunter_msgs:/home/karch/ws/dev_ws/install/first_pkg /usr/bin/cmake --install /home/karch/ws/TFG_Hunter20_ws/build/urg_c
[0.781s] Level 1:colcon.colcon_core.environment:create_environment_scripts_only(urg_c)
[0.782s] Level 1:colcon.colcon_core.environment:checking '/home/karch/ws/TFG_Hunter20_ws/install/urg_c' for CMake module files
[0.783s] DEBUG:colcon.colcon_core.event_handler.log_command:Invoked command in '/home/karch/ws/TFG_Hunter20_ws/build/urg_c' returned '0': CMAKE_PREFIX_PATH=/home/karch/ws/hokuyo_ws/install/urg_node:/home/karch/ws/hokuyo_ws/install/urg_node_msgs:/home/karch/ws/hokuyo_ws/install/urg_c:/home/karch/ws/hokuyo_ws/install/tfg_pkg:/home/karch/ws/hokuyo_ws/install/robot_status_publisher:/home/karch/ws/hokuyo_ws/install/keyboard_control:/home/karch/ws/hokuyo_ws/install/coppelia_ros2_pkg:/home/karch/ws/hunter20_ws/install/hunter_base:/opt/ros/humble:/home/karch/ws/hunter20_ws/install/ugv_sdk:/home/karch/ws/hunter20_ws/install/hunter_msgs:/home/karch/ws/dev_ws/install/first_pkg /usr/bin/cmake --install /home/karch/ws/TFG_Hunter20_ws/build/urg_c
[0.783s] Level 1:colcon.colcon_core.environment:checking '/home/karch/ws/TFG_Hunter20_ws/install/urg_c' for CMake config files
[0.783s] Level 1:colcon.colcon_core.shell:create_environment_hook('urg_c', 'cmake_prefix_path')
[0.784s] INFO:colcon.colcon_core.shell:Creating environment hook '/home/karch/ws/TFG_Hunter20_ws/install/urg_c/share/urg_c/hook/cmake_prefix_path.ps1'
[0.785s] INFO:colcon.colcon_core.shell:Creating environment descriptor '/home/karch/ws/TFG_Hunter20_ws/install/urg_c/share/urg_c/hook/cmake_prefix_path.dsv'
[0.785s] INFO:colcon.colcon_core.shell:Creating environment hook '/home/karch/ws/TFG_Hunter20_ws/install/urg_c/share/urg_c/hook/cmake_prefix_path.sh'
[0.787s] Level 1:colcon.colcon_core.environment:checking '/home/karch/ws/TFG_Hunter20_ws/install/urg_c/lib'
[0.787s] Level 1:colcon.colcon_core.shell:create_environment_hook('urg_c', 'ld_library_path_lib')
[0.789s] INFO:colcon.colcon_core.shell:Creating environment hook '/home/karch/ws/TFG_Hunter20_ws/install/urg_c/share/urg_c/hook/ld_library_path_lib.ps1'
[0.790s] INFO:colcon.colcon_core.shell:Creating environment descriptor '/home/karch/ws/TFG_Hunter20_ws/install/urg_c/share/urg_c/hook/ld_library_path_lib.dsv'
[0.790s] INFO:colcon.colcon_core.shell:Creating environment hook '/home/karch/ws/TFG_Hunter20_ws/install/urg_c/share/urg_c/hook/ld_library_path_lib.sh'
[0.791s] Level 1:colcon.colcon_core.environment:checking '/home/karch/ws/TFG_Hunter20_ws/install/urg_c/bin'
[0.791s] Level 1:colcon.colcon_core.shell:create_environment_hook('urg_c', 'path')
[0.792s] INFO:colcon.colcon_core.shell:Creating environment hook '/home/karch/ws/TFG_Hunter20_ws/install/urg_c/share/urg_c/hook/path.ps1'
[0.792s] INFO:colcon.colcon_core.shell:Creating environment descriptor '/home/karch/ws/TFG_Hunter20_ws/install/urg_c/share/urg_c/hook/path.dsv'
[0.793s] INFO:colcon.colcon_core.shell:Creating environment hook '/home/karch/ws/TFG_Hunter20_ws/install/urg_c/share/urg_c/hook/path.sh'
[0.793s] Level 1:colcon.colcon_core.environment:checking '/home/karch/ws/TFG_Hunter20_ws/install/urg_c/lib/pkgconfig/urg_c.pc'
[0.793s] Level 1:colcon.colcon_core.environment:checking '/home/karch/ws/TFG_Hunter20_ws/install/urg_c/lib/python3.10/site-packages'
[0.793s] Level 1:colcon.colcon_core.environment:checking '/home/karch/ws/TFG_Hunter20_ws/install/urg_c/bin'
[0.793s] Level 1:colcon.colcon_core.shell:create_environment_hook('urg_c', 'pythonscriptspath')
[0.794s] INFO:colcon.colcon_core.shell:Creating environment hook '/home/karch/ws/TFG_Hunter20_ws/install/urg_c/share/urg_c/hook/pythonscriptspath.ps1'
[0.795s] INFO:colcon.colcon_core.shell:Creating environment descriptor '/home/karch/ws/TFG_Hunter20_ws/install/urg_c/share/urg_c/hook/pythonscriptspath.dsv'
[0.795s] INFO:colcon.colcon_core.shell:Creating environment hook '/home/karch/ws/TFG_Hunter20_ws/install/urg_c/share/urg_c/hook/pythonscriptspath.sh'
[0.797s] INFO:colcon.colcon_core.shell:Creating package script '/home/karch/ws/TFG_Hunter20_ws/install/urg_c/share/urg_c/package.ps1'
[0.797s] INFO:colcon.colcon_core.shell:Creating package descriptor '/home/karch/ws/TFG_Hunter20_ws/install/urg_c/share/urg_c/package.dsv'
[0.798s] INFO:colcon.colcon_core.shell:Creating package script '/home/karch/ws/TFG_Hunter20_ws/install/urg_c/share/urg_c/package.sh'
[0.798s] INFO:colcon.colcon_core.shell:Creating package script '/home/karch/ws/TFG_Hunter20_ws/install/urg_c/share/urg_c/package.bash'
[0.798s] INFO:colcon.colcon_core.shell:Creating package script '/home/karch/ws/TFG_Hunter20_ws/install/urg_c/share/urg_c/package.zsh'
[0.799s] Level 1:colcon.colcon_core.environment:create_file_with_runtime_dependencies(/home/karch/ws/TFG_Hunter20_ws/install/urg_c/share/colcon-core/packages/urg_c)
[0.827s] DEBUG:colcon.colcon_core.event_handler.log_command:Invoked command in '/home/karch/ws/TFG_Hunter20_ws/build/urg_node_msgs' returned '0': CMAKE_PREFIX_PATH=/home/karch/ws/hokuyo_ws/install/urg_node:/home/karch/ws/hokuyo_ws/install/urg_node_msgs:/home/karch/ws/hokuyo_ws/install/urg_c:/home/karch/ws/hokuyo_ws/install/tfg_pkg:/home/karch/ws/hokuyo_ws/install/robot_status_publisher:/home/karch/ws/hokuyo_ws/install/keyboard_control:/home/karch/ws/hokuyo_ws/install/coppelia_ros2_pkg:/home/karch/ws/hunter20_ws/install/hunter_base:/opt/ros/humble:/home/karch/ws/hunter20_ws/install/ugv_sdk:/home/karch/ws/hunter20_ws/install/hunter_msgs:/home/karch/ws/dev_ws/install/first_pkg /usr/bin/cmake --build /home/karch/ws/TFG_Hunter20_ws/build/urg_node_msgs -- -j16 -l16
[0.916s] DEBUG:colcon.colcon_core.event_handler.log_command:Invoking command in '/home/karch/ws/TFG_Hunter20_ws/build/urg_node_msgs': CMAKE_PREFIX_PATH=/home/karch/ws/hokuyo_ws/install/urg_node:/home/karch/ws/hokuyo_ws/install/urg_node_msgs:/home/karch/ws/hokuyo_ws/install/urg_c:/home/karch/ws/hokuyo_ws/install/tfg_pkg:/home/karch/ws/hokuyo_ws/install/robot_status_publisher:/home/karch/ws/hokuyo_ws/install/keyboard_control:/home/karch/ws/hokuyo_ws/install/coppelia_ros2_pkg:/home/karch/ws/hunter20_ws/install/hunter_base:/opt/ros/humble:/home/karch/ws/hunter20_ws/install/ugv_sdk:/home/karch/ws/hunter20_ws/install/hunter_msgs:/home/karch/ws/dev_ws/install/first_pkg /usr/bin/cmake --install /home/karch/ws/TFG_Hunter20_ws/build/urg_node_msgs
[0.928s] Level 1:colcon.colcon_core.environment:create_environment_scripts_only(urg_c)
[0.930s] Level 1:colcon.colcon_core.environment:checking '/home/karch/ws/TFG_Hunter20_ws/install/urg_c' for CMake module files
[0.932s] Level 1:colcon.colcon_core.environment:checking '/home/karch/ws/TFG_Hunter20_ws/install/urg_c' for CMake config files
[0.932s] Level 1:colcon.colcon_core.shell:create_environment_hook('urg_c', 'cmake_prefix_path')
[0.934s] INFO:colcon.colcon_core.shell:Creating environment hook '/home/karch/ws/TFG_Hunter20_ws/install/urg_c/share/urg_c/hook/cmake_prefix_path.ps1'
[0.935s] INFO:colcon.colcon_core.shell:Creating environment descriptor '/home/karch/ws/TFG_Hunter20_ws/install/urg_c/share/urg_c/hook/cmake_prefix_path.dsv'
[0.936s] INFO:colcon.colcon_core.shell:Creating environment hook '/home/karch/ws/TFG_Hunter20_ws/install/urg_c/share/urg_c/hook/cmake_prefix_path.sh'
[0.937s] Level 1:colcon.colcon_core.environment:checking '/home/karch/ws/TFG_Hunter20_ws/install/urg_c/lib'
[0.937s] Level 1:colcon.colcon_core.shell:create_environment_hook('urg_c', 'ld_library_path_lib')
[0.939s] INFO:colcon.colcon_core.shell:Creating environment hook '/home/karch/ws/TFG_Hunter20_ws/install/urg_c/share/urg_c/hook/ld_library_path_lib.ps1'
[0.939s] INFO:colcon.colcon_core.shell:Creating environment descriptor '/home/karch/ws/TFG_Hunter20_ws/install/urg_c/share/urg_c/hook/ld_library_path_lib.dsv'
[0.939s] INFO:colcon.colcon_core.shell:Creating environment hook '/home/karch/ws/TFG_Hunter20_ws/install/urg_c/share/urg_c/hook/ld_library_path_lib.sh'
[0.940s] Level 1:colcon.colcon_core.environment:checking '/home/karch/ws/TFG_Hunter20_ws/install/urg_c/bin'
[0.940s] Level 1:colcon.colcon_core.shell:create_environment_hook('urg_c', 'path')
[0.941s] INFO:colcon.colcon_core.shell:Creating environment hook '/home/karch/ws/TFG_Hunter20_ws/install/urg_c/share/urg_c/hook/path.ps1'
[0.942s] INFO:colcon.colcon_core.shell:Creating environment descriptor '/home/karch/ws/TFG_Hunter20_ws/install/urg_c/share/urg_c/hook/path.dsv'
[0.942s] INFO:colcon.colcon_core.shell:Creating environment hook '/home/karch/ws/TFG_Hunter20_ws/install/urg_c/share/urg_c/hook/path.sh'
[0.942s] Level 1:colcon.colcon_core.environment:checking '/home/karch/ws/TFG_Hunter20_ws/install/urg_c/lib/pkgconfig/urg_c.pc'
[0.942s] Level 1:colcon.colcon_core.environment:checking '/home/karch/ws/TFG_Hunter20_ws/install/urg_c/lib/python3.10/site-packages'
[0.942s] Level 1:colcon.colcon_core.environment:checking '/home/karch/ws/TFG_Hunter20_ws/install/urg_c/bin'
[0.942s] Level 1:colcon.colcon_core.shell:create_environment_hook('urg_c', 'pythonscriptspath')
[0.943s] INFO:colcon.colcon_core.shell:Creating environment hook '/home/karch/ws/TFG_Hunter20_ws/install/urg_c/share/urg_c/hook/pythonscriptspath.ps1'
[0.944s] INFO:colcon.colcon_core.shell:Creating environment descriptor '/home/karch/ws/TFG_Hunter20_ws/install/urg_c/share/urg_c/hook/pythonscriptspath.dsv'
[0.944s] INFO:colcon.colcon_core.shell:Creating environment hook '/home/karch/ws/TFG_Hunter20_ws/install/urg_c/share/urg_c/hook/pythonscriptspath.sh'
[0.945s] INFO:colcon.colcon_core.shell:Creating package script '/home/karch/ws/TFG_Hunter20_ws/install/urg_c/share/urg_c/package.ps1'
[0.946s] INFO:colcon.colcon_core.shell:Creating package descriptor '/home/karch/ws/TFG_Hunter20_ws/install/urg_c/share/urg_c/package.dsv'
[0.946s] INFO:colcon.colcon_core.shell:Creating package script '/home/karch/ws/TFG_Hunter20_ws/install/urg_c/share/urg_c/package.sh'
[0.946s] INFO:colcon.colcon_core.shell:Creating package script '/home/karch/ws/TFG_Hunter20_ws/install/urg_c/share/urg_c/package.bash'
[0.947s] INFO:colcon.colcon_core.shell:Creating package script '/home/karch/ws/TFG_Hunter20_ws/install/urg_c/share/urg_c/package.zsh'
[0.948s] Level 1:colcon.colcon_core.environment:create_file_with_runtime_dependencies(/home/karch/ws/TFG_Hunter20_ws/install/urg_c/share/colcon-core/packages/urg_c)
[0.990s] Level 1:colcon.colcon_core.environment:create_environment_scripts_only(urg_node_msgs)
[0.993s] Level 1:colcon.colcon_core.environment:checking '/home/karch/ws/TFG_Hunter20_ws/install/urg_node_msgs' for CMake module files
[0.993s] DEBUG:colcon.colcon_core.event_handler.log_command:Invoked command in '/home/karch/ws/TFG_Hunter20_ws/build/urg_node_msgs' returned '0': CMAKE_PREFIX_PATH=/home/karch/ws/hokuyo_ws/install/urg_node:/home/karch/ws/hokuyo_ws/install/urg_node_msgs:/home/karch/ws/hokuyo_ws/install/urg_c:/home/karch/ws/hokuyo_ws/install/tfg_pkg:/home/karch/ws/hokuyo_ws/install/robot_status_publisher:/home/karch/ws/hokuyo_ws/install/keyboard_control:/home/karch/ws/hokuyo_ws/install/coppelia_ros2_pkg:/home/karch/ws/hunter20_ws/install/hunter_base:/opt/ros/humble:/home/karch/ws/hunter20_ws/install/ugv_sdk:/home/karch/ws/hunter20_ws/install/hunter_msgs:/home/karch/ws/dev_ws/install/first_pkg /usr/bin/cmake --install /home/karch/ws/TFG_Hunter20_ws/build/urg_node_msgs
[0.994s] Level 1:colcon.colcon_core.environment:checking '/home/karch/ws/TFG_Hunter20_ws/install/urg_node_msgs' for CMake config files
[0.994s] Level 1:colcon.colcon_core.shell:create_environment_hook('urg_node_msgs', 'cmake_prefix_path')
[0.995s] INFO:colcon.colcon_core.shell:Creating environment hook '/home/karch/ws/TFG_Hunter20_ws/install/urg_node_msgs/share/urg_node_msgs/hook/cmake_prefix_path.ps1'
[0.995s] INFO:colcon.colcon_core.shell:Creating environment descriptor '/home/karch/ws/TFG_Hunter20_ws/install/urg_node_msgs/share/urg_node_msgs/hook/cmake_prefix_path.dsv'
[0.996s] INFO:colcon.colcon_core.shell:Creating environment hook '/home/karch/ws/TFG_Hunter20_ws/install/urg_node_msgs/share/urg_node_msgs/hook/cmake_prefix_path.sh'
[0.996s] Level 1:colcon.colcon_core.environment:checking '/home/karch/ws/TFG_Hunter20_ws/install/urg_node_msgs/lib'
[0.996s] Level 1:colcon.colcon_core.shell:create_environment_hook('urg_node_msgs', 'ld_library_path_lib')
[0.997s] INFO:colcon.colcon_core.shell:Creating environment hook '/home/karch/ws/TFG_Hunter20_ws/install/urg_node_msgs/share/urg_node_msgs/hook/ld_library_path_lib.ps1'
[0.998s] INFO:colcon.colcon_core.shell:Creating environment descriptor '/home/karch/ws/TFG_Hunter20_ws/install/urg_node_msgs/share/urg_node_msgs/hook/ld_library_path_lib.dsv'
[0.998s] INFO:colcon.colcon_core.shell:Creating environment hook '/home/karch/ws/TFG_Hunter20_ws/install/urg_node_msgs/share/urg_node_msgs/hook/ld_library_path_lib.sh'
[0.998s] Level 1:colcon.colcon_core.environment:checking '/home/karch/ws/TFG_Hunter20_ws/install/urg_node_msgs/bin'
[0.998s] Level 1:colcon.colcon_core.environment:checking '/home/karch/ws/TFG_Hunter20_ws/install/urg_node_msgs/lib/pkgconfig/urg_node_msgs.pc'
[0.999s] Level 1:colcon.colcon_core.environment:checking '/home/karch/ws/TFG_Hunter20_ws/install/urg_node_msgs/lib/python3.10/site-packages'
[0.999s] Level 1:colcon.colcon_core.environment:checking '/home/karch/ws/TFG_Hunter20_ws/install/urg_node_msgs/bin'
[1.000s] INFO:colcon.colcon_core.shell:Creating package script '/home/karch/ws/TFG_Hunter20_ws/install/urg_node_msgs/share/urg_node_msgs/package.ps1'
[1.000s] INFO:colcon.colcon_core.shell:Creating package descriptor '/home/karch/ws/TFG_Hunter20_ws/install/urg_node_msgs/share/urg_node_msgs/package.dsv'
[1.000s] INFO:colcon.colcon_core.shell:Creating package script '/home/karch/ws/TFG_Hunter20_ws/install/urg_node_msgs/share/urg_node_msgs/package.sh'
[1.001s] INFO:colcon.colcon_core.shell:Creating package script '/home/karch/ws/TFG_Hunter20_ws/install/urg_node_msgs/share/urg_node_msgs/package.bash'
[1.001s] INFO:colcon.colcon_core.shell:Creating package script '/home/karch/ws/TFG_Hunter20_ws/install/urg_node_msgs/share/urg_node_msgs/package.zsh'
[1.001s] Level 1:colcon.colcon_core.environment:create_file_with_runtime_dependencies(/home/karch/ws/TFG_Hunter20_ws/install/urg_node_msgs/share/colcon-core/packages/urg_node_msgs)
[1.092s] Level 1:colcon.colcon_core.environment:create_environment_scripts_only(urg_node_msgs)
[1.095s] Level 1:colcon.colcon_core.environment:checking '/home/karch/ws/TFG_Hunter20_ws/install/urg_node_msgs' for CMake module files
[1.097s] Level 1:colcon.colcon_core.environment:checking '/home/karch/ws/TFG_Hunter20_ws/install/urg_node_msgs' for CMake config files
[1.098s] Level 1:colcon.colcon_core.shell:create_environment_hook('urg_node_msgs', 'cmake_prefix_path')
[1.100s] INFO:colcon.colcon_core.shell:Creating environment hook '/home/karch/ws/TFG_Hunter20_ws/install/urg_node_msgs/share/urg_node_msgs/hook/cmake_prefix_path.ps1'
[1.100s] INFO:colcon.colcon_core.shell:Creating environment descriptor '/home/karch/ws/TFG_Hunter20_ws/install/urg_node_msgs/share/urg_node_msgs/hook/cmake_prefix_path.dsv'
[1.101s] INFO:colcon.colcon_core.shell:Creating environment hook '/home/karch/ws/TFG_Hunter20_ws/install/urg_node_msgs/share/urg_node_msgs/hook/cmake_prefix_path.sh'
[1.102s] Level 1:colcon.colcon_core.environment:checking '/home/karch/ws/TFG_Hunter20_ws/install/urg_node_msgs/lib'
[1.102s] Level 1:colcon.colcon_core.shell:create_environment_hook('urg_node_msgs', 'ld_library_path_lib')
[1.104s] INFO:colcon.colcon_core.shell:Creating environment hook '/home/karch/ws/TFG_Hunter20_ws/install/urg_node_msgs/share/urg_node_msgs/hook/ld_library_path_lib.ps1'
[1.105s] INFO:colcon.colcon_core.shell:Creating environment descriptor '/home/karch/ws/TFG_Hunter20_ws/install/urg_node_msgs/share/urg_node_msgs/hook/ld_library_path_lib.dsv'
[1.105s] INFO:colcon.colcon_core.shell:Creating environment hook '/home/karch/ws/TFG_Hunter20_ws/install/urg_node_msgs/share/urg_node_msgs/hook/ld_library_path_lib.sh'
[1.105s] Level 1:colcon.colcon_core.environment:checking '/home/karch/ws/TFG_Hunter20_ws/install/urg_node_msgs/bin'
[1.106s] Level 1:colcon.colcon_core.environment:checking '/home/karch/ws/TFG_Hunter20_ws/install/urg_node_msgs/lib/pkgconfig/urg_node_msgs.pc'
[1.106s] Level 1:colcon.colcon_core.environment:checking '/home/karch/ws/TFG_Hunter20_ws/install/urg_node_msgs/lib/python3.10/site-packages'
[1.106s] Level 1:colcon.colcon_core.environment:checking '/home/karch/ws/TFG_Hunter20_ws/install/urg_node_msgs/bin'
[1.107s] INFO:colcon.colcon_core.shell:Creating package script '/home/karch/ws/TFG_Hunter20_ws/install/urg_node_msgs/share/urg_node_msgs/package.ps1'
[1.108s] INFO:colcon.colcon_core.shell:Creating package descriptor '/home/karch/ws/TFG_Hunter20_ws/install/urg_node_msgs/share/urg_node_msgs/package.dsv'
[1.108s] INFO:colcon.colcon_core.shell:Creating package script '/home/karch/ws/TFG_Hunter20_ws/install/urg_node_msgs/share/urg_node_msgs/package.sh'
[1.109s] INFO:colcon.colcon_core.shell:Creating package script '/home/karch/ws/TFG_Hunter20_ws/install/urg_node_msgs/share/urg_node_msgs/package.bash'
[1.109s] INFO:colcon.colcon_core.shell:Creating package script '/home/karch/ws/TFG_Hunter20_ws/install/urg_node_msgs/share/urg_node_msgs/package.zsh'
[1.110s] Level 1:colcon.colcon_core.environment:create_file_with_runtime_dependencies(/home/karch/ws/TFG_Hunter20_ws/install/urg_node_msgs/share/colcon-core/packages/urg_node_msgs)
[1.110s] INFO:colcon.colcon_ros.task.ament_cmake.build:Building ROS package in '/home/karch/ws/TFG_Hunter20_ws/src/urg_node' with build type 'ament_cmake'
[1.110s] INFO:colcon.colcon_cmake.task.cmake.build:Building CMake package in '/home/karch/ws/TFG_Hunter20_ws/src/urg_node'
[1.111s] INFO:colcon.colcon_core.shell:Skip shell extension 'powershell' for command environment: Not usable outside of PowerShell
[1.111s] DEBUG:colcon.colcon_core.shell:Skip shell extension 'dsv' for command environment
[1.133s] DEBUG:colcon.colcon_core.event_handler.log_command:Invoking command in '/home/karch/ws/TFG_Hunter20_ws/build/urg_node': AMENT_PREFIX_PATH=/home/karch/ws/TFG_Hunter20_ws/install/urg_node_msgs:/home/karch/ws/TFG_Hunter20_ws/install/urg_c:${AMENT_PREFIX_PATH} CMAKE_PREFIX_PATH=/home/karch/ws/TFG_Hunter20_ws/install/urg_node_msgs:/home/karch/ws/TFG_Hunter20_ws/install/urg_c:/home/karch/ws/hokuyo_ws/install/urg_node:/home/karch/ws/hokuyo_ws/install/urg_node_msgs:/home/karch/ws/hokuyo_ws/install/urg_c:/home/karch/ws/hokuyo_ws/install/tfg_pkg:/home/karch/ws/hokuyo_ws/install/robot_status_publisher:/home/karch/ws/hokuyo_ws/install/keyboard_control:/home/karch/ws/hokuyo_ws/install/coppelia_ros2_pkg:/home/karch/ws/hunter20_ws/install/hunter_base:/opt/ros/humble:/home/karch/ws/hunter20_ws/install/ugv_sdk:/home/karch/ws/hunter20_ws/install/hunter_msgs:/home/karch/ws/dev_ws/install/first_pkg LD_LIBRARY_PATH=/home/karch/ws/TFG_Hunter20_ws/install/urg_node_msgs/lib:/home/karch/ws/TFG_Hunter20_ws/install/urg_c/lib:${LD_LIBRARY_PATH} PATH=/home/karch/ws/TFG_Hunter20_ws/install/urg_c/bin:${PATH} PYTHONPATH=/home/karch/ws/TFG_Hunter20_ws/install/urg_node_msgs/local/lib/python3.10/dist-packages:${PYTHONPATH} /usr/bin/cmake --build /home/karch/ws/TFG_Hunter20_ws/build/urg_node -- -j16 -l16
[1.257s] DEBUG:colcon.colcon_core.event_handler.log_command:Invoked command in '/home/karch/ws/TFG_Hunter20_ws/build/urg_node' returned '0': AMENT_PREFIX_PATH=/home/karch/ws/TFG_Hunter20_ws/install/urg_node_msgs:/home/karch/ws/TFG_Hunter20_ws/install/urg_c:${AMENT_PREFIX_PATH} CMAKE_PREFIX_PATH=/home/karch/ws/TFG_Hunter20_ws/install/urg_node_msgs:/home/karch/ws/TFG_Hunter20_ws/install/urg_c:/home/karch/ws/hokuyo_ws/install/urg_node:/home/karch/ws/hokuyo_ws/install/urg_node_msgs:/home/karch/ws/hokuyo_ws/install/urg_c:/home/karch/ws/hokuyo_ws/install/tfg_pkg:/home/karch/ws/hokuyo_ws/install/robot_status_publisher:/home/karch/ws/hokuyo_ws/install/keyboard_control:/home/karch/ws/hokuyo_ws/install/coppelia_ros2_pkg:/home/karch/ws/hunter20_ws/install/hunter_base:/opt/ros/humble:/home/karch/ws/hunter20_ws/install/ugv_sdk:/home/karch/ws/hunter20_ws/install/hunter_msgs:/home/karch/ws/dev_ws/install/first_pkg LD_LIBRARY_PATH=/home/karch/ws/TFG_Hunter20_ws/install/urg_node_msgs/lib:/home/karch/ws/TFG_Hunter20_ws/install/urg_c/lib:${LD_LIBRARY_PATH} PATH=/home/karch/ws/TFG_Hunter20_ws/install/urg_c/bin:${PATH} PYTHONPATH=/home/karch/ws/TFG_Hunter20_ws/install/urg_node_msgs/local/lib/python3.10/dist-packages:${PYTHONPATH} /usr/bin/cmake --build /home/karch/ws/TFG_Hunter20_ws/build/urg_node -- -j16 -l16
[1.310s] DEBUG:colcon.colcon_core.event_handler.log_command:Invoking command in '/home/karch/ws/TFG_Hunter20_ws/build/urg_node': AMENT_PREFIX_PATH=/home/karch/ws/TFG_Hunter20_ws/install/urg_node_msgs:/home/karch/ws/TFG_Hunter20_ws/install/urg_c:${AMENT_PREFIX_PATH} CMAKE_PREFIX_PATH=/home/karch/ws/TFG_Hunter20_ws/install/urg_node_msgs:/home/karch/ws/TFG_Hunter20_ws/install/urg_c:/home/karch/ws/hokuyo_ws/install/urg_node:/home/karch/ws/hokuyo_ws/install/urg_node_msgs:/home/karch/ws/hokuyo_ws/install/urg_c:/home/karch/ws/hokuyo_ws/install/tfg_pkg:/home/karch/ws/hokuyo_ws/install/robot_status_publisher:/home/karch/ws/hokuyo_ws/install/keyboard_control:/home/karch/ws/hokuyo_ws/install/coppelia_ros2_pkg:/home/karch/ws/hunter20_ws/install/hunter_base:/opt/ros/humble:/home/karch/ws/hunter20_ws/install/ugv_sdk:/home/karch/ws/hunter20_ws/install/hunter_msgs:/home/karch/ws/dev_ws/install/first_pkg LD_LIBRARY_PATH=/home/karch/ws/TFG_Hunter20_ws/install/urg_node_msgs/lib:/home/karch/ws/TFG_Hunter20_ws/install/urg_c/lib:${LD_LIBRARY_PATH} PATH=/home/karch/ws/TFG_Hunter20_ws/install/urg_c/bin:${PATH} PYTHONPATH=/home/karch/ws/TFG_Hunter20_ws/install/urg_node_msgs/local/lib/python3.10/dist-packages:${PYTHONPATH} /usr/bin/cmake --install /home/karch/ws/TFG_Hunter20_ws/build/urg_node
[1.339s] Level 1:colcon.colcon_core.environment:create_environment_scripts_only(urg_node)
[1.342s] Level 1:colcon.colcon_core.environment:checking '/home/karch/ws/TFG_Hunter20_ws/install/urg_node' for CMake module files
[1.343s] DEBUG:colcon.colcon_core.event_handler.log_command:Invoked command in '/home/karch/ws/TFG_Hunter20_ws/build/urg_node' returned '0': AMENT_PREFIX_PATH=/home/karch/ws/TFG_Hunter20_ws/install/urg_node_msgs:/home/karch/ws/TFG_Hunter20_ws/install/urg_c:${AMENT_PREFIX_PATH} CMAKE_PREFIX_PATH=/home/karch/ws/TFG_Hunter20_ws/install/urg_node_msgs:/home/karch/ws/TFG_Hunter20_ws/install/urg_c:/home/karch/ws/hokuyo_ws/install/urg_node:/home/karch/ws/hokuyo_ws/install/urg_node_msgs:/home/karch/ws/hokuyo_ws/install/urg_c:/home/karch/ws/hokuyo_ws/install/tfg_pkg:/home/karch/ws/hokuyo_ws/install/robot_status_publisher:/home/karch/ws/hokuyo_ws/install/keyboard_control:/home/karch/ws/hokuyo_ws/install/coppelia_ros2_pkg:/home/karch/ws/hunter20_ws/install/hunter_base:/opt/ros/humble:/home/karch/ws/hunter20_ws/install/ugv_sdk:/home/karch/ws/hunter20_ws/install/hunter_msgs:/home/karch/ws/dev_ws/install/first_pkg LD_LIBRARY_PATH=/home/karch/ws/TFG_Hunter20_ws/install/urg_node_msgs/lib:/home/karch/ws/TFG_Hunter20_ws/install/urg_c/lib:${LD_LIBRARY_PATH} PATH=/home/karch/ws/TFG_Hunter20_ws/install/urg_c/bin:${PATH} PYTHONPATH=/home/karch/ws/TFG_Hunter20_ws/install/urg_node_msgs/local/lib/python3.10/dist-packages:${PYTHONPATH} /usr/bin/cmake --install /home/karch/ws/TFG_Hunter20_ws/build/urg_node
[1.343s] Level 1:colcon.colcon_core.environment:checking '/home/karch/ws/TFG_Hunter20_ws/install/urg_node' for CMake config files
[1.343s] Level 1:colcon.colcon_core.shell:create_environment_hook('urg_node', 'cmake_prefix_path')
[1.344s] INFO:colcon.colcon_core.shell:Creating environment hook '/home/karch/ws/TFG_Hunter20_ws/install/urg_node/share/urg_node/hook/cmake_prefix_path.ps1'
[1.345s] INFO:colcon.colcon_core.shell:Creating environment descriptor '/home/karch/ws/TFG_Hunter20_ws/install/urg_node/share/urg_node/hook/cmake_prefix_path.dsv'
[1.345s] INFO:colcon.colcon_core.shell:Creating environment hook '/home/karch/ws/TFG_Hunter20_ws/install/urg_node/share/urg_node/hook/cmake_prefix_path.sh'
[1.345s] Level 1:colcon.colcon_core.environment:checking '/home/karch/ws/TFG_Hunter20_ws/install/urg_node/lib'
[1.346s] Level 1:colcon.colcon_core.shell:create_environment_hook('urg_node', 'ld_library_path_lib')
[1.346s] INFO:colcon.colcon_core.shell:Creating environment hook '/home/karch/ws/TFG_Hunter20_ws/install/urg_node/share/urg_node/hook/ld_library_path_lib.ps1'
[1.347s] INFO:colcon.colcon_core.shell:Creating environment descriptor '/home/karch/ws/TFG_Hunter20_ws/install/urg_node/share/urg_node/hook/ld_library_path_lib.dsv'
[1.347s] INFO:colcon.colcon_core.shell:Creating environment hook '/home/karch/ws/TFG_Hunter20_ws/install/urg_node/share/urg_node/hook/ld_library_path_lib.sh'
[1.347s] Level 1:colcon.colcon_core.environment:checking '/home/karch/ws/TFG_Hunter20_ws/install/urg_node/bin'
[1.347s] Level 1:colcon.colcon_core.environment:checking '/home/karch/ws/TFG_Hunter20_ws/install/urg_node/lib/pkgconfig/urg_node.pc'
[1.348s] Level 1:colcon.colcon_core.environment:checking '/home/karch/ws/TFG_Hunter20_ws/install/urg_node/lib/python3.10/site-packages'
[1.348s] Level 1:colcon.colcon_core.environment:checking '/home/karch/ws/TFG_Hunter20_ws/install/urg_node/bin'
[1.349s] INFO:colcon.colcon_core.shell:Creating package script '/home/karch/ws/TFG_Hunter20_ws/install/urg_node/share/urg_node/package.ps1'
[1.349s] INFO:colcon.colcon_core.shell:Creating package descriptor '/home/karch/ws/TFG_Hunter20_ws/install/urg_node/share/urg_node/package.dsv'
[1.350s] INFO:colcon.colcon_core.shell:Creating package script '/home/karch/ws/TFG_Hunter20_ws/install/urg_node/share/urg_node/package.sh'
[1.350s] INFO:colcon.colcon_core.shell:Creating package script '/home/karch/ws/TFG_Hunter20_ws/install/urg_node/share/urg_node/package.bash'
[1.350s] INFO:colcon.colcon_core.shell:Creating package script '/home/karch/ws/TFG_Hunter20_ws/install/urg_node/share/urg_node/package.zsh'
[1.350s] Level 1:colcon.colcon_core.environment:create_file_with_runtime_dependencies(/home/karch/ws/TFG_Hunter20_ws/install/urg_node/share/colcon-core/packages/urg_node)
[1.399s] Level 1:colcon.colcon_core.environment:create_environment_scripts_only(urg_node)
[1.400s] Level 1:colcon.colcon_core.environment:checking '/home/karch/ws/TFG_Hunter20_ws/install/urg_node' for CMake module files
[1.401s] Level 1:colcon.colcon_core.environment:checking '/home/karch/ws/TFG_Hunter20_ws/install/urg_node' for CMake config files
[1.401s] Level 1:colcon.colcon_core.shell:create_environment_hook('urg_node', 'cmake_prefix_path')
[1.402s] INFO:colcon.colcon_core.shell:Creating environment hook '/home/karch/ws/TFG_Hunter20_ws/install/urg_node/share/urg_node/hook/cmake_prefix_path.ps1'
[1.402s] INFO:colcon.colcon_core.shell:Creating environment descriptor '/home/karch/ws/TFG_Hunter20_ws/install/urg_node/share/urg_node/hook/cmake_prefix_path.dsv'
[1.403s] INFO:colcon.colcon_core.shell:Creating environment hook '/home/karch/ws/TFG_Hunter20_ws/install/urg_node/share/urg_node/hook/cmake_prefix_path.sh'
[1.403s] Level 1:colcon.colcon_core.environment:checking '/home/karch/ws/TFG_Hunter20_ws/install/urg_node/lib'
[1.403s] Level 1:colcon.colcon_core.shell:create_environment_hook('urg_node', 'ld_library_path_lib')
[1.405s] INFO:colcon.colcon_core.shell:Creating environment hook '/home/karch/ws/TFG_Hunter20_ws/install/urg_node/share/urg_node/hook/ld_library_path_lib.ps1'
[1.405s] INFO:colcon.colcon_core.shell:Creating environment descriptor '/home/karch/ws/TFG_Hunter20_ws/install/urg_node/share/urg_node/hook/ld_library_path_lib.dsv'
[1.405s] INFO:colcon.colcon_core.shell:Creating environment hook '/home/karch/ws/TFG_Hunter20_ws/install/urg_node/share/urg_node/hook/ld_library_path_lib.sh'
[1.406s] Level 1:colcon.colcon_core.environment:checking '/home/karch/ws/TFG_Hunter20_ws/install/urg_node/bin'
[1.406s] Level 1:colcon.colcon_core.environment:checking '/home/karch/ws/TFG_Hunter20_ws/install/urg_node/lib/pkgconfig/urg_node.pc'
[1.406s] Level 1:colcon.colcon_core.environment:checking '/home/karch/ws/TFG_Hunter20_ws/install/urg_node/lib/python3.10/site-packages'
[1.406s] Level 1:colcon.colcon_core.environment:checking '/home/karch/ws/TFG_Hunter20_ws/install/urg_node/bin'
[1.407s] INFO:colcon.colcon_core.shell:Creating package script '/home/karch/ws/TFG_Hunter20_ws/install/urg_node/share/urg_node/package.ps1'
[1.408s] INFO:colcon.colcon_core.shell:Creating package descriptor '/home/karch/ws/TFG_Hunter20_ws/install/urg_node/share/urg_node/package.dsv'
[1.408s] INFO:colcon.colcon_core.shell:Creating package script '/home/karch/ws/TFG_Hunter20_ws/install/urg_node/share/urg_node/package.sh'
[1.408s] INFO:colcon.colcon_core.shell:Creating package script '/home/karch/ws/TFG_Hunter20_ws/install/urg_node/share/urg_node/package.bash'
[1.409s] INFO:colcon.colcon_core.shell:Creating package script '/home/karch/ws/TFG_Hunter20_ws/install/urg_node/share/urg_node/package.zsh'
[1.409s] Level 1:colcon.colcon_core.environment:create_file_with_runtime_dependencies(/home/karch/ws/TFG_Hunter20_ws/install/urg_node/share/colcon-core/packages/urg_node)
[1.409s] DEBUG:colcon.colcon_parallel_executor.executor.parallel:closing loop
[1.410s] DEBUG:colcon.colcon_parallel_executor.executor.parallel:loop closed
[1.410s] DEBUG:colcon.colcon_parallel_executor.executor.parallel:run_until_complete finished with '0'
[1.410s] DEBUG:colcon.colcon_core.event_reactor:joining thread
[1.415s] INFO:colcon.colcon_core.plugin_system:Skipping extension 'colcon_notification.desktop_notification.terminal_notifier': Not used on non-Darwin systems
[1.415s] INFO:colcon.colcon_core.plugin_system:Skipping extension 'colcon_notification.desktop_notification.win32': Not used on non-Windows systems
[1.415s] INFO:colcon.colcon_notification.desktop_notification:Sending desktop notification using 'notify2'
[1.427s] DEBUG:colcon.colcon_core.event_reactor:joined thread
[1.428s] INFO:colcon.colcon_core.shell:Creating prefix script '/home/karch/ws/TFG_Hunter20_ws/install/local_setup.ps1'
[1.430s] INFO:colcon.colcon_core.shell:Creating prefix util module '/home/karch/ws/TFG_Hunter20_ws/install/_local_setup_util_ps1.py'
[1.431s] INFO:colcon.colcon_core.shell:Creating prefix chain script '/home/karch/ws/TFG_Hunter20_ws/install/setup.ps1'
[1.433s] INFO:colcon.colcon_core.shell:Creating prefix script '/home/karch/ws/TFG_Hunter20_ws/install/local_setup.sh'
[1.433s] INFO:colcon.colcon_core.shell:Creating prefix util module '/home/karch/ws/TFG_Hunter20_ws/install/_local_setup_util_sh.py'
[1.433s] INFO:colcon.colcon_core.shell:Creating prefix chain script '/home/karch/ws/TFG_Hunter20_ws/install/setup.sh'
[1.435s] INFO:colcon.colcon_core.shell:Creating prefix script '/home/karch/ws/TFG_Hunter20_ws/install/local_setup.bash'
[1.436s] INFO:colcon.colcon_core.shell:Creating prefix chain script '/home/karch/ws/TFG_Hunter20_ws/install/setup.bash'
[1.437s] INFO:colcon.colcon_core.shell:Creating prefix script '/home/karch/ws/TFG_Hunter20_ws/install/local_setup.zsh'
[1.438s] INFO:colcon.colcon_core.shell:Creating prefix chain script '/home/karch/ws/TFG_Hunter20_ws/install/setup.zsh'
