[0.030s] Invoking command in '/home/karch/ws/TFG_Hunter20_ws/build/urg_node_msgs': CMAKE_PREFIX_PATH=/home/karch/ws/hokuyo_ws/install/urg_node:/home/karch/ws/hokuyo_ws/install/urg_node_msgs:/home/karch/ws/hokuyo_ws/install/urg_c:/home/karch/ws/hokuyo_ws/install/tfg_pkg:/home/karch/ws/hokuyo_ws/install/robot_status_publisher:/home/karch/ws/hokuyo_ws/install/keyboard_control:/home/karch/ws/hokuyo_ws/install/coppelia_ros2_pkg:/home/karch/ws/hunter20_ws/install/hunter_base:/opt/ros/humble:/home/karch/ws/hunter20_ws/install/ugv_sdk:/home/karch/ws/hunter20_ws/install/hunter_msgs:/home/karch/ws/dev_ws/install/first_pkg /usr/bin/cmake --build /home/karch/ws/TFG_Hunter20_ws/build/urg_node_msgs -- -j16 -l16
[0.088s] [35m[1mConsolidate compiler generated dependencies of target urg_node_msgs__rosidl_generator_c[0m
[0.107s] [  3%] Built target urg_node_msgs__cpp
[0.113s] [ 12%] Built target urg_node_msgs__rosidl_generator_c
[0.124s] [ 12%] Built target ament_cmake_python_symlink_urg_node_msgs
[0.127s] [35m[1mConsolidate compiler generated dependencies of target urg_node_msgs__rosidl_typesupport_fastrtps_cpp[0m
[0.127s] [35m[1mConsolidate compiler generated dependencies of target urg_node_msgs__rosidl_typesupport_cpp[0m
[0.127s] [35m[1mConsolidate compiler generated dependencies of target urg_node_msgs__rosidl_typesupport_introspection_cpp[0m
[0.132s] [35m[1mConsolidate compiler generated dependencies of target urg_node_msgs__rosidl_typesupport_fastrtps_c[0m
[0.136s] [35m[1mConsolidate compiler generated dependencies of target urg_node_msgs__rosidl_typesupport_c[0m
[0.136s] [35m[1mConsolidate compiler generated dependencies of target urg_node_msgs__rosidl_typesupport_introspection_c[0m
[0.151s] [ 41%] Built target urg_node_msgs__rosidl_typesupport_cpp
[0.152s] [ 41%] Built target urg_node_msgs__rosidl_typesupport_introspection_cpp
[0.152s] [ 41%] Built target urg_node_msgs__rosidl_typesupport_fastrtps_cpp
[0.160s] [ 58%] Built target urg_node_msgs__rosidl_typesupport_fastrtps_c
[0.160s] [ 61%] Built target urg_node_msgs__rosidl_typesupport_c
[0.161s] [ 70%] Built target urg_node_msgs__rosidl_typesupport_introspection_c
[0.219s] [ 70%] Built target urg_node_msgs
[0.256s] [ 74%] Built target urg_node_msgs__py
[0.273s] [35m[1mConsolidate compiler generated dependencies of target urg_node_msgs__rosidl_generator_py[0m
[0.297s] [ 80%] Built target urg_node_msgs__rosidl_generator_py
[0.314s] [35m[1mConsolidate compiler generated dependencies of target urg_node_msgs__rosidl_typesupport_fastrtps_c__pyext[0m
[0.314s] [35m[1mConsolidate compiler generated dependencies of target urg_node_msgs__rosidl_typesupport_introspection_c__pyext[0m
[0.317s] [35m[1mConsolidate compiler generated dependencies of target urg_node_msgs__rosidl_typesupport_c__pyext[0m
[0.337s] [ 93%] Built target urg_node_msgs__rosidl_typesupport_introspection_c__pyext
[0.337s] [ 93%] Built target urg_node_msgs__rosidl_typesupport_fastrtps_c__pyext
[0.340s] [100%] Built target urg_node_msgs__rosidl_typesupport_c__pyext
[0.444s] running egg_info
[0.446s] writing urg_node_msgs.egg-info/PKG-INFO
[0.446s] writing dependency_links to urg_node_msgs.egg-info/dependency_links.txt
[0.446s] writing top-level names to urg_node_msgs.egg-info/top_level.txt
[0.450s] reading manifest file 'urg_node_msgs.egg-info/SOURCES.txt'
[0.451s] writing manifest file 'urg_node_msgs.egg-info/SOURCES.txt'
[0.531s] [100%] Built target ament_cmake_python_build_urg_node_msgs_egg
[0.551s] Invoked command in '/home/karch/ws/TFG_Hunter20_ws/build/urg_node_msgs' returned '0': CMAKE_PREFIX_PATH=/home/karch/ws/hokuyo_ws/install/urg_node:/home/karch/ws/hokuyo_ws/install/urg_node_msgs:/home/karch/ws/hokuyo_ws/install/urg_c:/home/karch/ws/hokuyo_ws/install/tfg_pkg:/home/karch/ws/hokuyo_ws/install/robot_status_publisher:/home/karch/ws/hokuyo_ws/install/keyboard_control:/home/karch/ws/hokuyo_ws/install/coppelia_ros2_pkg:/home/karch/ws/hunter20_ws/install/hunter_base:/opt/ros/humble:/home/karch/ws/hunter20_ws/install/ugv_sdk:/home/karch/ws/hunter20_ws/install/hunter_msgs:/home/karch/ws/dev_ws/install/first_pkg /usr/bin/cmake --build /home/karch/ws/TFG_Hunter20_ws/build/urg_node_msgs -- -j16 -l16
[0.654s] Invoking command in '/home/karch/ws/TFG_Hunter20_ws/build/urg_node_msgs': CMAKE_PREFIX_PATH=/home/karch/ws/hokuyo_ws/install/urg_node:/home/karch/ws/hokuyo_ws/install/urg_node_msgs:/home/karch/ws/hokuyo_ws/install/urg_c:/home/karch/ws/hokuyo_ws/install/tfg_pkg:/home/karch/ws/hokuyo_ws/install/robot_status_publisher:/home/karch/ws/hokuyo_ws/install/keyboard_control:/home/karch/ws/hokuyo_ws/install/coppelia_ros2_pkg:/home/karch/ws/hunter20_ws/install/hunter_base:/opt/ros/humble:/home/karch/ws/hunter20_ws/install/ugv_sdk:/home/karch/ws/hunter20_ws/install/hunter_msgs:/home/karch/ws/dev_ws/install/first_pkg /usr/bin/cmake --install /home/karch/ws/TFG_Hunter20_ws/build/urg_node_msgs
[0.665s] -- Install configuration: ""
[0.665s] -- Execute custom install script
[0.666s] -- Up-to-date symlink: /home/karch/ws/TFG_Hunter20_ws/install/urg_node_msgs/share/ament_index/resource_index/rosidl_interfaces/urg_node_msgs
[0.666s] -- Up-to-date symlink: /home/karch/ws/TFG_Hunter20_ws/install/urg_node_msgs/include/urg_node_msgs/urg_node_msgs/msg/detail/status__functions.h
[0.666s] -- Up-to-date symlink: /home/karch/ws/TFG_Hunter20_ws/install/urg_node_msgs/include/urg_node_msgs/urg_node_msgs/msg/detail/status__struct.h
[0.666s] -- Up-to-date symlink: /home/karch/ws/TFG_Hunter20_ws/install/urg_node_msgs/include/urg_node_msgs/urg_node_msgs/msg/detail/status__type_support.h
[0.667s] -- Up-to-date symlink: /home/karch/ws/TFG_Hunter20_ws/install/urg_node_msgs/include/urg_node_msgs/urg_node_msgs/msg/rosidl_generator_c__visibility_control.h
[0.667s] -- Up-to-date symlink: /home/karch/ws/TFG_Hunter20_ws/install/urg_node_msgs/include/urg_node_msgs/urg_node_msgs/msg/status.h
[0.667s] -- Up-to-date symlink: /home/karch/ws/TFG_Hunter20_ws/install/urg_node_msgs/share/urg_node_msgs/environment/library_path.sh
[0.667s] -- Up-to-date symlink: /home/karch/ws/TFG_Hunter20_ws/install/urg_node_msgs/share/urg_node_msgs/environment/library_path.dsv
[0.668s] -- Up-to-date symlink: /home/karch/ws/TFG_Hunter20_ws/install/urg_node_msgs/include/urg_node_msgs/urg_node_msgs/msg/detail/status__rosidl_typesupport_fastrtps_c.h
[0.668s] -- Up-to-date symlink: /home/karch/ws/TFG_Hunter20_ws/install/urg_node_msgs/include/urg_node_msgs/urg_node_msgs/msg/rosidl_typesupport_fastrtps_c__visibility_control.h
[0.668s] -- Up-to-date symlink: /home/karch/ws/TFG_Hunter20_ws/install/urg_node_msgs/include/urg_node_msgs/urg_node_msgs/msg/detail/status__builder.hpp
[0.668s] -- Up-to-date symlink: /home/karch/ws/TFG_Hunter20_ws/install/urg_node_msgs/include/urg_node_msgs/urg_node_msgs/msg/detail/status__struct.hpp
[0.669s] -- Up-to-date symlink: /home/karch/ws/TFG_Hunter20_ws/install/urg_node_msgs/include/urg_node_msgs/urg_node_msgs/msg/detail/status__traits.hpp
[0.669s] -- Up-to-date symlink: /home/karch/ws/TFG_Hunter20_ws/install/urg_node_msgs/include/urg_node_msgs/urg_node_msgs/msg/status.hpp
[0.669s] -- Up-to-date symlink: /home/karch/ws/TFG_Hunter20_ws/install/urg_node_msgs/include/urg_node_msgs/urg_node_msgs/msg/detail/status__rosidl_typesupport_fastrtps_cpp.hpp
[0.669s] -- Up-to-date symlink: /home/karch/ws/TFG_Hunter20_ws/install/urg_node_msgs/include/urg_node_msgs/urg_node_msgs/msg/rosidl_typesupport_fastrtps_cpp__visibility_control.h
[0.670s] -- Up-to-date symlink: /home/karch/ws/TFG_Hunter20_ws/install/urg_node_msgs/include/urg_node_msgs/urg_node_msgs/msg/detail/status__rosidl_typesupport_introspection_c.h
[0.670s] -- Up-to-date symlink: /home/karch/ws/TFG_Hunter20_ws/install/urg_node_msgs/include/urg_node_msgs/urg_node_msgs/msg/rosidl_typesupport_introspection_c__visibility_control.h
[0.670s] -- Up-to-date symlink: /home/karch/ws/TFG_Hunter20_ws/install/urg_node_msgs/include/urg_node_msgs/urg_node_msgs/msg/detail/status__rosidl_typesupport_introspection_cpp.hpp
[0.670s] -- Up-to-date symlink: /home/karch/ws/TFG_Hunter20_ws/install/urg_node_msgs/share/urg_node_msgs/environment/pythonpath.sh
[0.670s] -- Up-to-date symlink: /home/karch/ws/TFG_Hunter20_ws/install/urg_node_msgs/share/urg_node_msgs/environment/pythonpath.dsv
[0.671s] -- Up-to-date symlink: /home/karch/ws/TFG_Hunter20_ws/install/urg_node_msgs/local/lib/python3.10/dist-packages/urg_node_msgs-1.0.1-py3.10.egg-info/PKG-INFO
[0.671s] -- Up-to-date symlink: /home/karch/ws/TFG_Hunter20_ws/install/urg_node_msgs/local/lib/python3.10/dist-packages/urg_node_msgs-1.0.1-py3.10.egg-info/SOURCES.txt
[0.671s] -- Up-to-date symlink: /home/karch/ws/TFG_Hunter20_ws/install/urg_node_msgs/local/lib/python3.10/dist-packages/urg_node_msgs-1.0.1-py3.10.egg-info/dependency_links.txt
[0.671s] -- Up-to-date symlink: /home/karch/ws/TFG_Hunter20_ws/install/urg_node_msgs/local/lib/python3.10/dist-packages/urg_node_msgs-1.0.1-py3.10.egg-info/top_level.txt
[0.672s] -- Up-to-date symlink: /home/karch/ws/TFG_Hunter20_ws/install/urg_node_msgs/local/lib/python3.10/dist-packages/urg_node_msgs/__init__.py
[0.672s] -- Up-to-date symlink: /home/karch/ws/TFG_Hunter20_ws/install/urg_node_msgs/local/lib/python3.10/dist-packages/urg_node_msgs/_urg_node_msgs_s.ep.rosidl_typesupport_c.c
[0.672s] -- Up-to-date symlink: /home/karch/ws/TFG_Hunter20_ws/install/urg_node_msgs/local/lib/python3.10/dist-packages/urg_node_msgs/_urg_node_msgs_s.ep.rosidl_typesupport_fastrtps_c.c
[0.672s] -- Up-to-date symlink: /home/karch/ws/TFG_Hunter20_ws/install/urg_node_msgs/local/lib/python3.10/dist-packages/urg_node_msgs/_urg_node_msgs_s.ep.rosidl_typesupport_introspection_c.c
[0.672s] -- Up-to-date symlink: /home/karch/ws/TFG_Hunter20_ws/install/urg_node_msgs/local/lib/python3.10/dist-packages/urg_node_msgs/liburg_node_msgs__rosidl_generator_py.so
[0.673s] -- Up-to-date symlink: /home/karch/ws/TFG_Hunter20_ws/install/urg_node_msgs/local/lib/python3.10/dist-packages/urg_node_msgs/msg/__init__.py
[0.673s] -- Up-to-date symlink: /home/karch/ws/TFG_Hunter20_ws/install/urg_node_msgs/local/lib/python3.10/dist-packages/urg_node_msgs/msg/_status.py
[0.673s] -- Up-to-date symlink: /home/karch/ws/TFG_Hunter20_ws/install/urg_node_msgs/local/lib/python3.10/dist-packages/urg_node_msgs/msg/_status_s.c
[0.673s] -- Up-to-date symlink: /home/karch/ws/TFG_Hunter20_ws/install/urg_node_msgs/local/lib/python3.10/dist-packages/urg_node_msgs/urg_node_msgs_s__rosidl_typesupport_c.cpython-310-x86_64-linux-gnu.so
[0.673s] -- Up-to-date symlink: /home/karch/ws/TFG_Hunter20_ws/install/urg_node_msgs/local/lib/python3.10/dist-packages/urg_node_msgs/urg_node_msgs_s__rosidl_typesupport_fastrtps_c.cpython-310-x86_64-linux-gnu.so
[0.674s] -- Up-to-date symlink: /home/karch/ws/TFG_Hunter20_ws/install/urg_node_msgs/local/lib/python3.10/dist-packages/urg_node_msgs/urg_node_msgs_s__rosidl_typesupport_introspection_c.cpython-310-x86_64-linux-gnu.so
[0.674s] -- Up-to-date symlink: /home/karch/ws/TFG_Hunter20_ws/install/urg_node_msgs/local/lib/python3.10/dist-packages/urg_node_msgs/urg_node_msgs_s__rosidl_typesupport_fastrtps_c.cpython-310-x86_64-linux-gnu.so
[0.674s] -- Up-to-date symlink: /home/karch/ws/TFG_Hunter20_ws/install/urg_node_msgs/local/lib/python3.10/dist-packages/urg_node_msgs/urg_node_msgs_s__rosidl_typesupport_introspection_c.cpython-310-x86_64-linux-gnu.so
[0.674s] -- Up-to-date symlink: /home/karch/ws/TFG_Hunter20_ws/install/urg_node_msgs/local/lib/python3.10/dist-packages/urg_node_msgs/urg_node_msgs_s__rosidl_typesupport_c.cpython-310-x86_64-linux-gnu.so
[0.674s] -- Up-to-date symlink: /home/karch/ws/TFG_Hunter20_ws/install/urg_node_msgs/share/urg_node_msgs/msg/Status.idl
[0.674s] -- Up-to-date symlink: /home/karch/ws/TFG_Hunter20_ws/install/urg_node_msgs/share/urg_node_msgs/msg/Status.msg
[0.675s] -- Up-to-date symlink: /home/karch/ws/TFG_Hunter20_ws/install/urg_node_msgs/share/urg_node_msgs/mapping_rules.yaml
[0.675s] -- Up-to-date symlink: /home/karch/ws/TFG_Hunter20_ws/install/urg_node_msgs/share/ament_index/resource_index/package_run_dependencies/urg_node_msgs
[0.675s] -- Up-to-date symlink: /home/karch/ws/TFG_Hunter20_ws/install/urg_node_msgs/share/ament_index/resource_index/parent_prefix_path/urg_node_msgs
[0.675s] -- Up-to-date symlink: /home/karch/ws/TFG_Hunter20_ws/install/urg_node_msgs/share/urg_node_msgs/environment/ament_prefix_path.sh
[0.675s] -- Up-to-date symlink: /home/karch/ws/TFG_Hunter20_ws/install/urg_node_msgs/share/urg_node_msgs/environment/ament_prefix_path.dsv
[0.676s] -- Up-to-date symlink: /home/karch/ws/TFG_Hunter20_ws/install/urg_node_msgs/share/urg_node_msgs/environment/path.sh
[0.676s] -- Up-to-date symlink: /home/karch/ws/TFG_Hunter20_ws/install/urg_node_msgs/share/urg_node_msgs/environment/path.dsv
[0.676s] -- Up-to-date symlink: /home/karch/ws/TFG_Hunter20_ws/install/urg_node_msgs/share/urg_node_msgs/local_setup.bash
[0.676s] -- Up-to-date symlink: /home/karch/ws/TFG_Hunter20_ws/install/urg_node_msgs/share/urg_node_msgs/local_setup.sh
[0.676s] -- Up-to-date symlink: /home/karch/ws/TFG_Hunter20_ws/install/urg_node_msgs/share/urg_node_msgs/local_setup.zsh
[0.676s] -- Up-to-date symlink: /home/karch/ws/TFG_Hunter20_ws/install/urg_node_msgs/share/urg_node_msgs/local_setup.dsv
[0.677s] -- Symlinking: /home/karch/ws/TFG_Hunter20_ws/install/urg_node_msgs/share/urg_node_msgs/package.dsv
[0.693s] -- Up-to-date symlink: /home/karch/ws/TFG_Hunter20_ws/install/urg_node_msgs/share/ament_index/resource_index/packages/urg_node_msgs
[0.693s] -- Up-to-date symlink: /home/karch/ws/TFG_Hunter20_ws/install/urg_node_msgs/share/urg_node_msgs/cmake/rosidl_cmake-extras.cmake
[0.693s] -- Up-to-date symlink: /home/karch/ws/TFG_Hunter20_ws/install/urg_node_msgs/share/urg_node_msgs/cmake/ament_cmake_export_dependencies-extras.cmake
[0.694s] -- Up-to-date symlink: /home/karch/ws/TFG_Hunter20_ws/install/urg_node_msgs/share/urg_node_msgs/cmake/ament_cmake_export_include_directories-extras.cmake
[0.694s] -- Up-to-date symlink: /home/karch/ws/TFG_Hunter20_ws/install/urg_node_msgs/share/urg_node_msgs/cmake/ament_cmake_export_libraries-extras.cmake
[0.694s] -- Up-to-date symlink: /home/karch/ws/TFG_Hunter20_ws/install/urg_node_msgs/share/urg_node_msgs/cmake/ament_cmake_export_targets-extras.cmake
[0.695s] -- Up-to-date symlink: /home/karch/ws/TFG_Hunter20_ws/install/urg_node_msgs/share/urg_node_msgs/cmake/rosidl_cmake_export_typesupport_targets-extras.cmake
[0.695s] -- Up-to-date symlink: /home/karch/ws/TFG_Hunter20_ws/install/urg_node_msgs/share/urg_node_msgs/cmake/rosidl_cmake_export_typesupport_libraries-extras.cmake
[0.695s] -- Up-to-date symlink: /home/karch/ws/TFG_Hunter20_ws/install/urg_node_msgs/share/urg_node_msgs/cmake/urg_node_msgsConfig.cmake
[0.695s] -- Up-to-date symlink: /home/karch/ws/TFG_Hunter20_ws/install/urg_node_msgs/share/urg_node_msgs/cmake/urg_node_msgsConfig-version.cmake
[0.696s] -- Up-to-date symlink: /home/karch/ws/TFG_Hunter20_ws/install/urg_node_msgs/share/urg_node_msgs/package.xml
[0.696s] -- Up-to-date: /home/karch/ws/TFG_Hunter20_ws/install/urg_node_msgs/lib/liburg_node_msgs__rosidl_generator_c.so
[0.696s] -- Up-to-date: /home/karch/ws/TFG_Hunter20_ws/install/urg_node_msgs/lib/liburg_node_msgs__rosidl_typesupport_fastrtps_c.so
[0.696s] -- Up-to-date: /home/karch/ws/TFG_Hunter20_ws/install/urg_node_msgs/lib/liburg_node_msgs__rosidl_typesupport_fastrtps_cpp.so
[0.697s] -- Up-to-date: /home/karch/ws/TFG_Hunter20_ws/install/urg_node_msgs/lib/liburg_node_msgs__rosidl_typesupport_introspection_c.so
[0.697s] -- Up-to-date: /home/karch/ws/TFG_Hunter20_ws/install/urg_node_msgs/lib/liburg_node_msgs__rosidl_typesupport_c.so
[0.697s] -- Up-to-date: /home/karch/ws/TFG_Hunter20_ws/install/urg_node_msgs/lib/liburg_node_msgs__rosidl_typesupport_introspection_cpp.so
[0.697s] -- Up-to-date: /home/karch/ws/TFG_Hunter20_ws/install/urg_node_msgs/lib/liburg_node_msgs__rosidl_typesupport_cpp.so
[0.728s] Listing '/home/karch/ws/TFG_Hunter20_ws/install/urg_node_msgs/local/lib/python3.10/dist-packages/urg_node_msgs'...
[0.729s] Listing '/home/karch/ws/TFG_Hunter20_ws/install/urg_node_msgs/local/lib/python3.10/dist-packages/urg_node_msgs/msg'...
[0.738s] -- Up-to-date: /home/karch/ws/TFG_Hunter20_ws/install/urg_node_msgs/lib/liburg_node_msgs__rosidl_generator_py.so
[0.738s] -- Up-to-date: /home/karch/ws/TFG_Hunter20_ws/install/urg_node_msgs/share/urg_node_msgs/cmake/export_urg_node_msgs__rosidl_generator_cExport.cmake
[0.738s] -- Up-to-date: /home/karch/ws/TFG_Hunter20_ws/install/urg_node_msgs/share/urg_node_msgs/cmake/export_urg_node_msgs__rosidl_generator_cExport-noconfig.cmake
[0.738s] -- Up-to-date: /home/karch/ws/TFG_Hunter20_ws/install/urg_node_msgs/share/urg_node_msgs/cmake/export_urg_node_msgs__rosidl_typesupport_fastrtps_cExport.cmake
[0.739s] -- Up-to-date: /home/karch/ws/TFG_Hunter20_ws/install/urg_node_msgs/share/urg_node_msgs/cmake/export_urg_node_msgs__rosidl_typesupport_fastrtps_cExport-noconfig.cmake
[0.739s] -- Up-to-date: /home/karch/ws/TFG_Hunter20_ws/install/urg_node_msgs/share/urg_node_msgs/cmake/export_urg_node_msgs__rosidl_generator_cppExport.cmake
[0.739s] -- Up-to-date: /home/karch/ws/TFG_Hunter20_ws/install/urg_node_msgs/share/urg_node_msgs/cmake/export_urg_node_msgs__rosidl_typesupport_fastrtps_cppExport.cmake
[0.739s] -- Up-to-date: /home/karch/ws/TFG_Hunter20_ws/install/urg_node_msgs/share/urg_node_msgs/cmake/export_urg_node_msgs__rosidl_typesupport_fastrtps_cppExport-noconfig.cmake
[0.739s] -- Up-to-date: /home/karch/ws/TFG_Hunter20_ws/install/urg_node_msgs/share/urg_node_msgs/cmake/urg_node_msgs__rosidl_typesupport_introspection_cExport.cmake
[0.739s] -- Up-to-date: /home/karch/ws/TFG_Hunter20_ws/install/urg_node_msgs/share/urg_node_msgs/cmake/urg_node_msgs__rosidl_typesupport_introspection_cExport-noconfig.cmake
[0.739s] -- Up-to-date: /home/karch/ws/TFG_Hunter20_ws/install/urg_node_msgs/share/urg_node_msgs/cmake/urg_node_msgs__rosidl_typesupport_cExport.cmake
[0.740s] -- Up-to-date: /home/karch/ws/TFG_Hunter20_ws/install/urg_node_msgs/share/urg_node_msgs/cmake/urg_node_msgs__rosidl_typesupport_cExport-noconfig.cmake
[0.740s] -- Up-to-date: /home/karch/ws/TFG_Hunter20_ws/install/urg_node_msgs/share/urg_node_msgs/cmake/urg_node_msgs__rosidl_typesupport_introspection_cppExport.cmake
[0.740s] -- Up-to-date: /home/karch/ws/TFG_Hunter20_ws/install/urg_node_msgs/share/urg_node_msgs/cmake/urg_node_msgs__rosidl_typesupport_introspection_cppExport-noconfig.cmake
[0.740s] -- Up-to-date: /home/karch/ws/TFG_Hunter20_ws/install/urg_node_msgs/share/urg_node_msgs/cmake/urg_node_msgs__rosidl_typesupport_cppExport.cmake
[0.740s] -- Up-to-date: /home/karch/ws/TFG_Hunter20_ws/install/urg_node_msgs/share/urg_node_msgs/cmake/urg_node_msgs__rosidl_typesupport_cppExport-noconfig.cmake
[0.740s] -- Up-to-date: /home/karch/ws/TFG_Hunter20_ws/install/urg_node_msgs/share/urg_node_msgs/cmake/export_urg_node_msgs__rosidl_generator_pyExport.cmake
[0.740s] -- Up-to-date: /home/karch/ws/TFG_Hunter20_ws/install/urg_node_msgs/share/urg_node_msgs/cmake/export_urg_node_msgs__rosidl_generator_pyExport-noconfig.cmake
[0.746s] Invoked command in '/home/karch/ws/TFG_Hunter20_ws/build/urg_node_msgs' returned '0': CMAKE_PREFIX_PATH=/home/karch/ws/hokuyo_ws/install/urg_node:/home/karch/ws/hokuyo_ws/install/urg_node_msgs:/home/karch/ws/hokuyo_ws/install/urg_c:/home/karch/ws/hokuyo_ws/install/tfg_pkg:/home/karch/ws/hokuyo_ws/install/robot_status_publisher:/home/karch/ws/hokuyo_ws/install/keyboard_control:/home/karch/ws/hokuyo_ws/install/coppelia_ros2_pkg:/home/karch/ws/hunter20_ws/install/hunter_base:/opt/ros/humble:/home/karch/ws/hunter20_ws/install/ugv_sdk:/home/karch/ws/hunter20_ws/install/hunter_msgs:/home/karch/ws/dev_ws/install/first_pkg /usr/bin/cmake --install /home/karch/ws/TFG_Hunter20_ws/build/urg_node_msgs
