[0.030s] Invoking command in '/home/karch/ws/TFG_Hunter20_ws/build/urg_node_msgs': CMAKE_PREFIX_PATH=/home/karch/ws/hokuyo_ws/install/urg_node:/home/karch/ws/hokuyo_ws/install/urg_node_msgs:/home/karch/ws/hokuyo_ws/install/urg_c:/home/karch/ws/hokuyo_ws/install/tfg_pkg:/home/karch/ws/hokuyo_ws/install/robot_status_publisher:/home/karch/ws/hokuyo_ws/install/keyboard_control:/home/karch/ws/hokuyo_ws/install/coppelia_ros2_pkg:/home/karch/ws/hunter20_ws/install/hunter_base:/opt/ros/humble:/home/karch/ws/hunter20_ws/install/ugv_sdk:/home/karch/ws/hunter20_ws/install/hunter_msgs:/home/karch/ws/dev_ws/install/first_pkg /usr/bin/cmake --build /home/karch/ws/TFG_Hunter20_ws/build/urg_node_msgs -- -j16 -l16
[0.114s] [  3%] Built target urg_node_msgs__cpp
[0.115s] [ 12%] Built target urg_node_msgs__rosidl_generator_c
[0.131s] [ 12%] Built target ament_cmake_python_symlink_urg_node_msgs
[0.170s] [ 25%] Built target urg_node_msgs__rosidl_typesupport_introspection_c
[0.171s] [ 32%] Built target urg_node_msgs__rosidl_typesupport_cpp
[0.172s] [ 41%] Built target urg_node_msgs__rosidl_typesupport_introspection_cpp
[0.172s] [ 51%] Built target urg_node_msgs__rosidl_typesupport_c
[0.172s] [ 61%] Built target urg_node_msgs__rosidl_typesupport_fastrtps_cpp
[0.184s] [ 70%] Built target urg_node_msgs__rosidl_typesupport_fastrtps_c
[0.225s] [ 70%] Built target urg_node_msgs
[0.258s] [ 74%] Built target urg_node_msgs__py
[0.293s] [ 80%] Built target urg_node_msgs__rosidl_generator_py
[0.330s] [ 93%] Built target urg_node_msgs__rosidl_typesupport_fastrtps_c__pyext
[0.331s] [ 93%] Built target urg_node_msgs__rosidl_typesupport_c__pyext
[0.334s] [100%] Built target urg_node_msgs__rosidl_typesupport_introspection_c__pyext
[0.431s] running egg_info
[0.433s] writing urg_node_msgs.egg-info/PKG-INFO
[0.433s] writing dependency_links to urg_node_msgs.egg-info/dependency_links.txt
[0.433s] writing top-level names to urg_node_msgs.egg-info/top_level.txt
[0.438s] reading manifest file 'urg_node_msgs.egg-info/SOURCES.txt'
[0.439s] writing manifest file 'urg_node_msgs.egg-info/SOURCES.txt'
[0.497s] [100%] Built target ament_cmake_python_build_urg_node_msgs_egg
[0.519s] Invoked command in '/home/karch/ws/TFG_Hunter20_ws/build/urg_node_msgs' returned '0': CMAKE_PREFIX_PATH=/home/karch/ws/hokuyo_ws/install/urg_node:/home/karch/ws/hokuyo_ws/install/urg_node_msgs:/home/karch/ws/hokuyo_ws/install/urg_c:/home/karch/ws/hokuyo_ws/install/tfg_pkg:/home/karch/ws/hokuyo_ws/install/robot_status_publisher:/home/karch/ws/hokuyo_ws/install/keyboard_control:/home/karch/ws/hokuyo_ws/install/coppelia_ros2_pkg:/home/karch/ws/hunter20_ws/install/hunter_base:/opt/ros/humble:/home/karch/ws/hunter20_ws/install/ugv_sdk:/home/karch/ws/hunter20_ws/install/hunter_msgs:/home/karch/ws/dev_ws/install/first_pkg /usr/bin/cmake --build /home/karch/ws/TFG_Hunter20_ws/build/urg_node_msgs -- -j16 -l16
[0.622s] Invoking command in '/home/karch/ws/TFG_Hunter20_ws/build/urg_node_msgs': CMAKE_PREFIX_PATH=/home/karch/ws/hokuyo_ws/install/urg_node:/home/karch/ws/hokuyo_ws/install/urg_node_msgs:/home/karch/ws/hokuyo_ws/install/urg_c:/home/karch/ws/hokuyo_ws/install/tfg_pkg:/home/karch/ws/hokuyo_ws/install/robot_status_publisher:/home/karch/ws/hokuyo_ws/install/keyboard_control:/home/karch/ws/hokuyo_ws/install/coppelia_ros2_pkg:/home/karch/ws/hunter20_ws/install/hunter_base:/opt/ros/humble:/home/karch/ws/hunter20_ws/install/ugv_sdk:/home/karch/ws/hunter20_ws/install/hunter_msgs:/home/karch/ws/dev_ws/install/first_pkg /usr/bin/cmake --install /home/karch/ws/TFG_Hunter20_ws/build/urg_node_msgs
[0.631s] -- Install configuration: ""
[0.632s] -- Execute custom install script
[0.632s] -- Up-to-date symlink: /home/karch/ws/TFG_Hunter20_ws/install/urg_node_msgs/share/ament_index/resource_index/rosidl_interfaces/urg_node_msgs
[0.632s] -- Up-to-date symlink: /home/karch/ws/TFG_Hunter20_ws/install/urg_node_msgs/include/urg_node_msgs/urg_node_msgs/msg/detail/status__functions.h
[0.632s] -- Up-to-date symlink: /home/karch/ws/TFG_Hunter20_ws/install/urg_node_msgs/include/urg_node_msgs/urg_node_msgs/msg/detail/status__struct.h
[0.632s] -- Up-to-date symlink: /home/karch/ws/TFG_Hunter20_ws/install/urg_node_msgs/include/urg_node_msgs/urg_node_msgs/msg/detail/status__type_support.h
[0.632s] -- Up-to-date symlink: /home/karch/ws/TFG_Hunter20_ws/install/urg_node_msgs/include/urg_node_msgs/urg_node_msgs/msg/rosidl_generator_c__visibility_control.h
[0.633s] -- Up-to-date symlink: /home/karch/ws/TFG_Hunter20_ws/install/urg_node_msgs/include/urg_node_msgs/urg_node_msgs/msg/status.h
[0.633s] -- Up-to-date symlink: /home/karch/ws/TFG_Hunter20_ws/install/urg_node_msgs/share/urg_node_msgs/environment/library_path.sh
[0.633s] -- Up-to-date symlink: /home/karch/ws/TFG_Hunter20_ws/install/urg_node_msgs/share/urg_node_msgs/environment/library_path.dsv
[0.633s] -- Up-to-date symlink: /home/karch/ws/TFG_Hunter20_ws/install/urg_node_msgs/include/urg_node_msgs/urg_node_msgs/msg/detail/status__rosidl_typesupport_fastrtps_c.h
[0.633s] -- Up-to-date symlink: /home/karch/ws/TFG_Hunter20_ws/install/urg_node_msgs/include/urg_node_msgs/urg_node_msgs/msg/rosidl_typesupport_fastrtps_c__visibility_control.h
[0.633s] -- Up-to-date symlink: /home/karch/ws/TFG_Hunter20_ws/install/urg_node_msgs/include/urg_node_msgs/urg_node_msgs/msg/detail/status__builder.hpp
[0.634s] -- Up-to-date symlink: /home/karch/ws/TFG_Hunter20_ws/install/urg_node_msgs/include/urg_node_msgs/urg_node_msgs/msg/detail/status__struct.hpp
[0.634s] -- Up-to-date symlink: /home/karch/ws/TFG_Hunter20_ws/install/urg_node_msgs/include/urg_node_msgs/urg_node_msgs/msg/detail/status__traits.hpp
[0.634s] -- Up-to-date symlink: /home/karch/ws/TFG_Hunter20_ws/install/urg_node_msgs/include/urg_node_msgs/urg_node_msgs/msg/status.hpp
[0.634s] -- Up-to-date symlink: /home/karch/ws/TFG_Hunter20_ws/install/urg_node_msgs/include/urg_node_msgs/urg_node_msgs/msg/detail/status__rosidl_typesupport_fastrtps_cpp.hpp
[0.634s] -- Up-to-date symlink: /home/karch/ws/TFG_Hunter20_ws/install/urg_node_msgs/include/urg_node_msgs/urg_node_msgs/msg/rosidl_typesupport_fastrtps_cpp__visibility_control.h
[0.634s] -- Up-to-date symlink: /home/karch/ws/TFG_Hunter20_ws/install/urg_node_msgs/include/urg_node_msgs/urg_node_msgs/msg/detail/status__rosidl_typesupport_introspection_c.h
[0.635s] -- Up-to-date symlink: /home/karch/ws/TFG_Hunter20_ws/install/urg_node_msgs/include/urg_node_msgs/urg_node_msgs/msg/rosidl_typesupport_introspection_c__visibility_control.h
[0.635s] -- Up-to-date symlink: /home/karch/ws/TFG_Hunter20_ws/install/urg_node_msgs/include/urg_node_msgs/urg_node_msgs/msg/detail/status__rosidl_typesupport_introspection_cpp.hpp
[0.635s] -- Up-to-date symlink: /home/karch/ws/TFG_Hunter20_ws/install/urg_node_msgs/share/urg_node_msgs/environment/pythonpath.sh
[0.635s] -- Up-to-date symlink: /home/karch/ws/TFG_Hunter20_ws/install/urg_node_msgs/share/urg_node_msgs/environment/pythonpath.dsv
[0.635s] -- Up-to-date symlink: /home/karch/ws/TFG_Hunter20_ws/install/urg_node_msgs/local/lib/python3.10/dist-packages/urg_node_msgs-1.0.1-py3.10.egg-info/PKG-INFO
[0.636s] -- Up-to-date symlink: /home/karch/ws/TFG_Hunter20_ws/install/urg_node_msgs/local/lib/python3.10/dist-packages/urg_node_msgs-1.0.1-py3.10.egg-info/SOURCES.txt
[0.636s] -- Up-to-date symlink: /home/karch/ws/TFG_Hunter20_ws/install/urg_node_msgs/local/lib/python3.10/dist-packages/urg_node_msgs-1.0.1-py3.10.egg-info/dependency_links.txt
[0.636s] -- Up-to-date symlink: /home/karch/ws/TFG_Hunter20_ws/install/urg_node_msgs/local/lib/python3.10/dist-packages/urg_node_msgs-1.0.1-py3.10.egg-info/top_level.txt
[0.636s] -- Up-to-date symlink: /home/karch/ws/TFG_Hunter20_ws/install/urg_node_msgs/local/lib/python3.10/dist-packages/urg_node_msgs/__init__.py
[0.636s] -- Up-to-date symlink: /home/karch/ws/TFG_Hunter20_ws/install/urg_node_msgs/local/lib/python3.10/dist-packages/urg_node_msgs/_urg_node_msgs_s.ep.rosidl_typesupport_c.c
[0.636s] -- Up-to-date symlink: /home/karch/ws/TFG_Hunter20_ws/install/urg_node_msgs/local/lib/python3.10/dist-packages/urg_node_msgs/_urg_node_msgs_s.ep.rosidl_typesupport_fastrtps_c.c
[0.637s] -- Up-to-date symlink: /home/karch/ws/TFG_Hunter20_ws/install/urg_node_msgs/local/lib/python3.10/dist-packages/urg_node_msgs/_urg_node_msgs_s.ep.rosidl_typesupport_introspection_c.c
[0.637s] -- Up-to-date symlink: /home/karch/ws/TFG_Hunter20_ws/install/urg_node_msgs/local/lib/python3.10/dist-packages/urg_node_msgs/liburg_node_msgs__rosidl_generator_py.so
[0.637s] -- Up-to-date symlink: /home/karch/ws/TFG_Hunter20_ws/install/urg_node_msgs/local/lib/python3.10/dist-packages/urg_node_msgs/msg/__init__.py
[0.637s] -- Up-to-date symlink: /home/karch/ws/TFG_Hunter20_ws/install/urg_node_msgs/local/lib/python3.10/dist-packages/urg_node_msgs/msg/_status.py
[0.637s] -- Up-to-date symlink: /home/karch/ws/TFG_Hunter20_ws/install/urg_node_msgs/local/lib/python3.10/dist-packages/urg_node_msgs/msg/_status_s.c
[0.637s] -- Up-to-date symlink: /home/karch/ws/TFG_Hunter20_ws/install/urg_node_msgs/local/lib/python3.10/dist-packages/urg_node_msgs/urg_node_msgs_s__rosidl_typesupport_c.cpython-310-x86_64-linux-gnu.so
[0.637s] -- Up-to-date symlink: /home/karch/ws/TFG_Hunter20_ws/install/urg_node_msgs/local/lib/python3.10/dist-packages/urg_node_msgs/urg_node_msgs_s__rosidl_typesupport_fastrtps_c.cpython-310-x86_64-linux-gnu.so
[0.637s] -- Up-to-date symlink: /home/karch/ws/TFG_Hunter20_ws/install/urg_node_msgs/local/lib/python3.10/dist-packages/urg_node_msgs/urg_node_msgs_s__rosidl_typesupport_introspection_c.cpython-310-x86_64-linux-gnu.so
[0.638s] -- Up-to-date symlink: /home/karch/ws/TFG_Hunter20_ws/install/urg_node_msgs/local/lib/python3.10/dist-packages/urg_node_msgs/urg_node_msgs_s__rosidl_typesupport_fastrtps_c.cpython-310-x86_64-linux-gnu.so
[0.638s] -- Up-to-date symlink: /home/karch/ws/TFG_Hunter20_ws/install/urg_node_msgs/local/lib/python3.10/dist-packages/urg_node_msgs/urg_node_msgs_s__rosidl_typesupport_introspection_c.cpython-310-x86_64-linux-gnu.so
[0.638s] -- Up-to-date symlink: /home/karch/ws/TFG_Hunter20_ws/install/urg_node_msgs/local/lib/python3.10/dist-packages/urg_node_msgs/urg_node_msgs_s__rosidl_typesupport_c.cpython-310-x86_64-linux-gnu.so
[0.638s] -- Up-to-date symlink: /home/karch/ws/TFG_Hunter20_ws/install/urg_node_msgs/share/urg_node_msgs/msg/Status.idl
[0.639s] -- Up-to-date symlink: /home/karch/ws/TFG_Hunter20_ws/install/urg_node_msgs/share/urg_node_msgs/msg/Status.msg
[0.639s] -- Up-to-date symlink: /home/karch/ws/TFG_Hunter20_ws/install/urg_node_msgs/share/urg_node_msgs/mapping_rules.yaml
[0.639s] -- Up-to-date symlink: /home/karch/ws/TFG_Hunter20_ws/install/urg_node_msgs/share/ament_index/resource_index/package_run_dependencies/urg_node_msgs
[0.639s] -- Up-to-date symlink: /home/karch/ws/TFG_Hunter20_ws/install/urg_node_msgs/share/ament_index/resource_index/parent_prefix_path/urg_node_msgs
[0.639s] -- Up-to-date symlink: /home/karch/ws/TFG_Hunter20_ws/install/urg_node_msgs/share/urg_node_msgs/environment/ament_prefix_path.sh
[0.639s] -- Up-to-date symlink: /home/karch/ws/TFG_Hunter20_ws/install/urg_node_msgs/share/urg_node_msgs/environment/ament_prefix_path.dsv
[0.639s] -- Up-to-date symlink: /home/karch/ws/TFG_Hunter20_ws/install/urg_node_msgs/share/urg_node_msgs/environment/path.sh
[0.640s] -- Up-to-date symlink: /home/karch/ws/TFG_Hunter20_ws/install/urg_node_msgs/share/urg_node_msgs/environment/path.dsv
[0.640s] -- Up-to-date symlink: /home/karch/ws/TFG_Hunter20_ws/install/urg_node_msgs/share/urg_node_msgs/local_setup.bash
[0.640s] -- Up-to-date symlink: /home/karch/ws/TFG_Hunter20_ws/install/urg_node_msgs/share/urg_node_msgs/local_setup.sh
[0.640s] -- Up-to-date symlink: /home/karch/ws/TFG_Hunter20_ws/install/urg_node_msgs/share/urg_node_msgs/local_setup.zsh
[0.640s] -- Up-to-date symlink: /home/karch/ws/TFG_Hunter20_ws/install/urg_node_msgs/share/urg_node_msgs/local_setup.dsv
[0.640s] -- Symlinking: /home/karch/ws/TFG_Hunter20_ws/install/urg_node_msgs/share/urg_node_msgs/package.dsv
[0.655s] -- Up-to-date symlink: /home/karch/ws/TFG_Hunter20_ws/install/urg_node_msgs/share/ament_index/resource_index/packages/urg_node_msgs
[0.656s] -- Up-to-date symlink: /home/karch/ws/TFG_Hunter20_ws/install/urg_node_msgs/share/urg_node_msgs/cmake/rosidl_cmake-extras.cmake
[0.656s] -- Up-to-date symlink: /home/karch/ws/TFG_Hunter20_ws/install/urg_node_msgs/share/urg_node_msgs/cmake/ament_cmake_export_dependencies-extras.cmake
[0.656s] -- Up-to-date symlink: /home/karch/ws/TFG_Hunter20_ws/install/urg_node_msgs/share/urg_node_msgs/cmake/ament_cmake_export_include_directories-extras.cmake
[0.656s] -- Up-to-date symlink: /home/karch/ws/TFG_Hunter20_ws/install/urg_node_msgs/share/urg_node_msgs/cmake/ament_cmake_export_libraries-extras.cmake
[0.656s] -- Up-to-date symlink: /home/karch/ws/TFG_Hunter20_ws/install/urg_node_msgs/share/urg_node_msgs/cmake/ament_cmake_export_targets-extras.cmake
[0.656s] -- Up-to-date symlink: /home/karch/ws/TFG_Hunter20_ws/install/urg_node_msgs/share/urg_node_msgs/cmake/rosidl_cmake_export_typesupport_targets-extras.cmake
[0.656s] -- Up-to-date symlink: /home/karch/ws/TFG_Hunter20_ws/install/urg_node_msgs/share/urg_node_msgs/cmake/rosidl_cmake_export_typesupport_libraries-extras.cmake
[0.656s] -- Up-to-date symlink: /home/karch/ws/TFG_Hunter20_ws/install/urg_node_msgs/share/urg_node_msgs/cmake/urg_node_msgsConfig.cmake
[0.656s] -- Up-to-date symlink: /home/karch/ws/TFG_Hunter20_ws/install/urg_node_msgs/share/urg_node_msgs/cmake/urg_node_msgsConfig-version.cmake
[0.656s] -- Up-to-date symlink: /home/karch/ws/TFG_Hunter20_ws/install/urg_node_msgs/share/urg_node_msgs/package.xml
[0.656s] -- Up-to-date: /home/karch/ws/TFG_Hunter20_ws/install/urg_node_msgs/lib/liburg_node_msgs__rosidl_generator_c.so
[0.657s] -- Up-to-date: /home/karch/ws/TFG_Hunter20_ws/install/urg_node_msgs/lib/liburg_node_msgs__rosidl_typesupport_fastrtps_c.so
[0.657s] -- Up-to-date: /home/karch/ws/TFG_Hunter20_ws/install/urg_node_msgs/lib/liburg_node_msgs__rosidl_typesupport_fastrtps_cpp.so
[0.657s] -- Up-to-date: /home/karch/ws/TFG_Hunter20_ws/install/urg_node_msgs/lib/liburg_node_msgs__rosidl_typesupport_introspection_c.so
[0.657s] -- Up-to-date: /home/karch/ws/TFG_Hunter20_ws/install/urg_node_msgs/lib/liburg_node_msgs__rosidl_typesupport_c.so
[0.658s] -- Up-to-date: /home/karch/ws/TFG_Hunter20_ws/install/urg_node_msgs/lib/liburg_node_msgs__rosidl_typesupport_introspection_cpp.so
[0.658s] -- Up-to-date: /home/karch/ws/TFG_Hunter20_ws/install/urg_node_msgs/lib/liburg_node_msgs__rosidl_typesupport_cpp.so
[0.690s] Listing '/home/karch/ws/TFG_Hunter20_ws/install/urg_node_msgs/local/lib/python3.10/dist-packages/urg_node_msgs'...
[0.691s] Listing '/home/karch/ws/TFG_Hunter20_ws/install/urg_node_msgs/local/lib/python3.10/dist-packages/urg_node_msgs/msg'...
[0.697s] -- Up-to-date: /home/karch/ws/TFG_Hunter20_ws/install/urg_node_msgs/lib/liburg_node_msgs__rosidl_generator_py.so
[0.698s] -- Up-to-date: /home/karch/ws/TFG_Hunter20_ws/install/urg_node_msgs/share/urg_node_msgs/cmake/export_urg_node_msgs__rosidl_generator_cExport.cmake
[0.698s] -- Up-to-date: /home/karch/ws/TFG_Hunter20_ws/install/urg_node_msgs/share/urg_node_msgs/cmake/export_urg_node_msgs__rosidl_generator_cExport-noconfig.cmake
[0.698s] -- Up-to-date: /home/karch/ws/TFG_Hunter20_ws/install/urg_node_msgs/share/urg_node_msgs/cmake/export_urg_node_msgs__rosidl_typesupport_fastrtps_cExport.cmake
[0.698s] -- Up-to-date: /home/karch/ws/TFG_Hunter20_ws/install/urg_node_msgs/share/urg_node_msgs/cmake/export_urg_node_msgs__rosidl_typesupport_fastrtps_cExport-noconfig.cmake
[0.699s] -- Up-to-date: /home/karch/ws/TFG_Hunter20_ws/install/urg_node_msgs/share/urg_node_msgs/cmake/export_urg_node_msgs__rosidl_generator_cppExport.cmake
[0.699s] -- Up-to-date: /home/karch/ws/TFG_Hunter20_ws/install/urg_node_msgs/share/urg_node_msgs/cmake/export_urg_node_msgs__rosidl_typesupport_fastrtps_cppExport.cmake
[0.699s] -- Up-to-date: /home/karch/ws/TFG_Hunter20_ws/install/urg_node_msgs/share/urg_node_msgs/cmake/export_urg_node_msgs__rosidl_typesupport_fastrtps_cppExport-noconfig.cmake
[0.699s] -- Up-to-date: /home/karch/ws/TFG_Hunter20_ws/install/urg_node_msgs/share/urg_node_msgs/cmake/urg_node_msgs__rosidl_typesupport_introspection_cExport.cmake
[0.699s] -- Up-to-date: /home/karch/ws/TFG_Hunter20_ws/install/urg_node_msgs/share/urg_node_msgs/cmake/urg_node_msgs__rosidl_typesupport_introspection_cExport-noconfig.cmake
[0.700s] -- Up-to-date: /home/karch/ws/TFG_Hunter20_ws/install/urg_node_msgs/share/urg_node_msgs/cmake/urg_node_msgs__rosidl_typesupport_cExport.cmake
[0.700s] -- Up-to-date: /home/karch/ws/TFG_Hunter20_ws/install/urg_node_msgs/share/urg_node_msgs/cmake/urg_node_msgs__rosidl_typesupport_cExport-noconfig.cmake
[0.700s] -- Up-to-date: /home/karch/ws/TFG_Hunter20_ws/install/urg_node_msgs/share/urg_node_msgs/cmake/urg_node_msgs__rosidl_typesupport_introspection_cppExport.cmake
[0.700s] -- Up-to-date: /home/karch/ws/TFG_Hunter20_ws/install/urg_node_msgs/share/urg_node_msgs/cmake/urg_node_msgs__rosidl_typesupport_introspection_cppExport-noconfig.cmake
[0.700s] -- Up-to-date: /home/karch/ws/TFG_Hunter20_ws/install/urg_node_msgs/share/urg_node_msgs/cmake/urg_node_msgs__rosidl_typesupport_cppExport.cmake
[0.700s] -- Up-to-date: /home/karch/ws/TFG_Hunter20_ws/install/urg_node_msgs/share/urg_node_msgs/cmake/urg_node_msgs__rosidl_typesupport_cppExport-noconfig.cmake
[0.700s] -- Up-to-date: /home/karch/ws/TFG_Hunter20_ws/install/urg_node_msgs/share/urg_node_msgs/cmake/export_urg_node_msgs__rosidl_generator_pyExport.cmake
[0.701s] -- Up-to-date: /home/karch/ws/TFG_Hunter20_ws/install/urg_node_msgs/share/urg_node_msgs/cmake/export_urg_node_msgs__rosidl_generator_pyExport-noconfig.cmake
[0.706s] Invoked command in '/home/karch/ws/TFG_Hunter20_ws/build/urg_node_msgs' returned '0': CMAKE_PREFIX_PATH=/home/karch/ws/hokuyo_ws/install/urg_node:/home/karch/ws/hokuyo_ws/install/urg_node_msgs:/home/karch/ws/hokuyo_ws/install/urg_c:/home/karch/ws/hokuyo_ws/install/tfg_pkg:/home/karch/ws/hokuyo_ws/install/robot_status_publisher:/home/karch/ws/hokuyo_ws/install/keyboard_control:/home/karch/ws/hokuyo_ws/install/coppelia_ros2_pkg:/home/karch/ws/hunter20_ws/install/hunter_base:/opt/ros/humble:/home/karch/ws/hunter20_ws/install/ugv_sdk:/home/karch/ws/hunter20_ws/install/hunter_msgs:/home/karch/ws/dev_ws/install/first_pkg /usr/bin/cmake --install /home/karch/ws/TFG_Hunter20_ws/build/urg_node_msgs
