[ 50%] Built target keyboard_control_plus
[100%] Built target coppelia_simulator
[100%] Built target actuator
-- Install configuration: ""
-- Execute custom install script
-- Up-to-date symlink: /home/karch/ws/TFG_Hunter20_ws/install/tfg_pkg/lib/tfg_pkg/coppelia_simulator
-- Up-to-date symlink: /home/karch/ws/TFG_Hunter20_ws/install/tfg_pkg/lib/tfg_pkg/keyboard_control_plus
-- Up-to-date symlink: /home/karch/ws/TFG_Hunter20_ws/install/tfg_pkg/lib/tfg_pkg/actuator
-- Up-to-date symlink: /home/karch/ws/TFG_Hunter20_ws/install/tfg_pkg/share/tfg_pkg//launch/coppelia_Sim.launch
-- Up-to-date symlink: /home/karch/ws/TFG_Hunter20_ws/install/tfg_pkg/share/tfg_pkg//launch/hunter_params.yaml
-- Up-to-date symlink: /home/karch/ws/TFG_Hunter20_ws/install/tfg_pkg/share/tfg_pkg//launch/main.launch
-- Up-to-date symlink: /home/karch/ws/TFG_Hunter20_ws/install/tfg_pkg/share/tfg_pkg//launch/nav2_hunter20_launch.py
-- Up-to-date symlink: /home/karch/ws/TFG_Hunter20_ws/install/tfg_pkg/share/tfg_pkg//launch/nav2_hunter20_params.yaml
-- Up-to-date symlink: /home/karch/ws/TFG_Hunter20_ws/install/tfg_pkg/share/tfg_pkg//launch/nav2_sim_launch.py
-- Up-to-date symlink: /home/karch/ws/TFG_Hunter20_ws/install/tfg_pkg/share/tfg_pkg//launch/nav2_sim_params.yaml
-- Up-to-date symlink: /home/karch/ws/TFG_Hunter20_ws/install/tfg_pkg/share/tfg_pkg//launch/robot.launch
-- Up-to-date symlink: /home/karch/ws/TFG_Hunter20_ws/install/tfg_pkg/share/tfg_pkg//launch/simbot_launch.py
-- Up-to-date symlink: /home/karch/ws/TFG_Hunter20_ws/install/tfg_pkg/share/tfg_pkg//launch/simbot_params.yaml
-- Up-to-date symlink: /home/karch/ws/TFG_Hunter20_ws/install/tfg_pkg/share/tfg_pkg//launch/simulator.launch
-- Up-to-date symlink: /home/karch/ws/TFG_Hunter20_ws/install/tfg_pkg/share/tfg_pkg//launch/urg_hokuyo_launch.py
-- Up-to-date symlink: /home/karch/ws/TFG_Hunter20_ws/install/tfg_pkg/share/tfg_pkg//scenes/ros2_mapirlab_hunter20.ttt
-- Up-to-date symlink: /home/karch/ws/TFG_Hunter20_ws/install/tfg_pkg/share/tfg_pkg//maps/mapirlab.pgm
-- Up-to-date symlink: /home/karch/ws/TFG_Hunter20_ws/install/tfg_pkg/share/tfg_pkg//maps/mapirlab.yaml
-- Up-to-date symlink: /home/karch/ws/TFG_Hunter20_ws/install/tfg_pkg/share/tfg_pkg//rviz/hunter_robot.rviz
-- Up-to-date symlink: /home/karch/ws/TFG_Hunter20_ws/install/tfg_pkg/share/tfg_pkg//rviz/hunter_sim.rviz
-- Up-to-date symlink: /home/karch/ws/TFG_Hunter20_ws/install/tfg_pkg/share/tfg_pkg//meshes/base_link.STL
-- Up-to-date symlink: /home/karch/ws/TFG_Hunter20_ws/install/tfg_pkg/share/tfg_pkg//meshes/front_left_wheel_link.STL
-- Up-to-date symlink: /home/karch/ws/TFG_Hunter20_ws/install/tfg_pkg/share/tfg_pkg//meshes/front_right_wheel_link.STL
-- Up-to-date symlink: /home/karch/ws/TFG_Hunter20_ws/install/tfg_pkg/share/tfg_pkg//meshes/front_steer_left_link.STL
-- Up-to-date symlink: /home/karch/ws/TFG_Hunter20_ws/install/tfg_pkg/share/tfg_pkg//meshes/front_steer_link.STL
-- Up-to-date symlink: /home/karch/ws/TFG_Hunter20_ws/install/tfg_pkg/share/tfg_pkg//meshes/front_steer_right_link.STL
-- Up-to-date symlink: /home/karch/ws/TFG_Hunter20_ws/install/tfg_pkg/share/tfg_pkg//meshes/left_rear_link.STL
-- Up-to-date symlink: /home/karch/ws/TFG_Hunter20_ws/install/tfg_pkg/share/tfg_pkg//meshes/rear_wheel_link.STL
-- Up-to-date symlink: /home/karch/ws/TFG_Hunter20_ws/install/tfg_pkg/share/tfg_pkg//meshes/right_rear_link.STL
-- Up-to-date symlink: /home/karch/ws/TFG_Hunter20_ws/install/tfg_pkg/share/tfg_pkg//urdf/hunter2.xacro
-- Up-to-date symlink: /home/karch/ws/TFG_Hunter20_ws/install/tfg_pkg/share/tfg_pkg//urdf/hunter2_base.csv
-- Up-to-date symlink: /home/karch/ws/TFG_Hunter20_ws/install/tfg_pkg/share/tfg_pkg//urdf/hunter2_urdf.xml
-- Up-to-date symlink: /home/karch/ws/TFG_Hunter20_ws/install/tfg_pkg/share/ament_index/resource_index/package_run_dependencies/tfg_pkg
-- Up-to-date symlink: /home/karch/ws/TFG_Hunter20_ws/install/tfg_pkg/share/ament_index/resource_index/parent_prefix_path/tfg_pkg
-- Up-to-date symlink: /home/karch/ws/TFG_Hunter20_ws/install/tfg_pkg/share/tfg_pkg/environment/ament_prefix_path.sh
-- Up-to-date symlink: /home/karch/ws/TFG_Hunter20_ws/install/tfg_pkg/share/tfg_pkg/environment/ament_prefix_path.dsv
-- Up-to-date symlink: /home/karch/ws/TFG_Hunter20_ws/install/tfg_pkg/share/tfg_pkg/environment/path.sh
-- Up-to-date symlink: /home/karch/ws/TFG_Hunter20_ws/install/tfg_pkg/share/tfg_pkg/environment/path.dsv
-- Up-to-date symlink: /home/karch/ws/TFG_Hunter20_ws/install/tfg_pkg/share/tfg_pkg/local_setup.bash
-- Up-to-date symlink: /home/karch/ws/TFG_Hunter20_ws/install/tfg_pkg/share/tfg_pkg/local_setup.sh
-- Up-to-date symlink: /home/karch/ws/TFG_Hunter20_ws/install/tfg_pkg/share/tfg_pkg/local_setup.zsh
-- Up-to-date symlink: /home/karch/ws/TFG_Hunter20_ws/install/tfg_pkg/share/tfg_pkg/local_setup.dsv
-- Symlinking: /home/karch/ws/TFG_Hunter20_ws/install/tfg_pkg/share/tfg_pkg/package.dsv
-- Up-to-date symlink: /home/karch/ws/TFG_Hunter20_ws/install/tfg_pkg/share/ament_index/resource_index/packages/tfg_pkg
-- Up-to-date symlink: /home/karch/ws/TFG_Hunter20_ws/install/tfg_pkg/share/tfg_pkg/cmake/tfg_pkgConfig.cmake
-- Up-to-date symlink: /home/karch/ws/TFG_Hunter20_ws/install/tfg_pkg/share/tfg_pkg/cmake/tfg_pkgConfig-version.cmake
-- Up-to-date symlink: /home/karch/ws/TFG_Hunter20_ws/install/tfg_pkg/share/tfg_pkg/package.xml
