[0.021s] Invoking command in '/home/karch/ws/TFG_Hunter20_ws/build/urg_node': AMENT_PREFIX_PATH=/home/karch/ws/TFG_Hunter20_ws/install/urg_node_msgs:/home/karch/ws/TFG_Hunter20_ws/install/urg_c:${AMENT_PREFIX_PATH} CMAKE_PREFIX_PATH=/home/karch/ws/TFG_Hunter20_ws/install/urg_node_msgs:/home/karch/ws/TFG_Hunter20_ws/install/urg_c:/home/karch/ws/hokuyo_ws/install/urg_node:/home/karch/ws/hokuyo_ws/install/urg_node_msgs:/home/karch/ws/hokuyo_ws/install/urg_c:/home/karch/ws/hokuyo_ws/install/tfg_pkg:/home/karch/ws/hokuyo_ws/install/robot_status_publisher:/home/karch/ws/hokuyo_ws/install/keyboard_control:/home/karch/ws/hokuyo_ws/install/coppelia_ros2_pkg:/home/karch/ws/hunter20_ws/install/hunter_base:/opt/ros/humble:/home/karch/ws/hunter20_ws/install/ugv_sdk:/home/karch/ws/hunter20_ws/install/hunter_msgs:/home/karch/ws/dev_ws/install/first_pkg LD_LIBRARY_PATH=/home/karch/ws/TFG_Hunter20_ws/install/urg_node_msgs/lib:/home/karch/ws/TFG_Hunter20_ws/install/urg_c/lib:${LD_LIBRARY_PATH} PATH=/home/karch/ws/TFG_Hunter20_ws/install/urg_c/bin:${PATH} PYTHONPATH=/home/karch/ws/TFG_Hunter20_ws/install/urg_node_msgs/local/lib/python3.10/dist-packages:${PYTHONPATH} /usr/bin/cmake --build /home/karch/ws/TFG_Hunter20_ws/build/urg_node -- -j16 -l16
[0.091s] [ 28%] Built target urg_node_driver
[0.096s] [ 71%] Built target urg_node
[0.132s] [100%] Built target getID
[0.147s] Invoked command in '/home/karch/ws/TFG_Hunter20_ws/build/urg_node' returned '0': AMENT_PREFIX_PATH=/home/karch/ws/TFG_Hunter20_ws/install/urg_node_msgs:/home/karch/ws/TFG_Hunter20_ws/install/urg_c:${AMENT_PREFIX_PATH} CMAKE_PREFIX_PATH=/home/karch/ws/TFG_Hunter20_ws/install/urg_node_msgs:/home/karch/ws/TFG_Hunter20_ws/install/urg_c:/home/karch/ws/hokuyo_ws/install/urg_node:/home/karch/ws/hokuyo_ws/install/urg_node_msgs:/home/karch/ws/hokuyo_ws/install/urg_c:/home/karch/ws/hokuyo_ws/install/tfg_pkg:/home/karch/ws/hokuyo_ws/install/robot_status_publisher:/home/karch/ws/hokuyo_ws/install/keyboard_control:/home/karch/ws/hokuyo_ws/install/coppelia_ros2_pkg:/home/karch/ws/hunter20_ws/install/hunter_base:/opt/ros/humble:/home/karch/ws/hunter20_ws/install/ugv_sdk:/home/karch/ws/hunter20_ws/install/hunter_msgs:/home/karch/ws/dev_ws/install/first_pkg LD_LIBRARY_PATH=/home/karch/ws/TFG_Hunter20_ws/install/urg_node_msgs/lib:/home/karch/ws/TFG_Hunter20_ws/install/urg_c/lib:${LD_LIBRARY_PATH} PATH=/home/karch/ws/TFG_Hunter20_ws/install/urg_c/bin:${PATH} PYTHONPATH=/home/karch/ws/TFG_Hunter20_ws/install/urg_node_msgs/local/lib/python3.10/dist-packages:${PYTHONPATH} /usr/bin/cmake --build /home/karch/ws/TFG_Hunter20_ws/build/urg_node -- -j16 -l16
[0.196s] Invoking command in '/home/karch/ws/TFG_Hunter20_ws/build/urg_node': AMENT_PREFIX_PATH=/home/karch/ws/TFG_Hunter20_ws/install/urg_node_msgs:/home/karch/ws/TFG_Hunter20_ws/install/urg_c:${AMENT_PREFIX_PATH} CMAKE_PREFIX_PATH=/home/karch/ws/TFG_Hunter20_ws/install/urg_node_msgs:/home/karch/ws/TFG_Hunter20_ws/install/urg_c:/home/karch/ws/hokuyo_ws/install/urg_node:/home/karch/ws/hokuyo_ws/install/urg_node_msgs:/home/karch/ws/hokuyo_ws/install/urg_c:/home/karch/ws/hokuyo_ws/install/tfg_pkg:/home/karch/ws/hokuyo_ws/install/robot_status_publisher:/home/karch/ws/hokuyo_ws/install/keyboard_control:/home/karch/ws/hokuyo_ws/install/coppelia_ros2_pkg:/home/karch/ws/hunter20_ws/install/hunter_base:/opt/ros/humble:/home/karch/ws/hunter20_ws/install/ugv_sdk:/home/karch/ws/hunter20_ws/install/hunter_msgs:/home/karch/ws/dev_ws/install/first_pkg LD_LIBRARY_PATH=/home/karch/ws/TFG_Hunter20_ws/install/urg_node_msgs/lib:/home/karch/ws/TFG_Hunter20_ws/install/urg_c/lib:${LD_LIBRARY_PATH} PATH=/home/karch/ws/TFG_Hunter20_ws/install/urg_c/bin:${PATH} PYTHONPATH=/home/karch/ws/TFG_Hunter20_ws/install/urg_node_msgs/local/lib/python3.10/dist-packages:${PYTHONPATH} /usr/bin/cmake --install /home/karch/ws/TFG_Hunter20_ws/build/urg_node
[0.204s] -- Install configuration: ""
[0.204s] -- Execute custom install script
[0.204s] -- Up-to-date symlink: /home/karch/ws/TFG_Hunter20_ws/install/urg_node/lib/urg_node/urg_node_driver
[0.205s] -- Up-to-date symlink: /home/karch/ws/TFG_Hunter20_ws/install/urg_node/lib/liburg_node.so
[0.205s] -- Up-to-date symlink: /home/karch/ws/TFG_Hunter20_ws/install/urg_node/lib/urg_node/getID
[0.205s] -- Up-to-date symlink: /home/karch/ws/TFG_Hunter20_ws/install/urg_node/include/urg_node/urg_c_wrapper.hpp
[0.205s] -- Up-to-date symlink: /home/karch/ws/TFG_Hunter20_ws/install/urg_node/include/urg_node/urg_node.hpp
[0.205s] -- Up-to-date symlink: /home/karch/ws/TFG_Hunter20_ws/install/urg_node/lib/urg_node/set_urg_ip.py
[0.205s] -- Up-to-date symlink: /home/karch/ws/TFG_Hunter20_ws/install/urg_node/share/urg_node/launch/urg_lidar.launch
[0.205s] -- Up-to-date symlink: /home/karch/ws/TFG_Hunter20_ws/install/urg_node/share/urg_node/launch/urg_node_ethernet.yaml
[0.205s] -- Up-to-date symlink: /home/karch/ws/TFG_Hunter20_ws/install/urg_node/share/urg_node/launch/urg_node_launch.py
[0.206s] -- Up-to-date symlink: /home/karch/ws/TFG_Hunter20_ws/install/urg_node/share/urg_node/launch/urg_node_serial.yaml
[0.206s] -- Up-to-date symlink: /home/karch/ws/TFG_Hunter20_ws/install/urg_node/share/urg_node/environment/library_path.sh
[0.206s] -- Up-to-date symlink: /home/karch/ws/TFG_Hunter20_ws/install/urg_node/share/urg_node/environment/library_path.dsv
[0.206s] -- Up-to-date symlink: /home/karch/ws/TFG_Hunter20_ws/install/urg_node/share/ament_index/resource_index/package_run_dependencies/urg_node
[0.206s] -- Up-to-date symlink: /home/karch/ws/TFG_Hunter20_ws/install/urg_node/share/ament_index/resource_index/parent_prefix_path/urg_node
[0.206s] -- Up-to-date symlink: /home/karch/ws/TFG_Hunter20_ws/install/urg_node/share/urg_node/environment/ament_prefix_path.sh
[0.206s] -- Up-to-date symlink: /home/karch/ws/TFG_Hunter20_ws/install/urg_node/share/urg_node/environment/ament_prefix_path.dsv
[0.206s] -- Up-to-date symlink: /home/karch/ws/TFG_Hunter20_ws/install/urg_node/share/urg_node/environment/path.sh
[0.207s] -- Up-to-date symlink: /home/karch/ws/TFG_Hunter20_ws/install/urg_node/share/urg_node/environment/path.dsv
[0.207s] -- Up-to-date symlink: /home/karch/ws/TFG_Hunter20_ws/install/urg_node/share/urg_node/local_setup.bash
[0.207s] -- Up-to-date symlink: /home/karch/ws/TFG_Hunter20_ws/install/urg_node/share/urg_node/local_setup.sh
[0.207s] -- Up-to-date symlink: /home/karch/ws/TFG_Hunter20_ws/install/urg_node/share/urg_node/local_setup.zsh
[0.207s] -- Up-to-date symlink: /home/karch/ws/TFG_Hunter20_ws/install/urg_node/share/urg_node/local_setup.dsv
[0.207s] -- Symlinking: /home/karch/ws/TFG_Hunter20_ws/install/urg_node/share/urg_node/package.dsv
[0.220s] -- Up-to-date symlink: /home/karch/ws/TFG_Hunter20_ws/install/urg_node/share/ament_index/resource_index/packages/urg_node
[0.221s] -- Up-to-date symlink: /home/karch/ws/TFG_Hunter20_ws/install/urg_node/share/ament_index/resource_index/rclcpp_components/urg_node
[0.221s] -- Up-to-date symlink: /home/karch/ws/TFG_Hunter20_ws/install/urg_node/share/urg_node/cmake/ament_cmake_export_dependencies-extras.cmake
[0.221s] -- Up-to-date symlink: /home/karch/ws/TFG_Hunter20_ws/install/urg_node/share/urg_node/cmake/ament_cmake_export_include_directories-extras.cmake
[0.221s] -- Up-to-date symlink: /home/karch/ws/TFG_Hunter20_ws/install/urg_node/share/urg_node/cmake/ament_cmake_export_libraries-extras.cmake
[0.222s] -- Up-to-date symlink: /home/karch/ws/TFG_Hunter20_ws/install/urg_node/share/urg_node/cmake/urg_nodeConfig.cmake
[0.222s] -- Up-to-date symlink: /home/karch/ws/TFG_Hunter20_ws/install/urg_node/share/urg_node/cmake/urg_nodeConfig-version.cmake
[0.222s] -- Up-to-date symlink: /home/karch/ws/TFG_Hunter20_ws/install/urg_node/share/urg_node/package.xml
[0.226s] Invoked command in '/home/karch/ws/TFG_Hunter20_ws/build/urg_node' returned '0': AMENT_PREFIX_PATH=/home/karch/ws/TFG_Hunter20_ws/install/urg_node_msgs:/home/karch/ws/TFG_Hunter20_ws/install/urg_c:${AMENT_PREFIX_PATH} CMAKE_PREFIX_PATH=/home/karch/ws/TFG_Hunter20_ws/install/urg_node_msgs:/home/karch/ws/TFG_Hunter20_ws/install/urg_c:/home/karch/ws/hokuyo_ws/install/urg_node:/home/karch/ws/hokuyo_ws/install/urg_node_msgs:/home/karch/ws/hokuyo_ws/install/urg_c:/home/karch/ws/hokuyo_ws/install/tfg_pkg:/home/karch/ws/hokuyo_ws/install/robot_status_publisher:/home/karch/ws/hokuyo_ws/install/keyboard_control:/home/karch/ws/hokuyo_ws/install/coppelia_ros2_pkg:/home/karch/ws/hunter20_ws/install/hunter_base:/opt/ros/humble:/home/karch/ws/hunter20_ws/install/ugv_sdk:/home/karch/ws/hunter20_ws/install/hunter_msgs:/home/karch/ws/dev_ws/install/first_pkg LD_LIBRARY_PATH=/home/karch/ws/TFG_Hunter20_ws/install/urg_node_msgs/lib:/home/karch/ws/TFG_Hunter20_ws/install/urg_c/lib:${LD_LIBRARY_PATH} PATH=/home/karch/ws/TFG_Hunter20_ws/install/urg_c/bin:${PATH} PYTHONPATH=/home/karch/ws/TFG_Hunter20_ws/install/urg_node_msgs/local/lib/python3.10/dist-packages:${PYTHONPATH} /usr/bin/cmake --install /home/karch/ws/TFG_Hunter20_ws/build/urg_node
