[0.264s] DEBUG:colcon:Command line arguments: ['/usr/bin/colcon', 'build', '--symlink-install']
[0.265s] DEBUG:colcon:Parsed command line arguments: Namespace(log_base=None, log_level=None, verb_name='build', build_base='build', install_base='install', merge_install=False, symlink_install=True, test_result_base=None, continue_on_error=False, executor='parallel', parallel_workers=16, event_handlers=None, ignore_user_meta=False, metas=['./colcon.meta'], base_paths=['.'], packages_ignore=None, packages_ignore_regex=None, paths=None, packages_up_to=None, packages_up_to_regex=None, packages_above=None, packages_above_and_dependencies=None, packages_above_depth=None, packages_select_by_dep=None, packages_skip_by_dep=None, packages_skip_up_to=None, packages_select_build_failed=False, packages_skip_build_finished=False, packages_select_test_failures=False, packages_skip_test_passed=False, packages_select=None, packages_skip=None, packages_select_regex=None, packages_skip_regex=None, packages_start=None, packages_end=None, allow_overriding=[], cmake_args=None, cmake_target=None, cmake_target_skip_unavailable=False, cmake_clean_cache=False, cmake_clean_first=False, cmake_force_configure=False, ament_cmake_args=None, catkin_cmake_args=None, catkin_skip_building_tests=False, verb_parser=<colcon_defaults.argument_parser.defaults.DefaultArgumentsDecorator object at 0x7f8b5e6a33d0>, verb_extension=<colcon_core.verb.build.BuildVerb object at 0x7f8b5eeb2d40>, main=<bound method BuildVerb.main of <colcon_core.verb.build.BuildVerb object at 0x7f8b5eeb2d40>>)
[0.301s] Level 1:colcon.colcon_core.package_discovery:discover_packages(colcon_meta) check parameters
[0.301s] Level 1:colcon.colcon_core.package_discovery:discover_packages(recursive) check parameters
[0.301s] Level 1:colcon.colcon_core.package_discovery:discover_packages(ignore) check parameters
[0.301s] Level 1:colcon.colcon_core.package_discovery:discover_packages(path) check parameters
[0.301s] Level 1:colcon.colcon_core.package_discovery:discover_packages(colcon_meta) discover
[0.301s] Level 1:colcon.colcon_core.package_discovery:discover_packages(recursive) discover
[0.301s] INFO:colcon.colcon_core.package_discovery:Crawling recursively for packages in '/home/karch/ws/TFG_Hunter20_ws'
[0.301s] Level 1:colcon.colcon_core.package_identification:_identify(.) by extensions ['ignore', 'ignore_ament_install']
[0.301s] Level 1:colcon.colcon_core.package_identification:_identify(.) by extension 'ignore'
[0.301s] Level 1:colcon.colcon_core.package_identification:_identify(.) by extension 'ignore_ament_install'
[0.301s] Level 1:colcon.colcon_core.package_identification:_identify(.) by extensions ['colcon_pkg']
[0.301s] Level 1:colcon.colcon_core.package_identification:_identify(.) by extension 'colcon_pkg'
[0.302s] Level 1:colcon.colcon_core.package_identification:_identify(.) by extensions ['colcon_meta']
[0.302s] Level 1:colcon.colcon_core.package_identification:_identify(.) by extension 'colcon_meta'
[0.302s] Level 1:colcon.colcon_core.package_identification:_identify(.) by extensions ['ros']
[0.302s] Level 1:colcon.colcon_core.package_identification:_identify(.) by extension 'ros'
[0.314s] Level 1:colcon.colcon_core.package_identification:_identify(.) by extensions ['cmake', 'python']
[0.314s] Level 1:colcon.colcon_core.package_identification:_identify(.) by extension 'cmake'
[0.314s] Level 1:colcon.colcon_core.package_identification:_identify(.) by extension 'python'
[0.314s] Level 1:colcon.colcon_core.package_identification:_identify(.) by extensions ['python_setup_py']
[0.314s] Level 1:colcon.colcon_core.package_identification:_identify(.) by extension 'python_setup_py'
[0.314s] Level 1:colcon.colcon_core.package_identification:_identify(build) by extensions ['ignore', 'ignore_ament_install']
[0.314s] Level 1:colcon.colcon_core.package_identification:_identify(build) by extension 'ignore'
[0.314s] Level 1:colcon.colcon_core.package_identification:_identify(build) ignored
[0.314s] Level 1:colcon.colcon_core.package_identification:_identify(install) by extensions ['ignore', 'ignore_ament_install']
[0.314s] Level 1:colcon.colcon_core.package_identification:_identify(install) by extension 'ignore'
[0.314s] Level 1:colcon.colcon_core.package_identification:_identify(install) ignored
[0.314s] Level 1:colcon.colcon_core.package_identification:_identify(log) by extensions ['ignore', 'ignore_ament_install']
[0.314s] Level 1:colcon.colcon_core.package_identification:_identify(log) by extension 'ignore'
[0.315s] Level 1:colcon.colcon_core.package_identification:_identify(log) ignored
[0.315s] Level 1:colcon.colcon_core.package_identification:_identify(src) by extensions ['ignore', 'ignore_ament_install']
[0.315s] Level 1:colcon.colcon_core.package_identification:_identify(src) by extension 'ignore'
[0.315s] Level 1:colcon.colcon_core.package_identification:_identify(src) by extension 'ignore_ament_install'
[0.315s] Level 1:colcon.colcon_core.package_identification:_identify(src) by extensions ['colcon_pkg']
[0.315s] Level 1:colcon.colcon_core.package_identification:_identify(src) by extension 'colcon_pkg'
[0.315s] Level 1:colcon.colcon_core.package_identification:_identify(src) by extensions ['colcon_meta']
[0.315s] Level 1:colcon.colcon_core.package_identification:_identify(src) by extension 'colcon_meta'
[0.315s] Level 1:colcon.colcon_core.package_identification:_identify(src) by extensions ['ros']
[0.315s] Level 1:colcon.colcon_core.package_identification:_identify(src) by extension 'ros'
[0.315s] Level 1:colcon.colcon_core.package_identification:_identify(src) by extensions ['cmake', 'python']
[0.315s] Level 1:colcon.colcon_core.package_identification:_identify(src) by extension 'cmake'
[0.315s] Level 1:colcon.colcon_core.package_identification:_identify(src) by extension 'python'
[0.315s] Level 1:colcon.colcon_core.package_identification:_identify(src) by extensions ['python_setup_py']
[0.315s] Level 1:colcon.colcon_core.package_identification:_identify(src) by extension 'python_setup_py'
[0.315s] Level 1:colcon.colcon_core.package_identification:_identify(src/tfg_pkg) by extensions ['ignore', 'ignore_ament_install']
[0.315s] Level 1:colcon.colcon_core.package_identification:_identify(src/tfg_pkg) by extension 'ignore'
[0.315s] Level 1:colcon.colcon_core.package_identification:_identify(src/tfg_pkg) by extension 'ignore_ament_install'
[0.315s] Level 1:colcon.colcon_core.package_identification:_identify(src/tfg_pkg) by extensions ['colcon_pkg']
[0.315s] Level 1:colcon.colcon_core.package_identification:_identify(src/tfg_pkg) by extension 'colcon_pkg'
[0.315s] Level 1:colcon.colcon_core.package_identification:_identify(src/tfg_pkg) by extensions ['colcon_meta']
[0.315s] Level 1:colcon.colcon_core.package_identification:_identify(src/tfg_pkg) by extension 'colcon_meta'
[0.315s] Level 1:colcon.colcon_core.package_identification:_identify(src/tfg_pkg) by extensions ['ros']
[0.315s] Level 1:colcon.colcon_core.package_identification:_identify(src/tfg_pkg) by extension 'ros'
[0.317s] DEBUG:colcon.colcon_core.package_identification:Package 'src/tfg_pkg' with type 'ros.ament_cmake' and name 'tfg_pkg'
[0.317s] Level 1:colcon.colcon_core.package_identification:_identify(src/urg_c) by extensions ['ignore', 'ignore_ament_install']
[0.317s] Level 1:colcon.colcon_core.package_identification:_identify(src/urg_c) by extension 'ignore'
[0.317s] Level 1:colcon.colcon_core.package_identification:_identify(src/urg_c) by extension 'ignore_ament_install'
[0.317s] Level 1:colcon.colcon_core.package_identification:_identify(src/urg_c) by extensions ['colcon_pkg']
[0.318s] Level 1:colcon.colcon_core.package_identification:_identify(src/urg_c) by extension 'colcon_pkg'
[0.318s] Level 1:colcon.colcon_core.package_identification:_identify(src/urg_c) by extensions ['colcon_meta']
[0.318s] Level 1:colcon.colcon_core.package_identification:_identify(src/urg_c) by extension 'colcon_meta'
[0.318s] Level 1:colcon.colcon_core.package_identification:_identify(src/urg_c) by extensions ['ros']
[0.318s] Level 1:colcon.colcon_core.package_identification:_identify(src/urg_c) by extension 'ros'
[0.318s] DEBUG:colcon.colcon_core.package_identification:Package 'src/urg_c' with type 'ros.ament_cmake' and name 'urg_c'
[0.318s] Level 1:colcon.colcon_core.package_identification:_identify(src/urg_node) by extensions ['ignore', 'ignore_ament_install']
[0.319s] Level 1:colcon.colcon_core.package_identification:_identify(src/urg_node) by extension 'ignore'
[0.319s] Level 1:colcon.colcon_core.package_identification:_identify(src/urg_node) by extension 'ignore_ament_install'
[0.319s] Level 1:colcon.colcon_core.package_identification:_identify(src/urg_node) by extensions ['colcon_pkg']
[0.319s] Level 1:colcon.colcon_core.package_identification:_identify(src/urg_node) by extension 'colcon_pkg'
[0.319s] Level 1:colcon.colcon_core.package_identification:_identify(src/urg_node) by extensions ['colcon_meta']
[0.319s] Level 1:colcon.colcon_core.package_identification:_identify(src/urg_node) by extension 'colcon_meta'
[0.319s] Level 1:colcon.colcon_core.package_identification:_identify(src/urg_node) by extensions ['ros']
[0.319s] Level 1:colcon.colcon_core.package_identification:_identify(src/urg_node) by extension 'ros'
[0.320s] DEBUG:colcon.colcon_core.package_identification:Package 'src/urg_node' with type 'ros.ament_cmake' and name 'urg_node'
[0.320s] Level 1:colcon.colcon_core.package_identification:_identify(src/urg_node_msgs) by extensions ['ignore', 'ignore_ament_install']
[0.320s] Level 1:colcon.colcon_core.package_identification:_identify(src/urg_node_msgs) by extension 'ignore'
[0.320s] Level 1:colcon.colcon_core.package_identification:_identify(src/urg_node_msgs) by extension 'ignore_ament_install'
[0.320s] Level 1:colcon.colcon_core.package_identification:_identify(src/urg_node_msgs) by extensions ['colcon_pkg']
[0.320s] Level 1:colcon.colcon_core.package_identification:_identify(src/urg_node_msgs) by extension 'colcon_pkg'
[0.320s] Level 1:colcon.colcon_core.package_identification:_identify(src/urg_node_msgs) by extensions ['colcon_meta']
[0.320s] Level 1:colcon.colcon_core.package_identification:_identify(src/urg_node_msgs) by extension 'colcon_meta'
[0.320s] Level 1:colcon.colcon_core.package_identification:_identify(src/urg_node_msgs) by extensions ['ros']
[0.320s] Level 1:colcon.colcon_core.package_identification:_identify(src/urg_node_msgs) by extension 'ros'
[0.321s] DEBUG:colcon.colcon_core.package_identification:Package 'src/urg_node_msgs' with type 'ros.ament_cmake' and name 'urg_node_msgs'
[0.321s] Level 1:colcon.colcon_core.package_discovery:discover_packages(recursive) using defaults
[0.321s] Level 1:colcon.colcon_core.package_discovery:discover_packages(ignore) discover
[0.321s] Level 1:colcon.colcon_core.package_discovery:discover_packages(ignore) using defaults
[0.321s] Level 1:colcon.colcon_core.package_discovery:discover_packages(path) discover
[0.321s] Level 1:colcon.colcon_core.package_discovery:discover_packages(path) using defaults
[0.344s] Level 1:colcon.colcon_core.package_discovery:discover_packages(prefix_path) check parameters
[0.344s] Level 1:colcon.colcon_core.package_discovery:discover_packages(prefix_path) discover
[0.346s] DEBUG:colcon.colcon_installed_package_information.package_discovery:Found 7 installed packages in /home/karch/ws/hokuyo_ws/install
[0.347s] DEBUG:colcon.colcon_installed_package_information.package_discovery:Found 3 installed packages in /home/karch/ws/hunter20_ws/install
[0.348s] DEBUG:colcon.colcon_installed_package_information.package_discovery:Found 1 installed packages in /home/karch/ws/dev_ws/install
[0.349s] DEBUG:colcon.colcon_installed_package_information.package_discovery:Found 318 installed packages in /opt/ros/humble
[0.351s] Level 1:colcon.colcon_core.package_discovery:discover_packages(prefix_path) using defaults
[0.400s] Level 5:colcon.colcon_core.verb:set package 'tfg_pkg' build argument 'cmake_args' from command line to 'None'
[0.400s] Level 5:colcon.colcon_core.verb:set package 'tfg_pkg' build argument 'cmake_target' from command line to 'None'
[0.400s] Level 5:colcon.colcon_core.verb:set package 'tfg_pkg' build argument 'cmake_target_skip_unavailable' from command line to 'False'
[0.400s] Level 5:colcon.colcon_core.verb:set package 'tfg_pkg' build argument 'cmake_clean_cache' from command line to 'False'
[0.401s] Level 5:colcon.colcon_core.verb:set package 'tfg_pkg' build argument 'cmake_clean_first' from command line to 'False'
[0.401s] Level 5:colcon.colcon_core.verb:set package 'tfg_pkg' build argument 'cmake_force_configure' from command line to 'False'
[0.401s] Level 5:colcon.colcon_core.verb:set package 'tfg_pkg' build argument 'ament_cmake_args' from command line to 'None'
[0.401s] Level 5:colcon.colcon_core.verb:set package 'tfg_pkg' build argument 'catkin_cmake_args' from command line to 'None'
[0.401s] Level 5:colcon.colcon_core.verb:set package 'tfg_pkg' build argument 'catkin_skip_building_tests' from command line to 'False'
[0.401s] DEBUG:colcon.colcon_core.verb:Building package 'tfg_pkg' with the following arguments: {'ament_cmake_args': None, 'build_base': '/home/karch/ws/TFG_Hunter20_ws/build/tfg_pkg', 'catkin_cmake_args': None, 'catkin_skip_building_tests': False, 'cmake_args': None, 'cmake_clean_cache': False, 'cmake_clean_first': False, 'cmake_force_configure': False, 'cmake_target': None, 'cmake_target_skip_unavailable': False, 'install_base': '/home/karch/ws/TFG_Hunter20_ws/install/tfg_pkg', 'merge_install': False, 'path': '/home/karch/ws/TFG_Hunter20_ws/src/tfg_pkg', 'symlink_install': True, 'test_result_base': None}
[0.401s] Level 5:colcon.colcon_core.verb:set package 'urg_c' build argument 'cmake_args' from command line to 'None'
[0.401s] Level 5:colcon.colcon_core.verb:set package 'urg_c' build argument 'cmake_target' from command line to 'None'
[0.401s] Level 5:colcon.colcon_core.verb:set package 'urg_c' build argument 'cmake_target_skip_unavailable' from command line to 'False'
[0.401s] Level 5:colcon.colcon_core.verb:set package 'urg_c' build argument 'cmake_clean_cache' from command line to 'False'
[0.401s] Level 5:colcon.colcon_core.verb:set package 'urg_c' build argument 'cmake_clean_first' from command line to 'False'
[0.401s] Level 5:colcon.colcon_core.verb:set package 'urg_c' build argument 'cmake_force_configure' from command line to 'False'
[0.401s] Level 5:colcon.colcon_core.verb:set package 'urg_c' build argument 'ament_cmake_args' from command line to 'None'
[0.401s] Level 5:colcon.colcon_core.verb:set package 'urg_c' build argument 'catkin_cmake_args' from command line to 'None'
[0.401s] Level 5:colcon.colcon_core.verb:set package 'urg_c' build argument 'catkin_skip_building_tests' from command line to 'False'
[0.402s] DEBUG:colcon.colcon_core.verb:Building package 'urg_c' with the following arguments: {'ament_cmake_args': None, 'build_base': '/home/karch/ws/TFG_Hunter20_ws/build/urg_c', 'catkin_cmake_args': None, 'catkin_skip_building_tests': False, 'cmake_args': None, 'cmake_clean_cache': False, 'cmake_clean_first': False, 'cmake_force_configure': False, 'cmake_target': None, 'cmake_target_skip_unavailable': False, 'install_base': '/home/karch/ws/TFG_Hunter20_ws/install/urg_c', 'merge_install': False, 'path': '/home/karch/ws/TFG_Hunter20_ws/src/urg_c', 'symlink_install': True, 'test_result_base': None}
[0.402s] Level 5:colcon.colcon_core.verb:set package 'urg_node_msgs' build argument 'cmake_args' from command line to 'None'
[0.402s] Level 5:colcon.colcon_core.verb:set package 'urg_node_msgs' build argument 'cmake_target' from command line to 'None'
[0.402s] Level 5:colcon.colcon_core.verb:set package 'urg_node_msgs' build argument 'cmake_target_skip_unavailable' from command line to 'False'
[0.402s] Level 5:colcon.colcon_core.verb:set package 'urg_node_msgs' build argument 'cmake_clean_cache' from command line to 'False'
[0.402s] Level 5:colcon.colcon_core.verb:set package 'urg_node_msgs' build argument 'cmake_clean_first' from command line to 'False'
[0.402s] Level 5:colcon.colcon_core.verb:set package 'urg_node_msgs' build argument 'cmake_force_configure' from command line to 'False'
[0.402s] Level 5:colcon.colcon_core.verb:set package 'urg_node_msgs' build argument 'ament_cmake_args' from command line to 'None'
[0.402s] Level 5:colcon.colcon_core.verb:set package 'urg_node_msgs' build argument 'catkin_cmake_args' from command line to 'None'
[0.402s] Level 5:colcon.colcon_core.verb:set package 'urg_node_msgs' build argument 'catkin_skip_building_tests' from command line to 'False'
[0.402s] DEBUG:colcon.colcon_core.verb:Building package 'urg_node_msgs' with the following arguments: {'ament_cmake_args': None, 'build_base': '/home/karch/ws/TFG_Hunter20_ws/build/urg_node_msgs', 'catkin_cmake_args': None, 'catkin_skip_building_tests': False, 'cmake_args': None, 'cmake_clean_cache': False, 'cmake_clean_first': False, 'cmake_force_configure': False, 'cmake_target': None, 'cmake_target_skip_unavailable': False, 'install_base': '/home/karch/ws/TFG_Hunter20_ws/install/urg_node_msgs', 'merge_install': False, 'path': '/home/karch/ws/TFG_Hunter20_ws/src/urg_node_msgs', 'symlink_install': True, 'test_result_base': None}
[0.403s] Level 5:colcon.colcon_core.verb:set package 'urg_node' build argument 'cmake_args' from command line to 'None'
[0.403s] Level 5:colcon.colcon_core.verb:set package 'urg_node' build argument 'cmake_target' from command line to 'None'
[0.403s] Level 5:colcon.colcon_core.verb:set package 'urg_node' build argument 'cmake_target_skip_unavailable' from command line to 'False'
[0.403s] Level 5:colcon.colcon_core.verb:set package 'urg_node' build argument 'cmake_clean_cache' from command line to 'False'
[0.403s] Level 5:colcon.colcon_core.verb:set package 'urg_node' build argument 'cmake_clean_first' from command line to 'False'
[0.403s] Level 5:colcon.colcon_core.verb:set package 'urg_node' build argument 'cmake_force_configure' from command line to 'False'
[0.403s] Level 5:colcon.colcon_core.verb:set package 'urg_node' build argument 'ament_cmake_args' from command line to 'None'
[0.403s] Level 5:colcon.colcon_core.verb:set package 'urg_node' build argument 'catkin_cmake_args' from command line to 'None'
[0.403s] Level 5:colcon.colcon_core.verb:set package 'urg_node' build argument 'catkin_skip_building_tests' from command line to 'False'
[0.403s] DEBUG:colcon.colcon_core.verb:Building package 'urg_node' with the following arguments: {'ament_cmake_args': None, 'build_base': '/home/karch/ws/TFG_Hunter20_ws/build/urg_node', 'catkin_cmake_args': None, 'catkin_skip_building_tests': False, 'cmake_args': None, 'cmake_clean_cache': False, 'cmake_clean_first': False, 'cmake_force_configure': False, 'cmake_target': None, 'cmake_target_skip_unavailable': False, 'install_base': '/home/karch/ws/TFG_Hunter20_ws/install/urg_node', 'merge_install': False, 'path': '/home/karch/ws/TFG_Hunter20_ws/src/urg_node', 'symlink_install': True, 'test_result_base': None}
[0.404s] INFO:colcon.colcon_core.executor:Executing jobs using 'parallel' executor
[0.407s] DEBUG:colcon.colcon_parallel_executor.executor.parallel:run_until_complete
[0.408s] INFO:colcon.colcon_ros.task.ament_cmake.build:Building ROS package in '/home/karch/ws/TFG_Hunter20_ws/src/urg_c' with build type 'ament_cmake'
[0.408s] INFO:colcon.colcon_cmake.task.cmake.build:Building CMake package in '/home/karch/ws/TFG_Hunter20_ws/src/urg_c'
[0.412s] INFO:colcon.colcon_core.plugin_system:Skipping extension 'colcon_core.shell.bat': Not used on non-Windows systems
[0.412s] INFO:colcon.colcon_core.shell:Skip shell extension 'powershell' for command environment: Not usable outside of PowerShell
[0.412s] DEBUG:colcon.colcon_core.shell:Skip shell extension 'dsv' for command environment
[0.418s] INFO:colcon.colcon_ros.task.ament_cmake.build:Building ROS package in '/home/karch/ws/TFG_Hunter20_ws/src/urg_node_msgs' with build type 'ament_cmake'
[0.418s] INFO:colcon.colcon_cmake.task.cmake.build:Building CMake package in '/home/karch/ws/TFG_Hunter20_ws/src/urg_node_msgs'
[0.419s] INFO:colcon.colcon_core.shell:Skip shell extension 'powershell' for command environment: Not usable outside of PowerShell
[0.419s] DEBUG:colcon.colcon_core.shell:Skip shell extension 'dsv' for command environment
[0.426s] INFO:colcon.colcon_ros.task.ament_cmake.build:Building ROS package in '/home/karch/ws/TFG_Hunter20_ws/src/tfg_pkg' with build type 'ament_cmake'
[0.427s] INFO:colcon.colcon_cmake.task.cmake.build:Building CMake package in '/home/karch/ws/TFG_Hunter20_ws/src/tfg_pkg'
[0.428s] INFO:colcon.colcon_core.shell:Skip shell extension 'powershell' for command environment: Not usable outside of PowerShell
[0.428s] DEBUG:colcon.colcon_core.shell:Skip shell extension 'dsv' for command environment
[0.439s] DEBUG:colcon.colcon_core.event_handler.log_command:Invoking command in '/home/karch/ws/TFG_Hunter20_ws/build/urg_c': CMAKE_PREFIX_PATH=/home/karch/ws/hokuyo_ws/install/urg_node:/home/karch/ws/hokuyo_ws/install/urg_node_msgs:/home/karch/ws/hokuyo_ws/install/urg_c:/home/karch/ws/hokuyo_ws/install/tfg_pkg:/home/karch/ws/hokuyo_ws/install/robot_status_publisher:/home/karch/ws/hokuyo_ws/install/keyboard_control:/home/karch/ws/hokuyo_ws/install/coppelia_ros2_pkg:/home/karch/ws/hunter20_ws/install/hunter_base:/opt/ros/humble:/home/karch/ws/hunter20_ws/install/ugv_sdk:/home/karch/ws/hunter20_ws/install/hunter_msgs:/home/karch/ws/dev_ws/install/first_pkg /usr/bin/cmake --build /home/karch/ws/TFG_Hunter20_ws/build/urg_c -- -j16 -l16
[0.444s] DEBUG:colcon.colcon_core.event_handler.log_command:Invoking command in '/home/karch/ws/TFG_Hunter20_ws/build/urg_node_msgs': CMAKE_PREFIX_PATH=/home/karch/ws/hokuyo_ws/install/urg_node:/home/karch/ws/hokuyo_ws/install/urg_node_msgs:/home/karch/ws/hokuyo_ws/install/urg_c:/home/karch/ws/hokuyo_ws/install/tfg_pkg:/home/karch/ws/hokuyo_ws/install/robot_status_publisher:/home/karch/ws/hokuyo_ws/install/keyboard_control:/home/karch/ws/hokuyo_ws/install/coppelia_ros2_pkg:/home/karch/ws/hunter20_ws/install/hunter_base:/opt/ros/humble:/home/karch/ws/hunter20_ws/install/ugv_sdk:/home/karch/ws/hunter20_ws/install/hunter_msgs:/home/karch/ws/dev_ws/install/first_pkg /usr/bin/cmake --build /home/karch/ws/TFG_Hunter20_ws/build/urg_node_msgs -- -j16 -l16
[0.449s] DEBUG:colcon.colcon_core.event_handler.log_command:Invoking command in '/home/karch/ws/TFG_Hunter20_ws/build/tfg_pkg': CMAKE_PREFIX_PATH=/home/karch/ws/hokuyo_ws/install/urg_node:/home/karch/ws/hokuyo_ws/install/urg_node_msgs:/home/karch/ws/hokuyo_ws/install/urg_c:/home/karch/ws/hokuyo_ws/install/tfg_pkg:/home/karch/ws/hokuyo_ws/install/robot_status_publisher:/home/karch/ws/hokuyo_ws/install/keyboard_control:/home/karch/ws/hokuyo_ws/install/coppelia_ros2_pkg:/home/karch/ws/hunter20_ws/install/hunter_base:/opt/ros/humble:/home/karch/ws/hunter20_ws/install/ugv_sdk:/home/karch/ws/hunter20_ws/install/hunter_msgs:/home/karch/ws/dev_ws/install/first_pkg /usr/bin/cmake --build /home/karch/ws/TFG_Hunter20_ws/build/tfg_pkg -- -j16 -l16
[0.543s] DEBUG:colcon.colcon_core.event_handler.log_command:Invoked command in '/home/karch/ws/TFG_Hunter20_ws/build/tfg_pkg' returned '0': CMAKE_PREFIX_PATH=/home/karch/ws/hokuyo_ws/install/urg_node:/home/karch/ws/hokuyo_ws/install/urg_node_msgs:/home/karch/ws/hokuyo_ws/install/urg_c:/home/karch/ws/hokuyo_ws/install/tfg_pkg:/home/karch/ws/hokuyo_ws/install/robot_status_publisher:/home/karch/ws/hokuyo_ws/install/keyboard_control:/home/karch/ws/hokuyo_ws/install/coppelia_ros2_pkg:/home/karch/ws/hunter20_ws/install/hunter_base:/opt/ros/humble:/home/karch/ws/hunter20_ws/install/ugv_sdk:/home/karch/ws/hunter20_ws/install/hunter_msgs:/home/karch/ws/dev_ws/install/first_pkg /usr/bin/cmake --build /home/karch/ws/TFG_Hunter20_ws/build/tfg_pkg -- -j16 -l16
[0.631s] DEBUG:colcon.colcon_core.event_handler.log_command:Invoking command in '/home/karch/ws/TFG_Hunter20_ws/build/tfg_pkg': CMAKE_PREFIX_PATH=/home/karch/ws/hokuyo_ws/install/urg_node:/home/karch/ws/hokuyo_ws/install/urg_node_msgs:/home/karch/ws/hokuyo_ws/install/urg_c:/home/karch/ws/hokuyo_ws/install/tfg_pkg:/home/karch/ws/hokuyo_ws/install/robot_status_publisher:/home/karch/ws/hokuyo_ws/install/keyboard_control:/home/karch/ws/hokuyo_ws/install/coppelia_ros2_pkg:/home/karch/ws/hunter20_ws/install/hunter_base:/opt/ros/humble:/home/karch/ws/hunter20_ws/install/ugv_sdk:/home/karch/ws/hunter20_ws/install/hunter_msgs:/home/karch/ws/dev_ws/install/first_pkg /usr/bin/cmake --install /home/karch/ws/TFG_Hunter20_ws/build/tfg_pkg
[0.632s] DEBUG:colcon.colcon_core.event_handler.log_command:Invoked command in '/home/karch/ws/TFG_Hunter20_ws/build/urg_c' returned '0': CMAKE_PREFIX_PATH=/home/karch/ws/hokuyo_ws/install/urg_node:/home/karch/ws/hokuyo_ws/install/urg_node_msgs:/home/karch/ws/hokuyo_ws/install/urg_c:/home/karch/ws/hokuyo_ws/install/tfg_pkg:/home/karch/ws/hokuyo_ws/install/robot_status_publisher:/home/karch/ws/hokuyo_ws/install/keyboard_control:/home/karch/ws/hokuyo_ws/install/coppelia_ros2_pkg:/home/karch/ws/hunter20_ws/install/hunter_base:/opt/ros/humble:/home/karch/ws/hunter20_ws/install/ugv_sdk:/home/karch/ws/hunter20_ws/install/hunter_msgs:/home/karch/ws/dev_ws/install/first_pkg /usr/bin/cmake --build /home/karch/ws/TFG_Hunter20_ws/build/urg_c -- -j16 -l16
[0.663s] Level 1:colcon.colcon_core.environment:create_environment_scripts_only(tfg_pkg)
[0.664s] DEBUG:colcon.colcon_core.event_handler.log_command:Invoked command in '/home/karch/ws/TFG_Hunter20_ws/build/tfg_pkg' returned '0': CMAKE_PREFIX_PATH=/home/karch/ws/hokuyo_ws/install/urg_node:/home/karch/ws/hokuyo_ws/install/urg_node_msgs:/home/karch/ws/hokuyo_ws/install/urg_c:/home/karch/ws/hokuyo_ws/install/tfg_pkg:/home/karch/ws/hokuyo_ws/install/robot_status_publisher:/home/karch/ws/hokuyo_ws/install/keyboard_control:/home/karch/ws/hokuyo_ws/install/coppelia_ros2_pkg:/home/karch/ws/hunter20_ws/install/hunter_base:/opt/ros/humble:/home/karch/ws/hunter20_ws/install/ugv_sdk:/home/karch/ws/hunter20_ws/install/hunter_msgs:/home/karch/ws/dev_ws/install/first_pkg /usr/bin/cmake --install /home/karch/ws/TFG_Hunter20_ws/build/tfg_pkg
[0.667s] Level 1:colcon.colcon_core.environment:checking '/home/karch/ws/TFG_Hunter20_ws/install/tfg_pkg' for CMake module files
[0.668s] Level 1:colcon.colcon_core.environment:checking '/home/karch/ws/TFG_Hunter20_ws/install/tfg_pkg' for CMake config files
[0.668s] Level 1:colcon.colcon_core.shell:create_environment_hook('tfg_pkg', 'cmake_prefix_path')
[0.669s] INFO:colcon.colcon_core.shell:Creating environment hook '/home/karch/ws/TFG_Hunter20_ws/install/tfg_pkg/share/tfg_pkg/hook/cmake_prefix_path.ps1'
[0.671s] INFO:colcon.colcon_core.shell:Creating environment descriptor '/home/karch/ws/TFG_Hunter20_ws/install/tfg_pkg/share/tfg_pkg/hook/cmake_prefix_path.dsv'
[0.671s] INFO:colcon.colcon_core.shell:Creating environment hook '/home/karch/ws/TFG_Hunter20_ws/install/tfg_pkg/share/tfg_pkg/hook/cmake_prefix_path.sh'
[0.672s] Level 1:colcon.colcon_core.environment:checking '/home/karch/ws/TFG_Hunter20_ws/install/tfg_pkg/lib'
[0.673s] Level 1:colcon.colcon_core.environment:checking '/home/karch/ws/TFG_Hunter20_ws/install/tfg_pkg/bin'
[0.673s] Level 1:colcon.colcon_core.environment:checking '/home/karch/ws/TFG_Hunter20_ws/install/tfg_pkg/lib/pkgconfig/tfg_pkg.pc'
[0.673s] Level 1:colcon.colcon_core.environment:checking '/home/karch/ws/TFG_Hunter20_ws/install/tfg_pkg/lib/python3.10/site-packages'
[0.673s] Level 1:colcon.colcon_core.environment:checking '/home/karch/ws/TFG_Hunter20_ws/install/tfg_pkg/bin'
[0.676s] INFO:colcon.colcon_core.shell:Creating package script '/home/karch/ws/TFG_Hunter20_ws/install/tfg_pkg/share/tfg_pkg/package.ps1'
[0.676s] INFO:colcon.colcon_core.shell:Creating package descriptor '/home/karch/ws/TFG_Hunter20_ws/install/tfg_pkg/share/tfg_pkg/package.dsv'
[0.677s] INFO:colcon.colcon_core.shell:Creating package script '/home/karch/ws/TFG_Hunter20_ws/install/tfg_pkg/share/tfg_pkg/package.sh'
[0.678s] INFO:colcon.colcon_core.shell:Creating package script '/home/karch/ws/TFG_Hunter20_ws/install/tfg_pkg/share/tfg_pkg/package.bash'
[0.678s] INFO:colcon.colcon_core.shell:Creating package script '/home/karch/ws/TFG_Hunter20_ws/install/tfg_pkg/share/tfg_pkg/package.zsh'
[0.679s] Level 1:colcon.colcon_core.environment:create_file_with_runtime_dependencies(/home/karch/ws/TFG_Hunter20_ws/install/tfg_pkg/share/colcon-core/packages/tfg_pkg)
[0.726s] Level 1:colcon.colcon_core.environment:create_environment_scripts_only(tfg_pkg)
[0.727s] Level 1:colcon.colcon_core.environment:checking '/home/karch/ws/TFG_Hunter20_ws/install/tfg_pkg' for CMake module files
[0.728s] Level 1:colcon.colcon_core.environment:checking '/home/karch/ws/TFG_Hunter20_ws/install/tfg_pkg' for CMake config files
[0.728s] Level 1:colcon.colcon_core.shell:create_environment_hook('tfg_pkg', 'cmake_prefix_path')
[0.729s] INFO:colcon.colcon_core.shell:Creating environment hook '/home/karch/ws/TFG_Hunter20_ws/install/tfg_pkg/share/tfg_pkg/hook/cmake_prefix_path.ps1'
[0.730s] INFO:colcon.colcon_core.shell:Creating environment descriptor '/home/karch/ws/TFG_Hunter20_ws/install/tfg_pkg/share/tfg_pkg/hook/cmake_prefix_path.dsv'
[0.730s] INFO:colcon.colcon_core.shell:Creating environment hook '/home/karch/ws/TFG_Hunter20_ws/install/tfg_pkg/share/tfg_pkg/hook/cmake_prefix_path.sh'
[0.731s] Level 1:colcon.colcon_core.environment:checking '/home/karch/ws/TFG_Hunter20_ws/install/tfg_pkg/lib'
[0.731s] Level 1:colcon.colcon_core.environment:checking '/home/karch/ws/TFG_Hunter20_ws/install/tfg_pkg/bin'
[0.731s] Level 1:colcon.colcon_core.environment:checking '/home/karch/ws/TFG_Hunter20_ws/install/tfg_pkg/lib/pkgconfig/tfg_pkg.pc'
[0.731s] Level 1:colcon.colcon_core.environment:checking '/home/karch/ws/TFG_Hunter20_ws/install/tfg_pkg/lib/python3.10/site-packages'
[0.731s] Level 1:colcon.colcon_core.environment:checking '/home/karch/ws/TFG_Hunter20_ws/install/tfg_pkg/bin'
[0.732s] INFO:colcon.colcon_core.shell:Creating package script '/home/karch/ws/TFG_Hunter20_ws/install/tfg_pkg/share/tfg_pkg/package.ps1'
[0.733s] INFO:colcon.colcon_core.shell:Creating package descriptor '/home/karch/ws/TFG_Hunter20_ws/install/tfg_pkg/share/tfg_pkg/package.dsv'
[0.733s] INFO:colcon.colcon_core.shell:Creating package script '/home/karch/ws/TFG_Hunter20_ws/install/tfg_pkg/share/tfg_pkg/package.sh'
[0.733s] INFO:colcon.colcon_core.shell:Creating package script '/home/karch/ws/TFG_Hunter20_ws/install/tfg_pkg/share/tfg_pkg/package.bash'
[0.734s] INFO:colcon.colcon_core.shell:Creating package script '/home/karch/ws/TFG_Hunter20_ws/install/tfg_pkg/share/tfg_pkg/package.zsh'
[0.734s] Level 1:colcon.colcon_core.environment:create_file_with_runtime_dependencies(/home/karch/ws/TFG_Hunter20_ws/install/tfg_pkg/share/colcon-core/packages/tfg_pkg)
[0.763s] DEBUG:colcon.colcon_core.event_handler.log_command:Invoking command in '/home/karch/ws/TFG_Hunter20_ws/build/urg_c': CMAKE_PREFIX_PATH=/home/karch/ws/hokuyo_ws/install/urg_node:/home/karch/ws/hokuyo_ws/install/urg_node_msgs:/home/karch/ws/hokuyo_ws/install/urg_c:/home/karch/ws/hokuyo_ws/install/tfg_pkg:/home/karch/ws/hokuyo_ws/install/robot_status_publisher:/home/karch/ws/hokuyo_ws/install/keyboard_control:/home/karch/ws/hokuyo_ws/install/coppelia_ros2_pkg:/home/karch/ws/hunter20_ws/install/hunter_base:/opt/ros/humble:/home/karch/ws/hunter20_ws/install/ugv_sdk:/home/karch/ws/hunter20_ws/install/hunter_msgs:/home/karch/ws/dev_ws/install/first_pkg /usr/bin/cmake --install /home/karch/ws/TFG_Hunter20_ws/build/urg_c
[0.796s] Level 1:colcon.colcon_core.environment:create_environment_scripts_only(urg_c)
[0.797s] Level 1:colcon.colcon_core.environment:checking '/home/karch/ws/TFG_Hunter20_ws/install/urg_c' for CMake module files
[0.798s] DEBUG:colcon.colcon_core.event_handler.log_command:Invoked command in '/home/karch/ws/TFG_Hunter20_ws/build/urg_c' returned '0': CMAKE_PREFIX_PATH=/home/karch/ws/hokuyo_ws/install/urg_node:/home/karch/ws/hokuyo_ws/install/urg_node_msgs:/home/karch/ws/hokuyo_ws/install/urg_c:/home/karch/ws/hokuyo_ws/install/tfg_pkg:/home/karch/ws/hokuyo_ws/install/robot_status_publisher:/home/karch/ws/hokuyo_ws/install/keyboard_control:/home/karch/ws/hokuyo_ws/install/coppelia_ros2_pkg:/home/karch/ws/hunter20_ws/install/hunter_base:/opt/ros/humble:/home/karch/ws/hunter20_ws/install/ugv_sdk:/home/karch/ws/hunter20_ws/install/hunter_msgs:/home/karch/ws/dev_ws/install/first_pkg /usr/bin/cmake --install /home/karch/ws/TFG_Hunter20_ws/build/urg_c
[0.798s] Level 1:colcon.colcon_core.environment:checking '/home/karch/ws/TFG_Hunter20_ws/install/urg_c' for CMake config files
[0.798s] Level 1:colcon.colcon_core.shell:create_environment_hook('urg_c', 'cmake_prefix_path')
[0.799s] INFO:colcon.colcon_core.shell:Creating environment hook '/home/karch/ws/TFG_Hunter20_ws/install/urg_c/share/urg_c/hook/cmake_prefix_path.ps1'
[0.800s] INFO:colcon.colcon_core.shell:Creating environment descriptor '/home/karch/ws/TFG_Hunter20_ws/install/urg_c/share/urg_c/hook/cmake_prefix_path.dsv'
[0.800s] INFO:colcon.colcon_core.shell:Creating environment hook '/home/karch/ws/TFG_Hunter20_ws/install/urg_c/share/urg_c/hook/cmake_prefix_path.sh'
[0.800s] Level 1:colcon.colcon_core.environment:checking '/home/karch/ws/TFG_Hunter20_ws/install/urg_c/lib'
[0.800s] Level 1:colcon.colcon_core.shell:create_environment_hook('urg_c', 'ld_library_path_lib')
[0.801s] INFO:colcon.colcon_core.shell:Creating environment hook '/home/karch/ws/TFG_Hunter20_ws/install/urg_c/share/urg_c/hook/ld_library_path_lib.ps1'
[0.802s] INFO:colcon.colcon_core.shell:Creating environment descriptor '/home/karch/ws/TFG_Hunter20_ws/install/urg_c/share/urg_c/hook/ld_library_path_lib.dsv'
[0.802s] INFO:colcon.colcon_core.shell:Creating environment hook '/home/karch/ws/TFG_Hunter20_ws/install/urg_c/share/urg_c/hook/ld_library_path_lib.sh'
[0.802s] Level 1:colcon.colcon_core.environment:checking '/home/karch/ws/TFG_Hunter20_ws/install/urg_c/bin'
[0.802s] Level 1:colcon.colcon_core.shell:create_environment_hook('urg_c', 'path')
[0.804s] INFO:colcon.colcon_core.shell:Creating environment hook '/home/karch/ws/TFG_Hunter20_ws/install/urg_c/share/urg_c/hook/path.ps1'
[0.805s] INFO:colcon.colcon_core.shell:Creating environment descriptor '/home/karch/ws/TFG_Hunter20_ws/install/urg_c/share/urg_c/hook/path.dsv'
[0.805s] INFO:colcon.colcon_core.shell:Creating environment hook '/home/karch/ws/TFG_Hunter20_ws/install/urg_c/share/urg_c/hook/path.sh'
[0.805s] Level 1:colcon.colcon_core.environment:checking '/home/karch/ws/TFG_Hunter20_ws/install/urg_c/lib/pkgconfig/urg_c.pc'
[0.806s] Level 1:colcon.colcon_core.environment:checking '/home/karch/ws/TFG_Hunter20_ws/install/urg_c/lib/python3.10/site-packages'
[0.806s] Level 1:colcon.colcon_core.environment:checking '/home/karch/ws/TFG_Hunter20_ws/install/urg_c/bin'
[0.806s] Level 1:colcon.colcon_core.shell:create_environment_hook('urg_c', 'pythonscriptspath')
[0.807s] INFO:colcon.colcon_core.shell:Creating environment hook '/home/karch/ws/TFG_Hunter20_ws/install/urg_c/share/urg_c/hook/pythonscriptspath.ps1'
[0.808s] INFO:colcon.colcon_core.shell:Creating environment descriptor '/home/karch/ws/TFG_Hunter20_ws/install/urg_c/share/urg_c/hook/pythonscriptspath.dsv'
[0.808s] INFO:colcon.colcon_core.shell:Creating environment hook '/home/karch/ws/TFG_Hunter20_ws/install/urg_c/share/urg_c/hook/pythonscriptspath.sh'
[0.809s] INFO:colcon.colcon_core.shell:Creating package script '/home/karch/ws/TFG_Hunter20_ws/install/urg_c/share/urg_c/package.ps1'
[0.810s] INFO:colcon.colcon_core.shell:Creating package descriptor '/home/karch/ws/TFG_Hunter20_ws/install/urg_c/share/urg_c/package.dsv'
[0.810s] INFO:colcon.colcon_core.shell:Creating package script '/home/karch/ws/TFG_Hunter20_ws/install/urg_c/share/urg_c/package.sh'
[0.811s] INFO:colcon.colcon_core.shell:Creating package script '/home/karch/ws/TFG_Hunter20_ws/install/urg_c/share/urg_c/package.bash'
[0.811s] INFO:colcon.colcon_core.shell:Creating package script '/home/karch/ws/TFG_Hunter20_ws/install/urg_c/share/urg_c/package.zsh'
[0.811s] Level 1:colcon.colcon_core.environment:create_file_with_runtime_dependencies(/home/karch/ws/TFG_Hunter20_ws/install/urg_c/share/colcon-core/packages/urg_c)
[0.848s] DEBUG:colcon.colcon_core.event_handler.log_command:Invoked command in '/home/karch/ws/TFG_Hunter20_ws/build/urg_node_msgs' returned '0': CMAKE_PREFIX_PATH=/home/karch/ws/hokuyo_ws/install/urg_node:/home/karch/ws/hokuyo_ws/install/urg_node_msgs:/home/karch/ws/hokuyo_ws/install/urg_c:/home/karch/ws/hokuyo_ws/install/tfg_pkg:/home/karch/ws/hokuyo_ws/install/robot_status_publisher:/home/karch/ws/hokuyo_ws/install/keyboard_control:/home/karch/ws/hokuyo_ws/install/coppelia_ros2_pkg:/home/karch/ws/hunter20_ws/install/hunter_base:/opt/ros/humble:/home/karch/ws/hunter20_ws/install/ugv_sdk:/home/karch/ws/hunter20_ws/install/hunter_msgs:/home/karch/ws/dev_ws/install/first_pkg /usr/bin/cmake --build /home/karch/ws/TFG_Hunter20_ws/build/urg_node_msgs -- -j16 -l16
[0.941s] DEBUG:colcon.colcon_core.event_handler.log_command:Invoking command in '/home/karch/ws/TFG_Hunter20_ws/build/urg_node_msgs': CMAKE_PREFIX_PATH=/home/karch/ws/hokuyo_ws/install/urg_node:/home/karch/ws/hokuyo_ws/install/urg_node_msgs:/home/karch/ws/hokuyo_ws/install/urg_c:/home/karch/ws/hokuyo_ws/install/tfg_pkg:/home/karch/ws/hokuyo_ws/install/robot_status_publisher:/home/karch/ws/hokuyo_ws/install/keyboard_control:/home/karch/ws/hokuyo_ws/install/coppelia_ros2_pkg:/home/karch/ws/hunter20_ws/install/hunter_base:/opt/ros/humble:/home/karch/ws/hunter20_ws/install/ugv_sdk:/home/karch/ws/hunter20_ws/install/hunter_msgs:/home/karch/ws/dev_ws/install/first_pkg /usr/bin/cmake --install /home/karch/ws/TFG_Hunter20_ws/build/urg_node_msgs
[0.943s] Level 1:colcon.colcon_core.environment:create_environment_scripts_only(urg_c)
[0.945s] Level 1:colcon.colcon_core.environment:checking '/home/karch/ws/TFG_Hunter20_ws/install/urg_c' for CMake module files
[0.945s] Level 1:colcon.colcon_core.environment:checking '/home/karch/ws/TFG_Hunter20_ws/install/urg_c' for CMake config files
[0.945s] Level 1:colcon.colcon_core.shell:create_environment_hook('urg_c', 'cmake_prefix_path')
[0.946s] INFO:colcon.colcon_core.shell:Creating environment hook '/home/karch/ws/TFG_Hunter20_ws/install/urg_c/share/urg_c/hook/cmake_prefix_path.ps1'
[0.947s] INFO:colcon.colcon_core.shell:Creating environment descriptor '/home/karch/ws/TFG_Hunter20_ws/install/urg_c/share/urg_c/hook/cmake_prefix_path.dsv'
[0.947s] INFO:colcon.colcon_core.shell:Creating environment hook '/home/karch/ws/TFG_Hunter20_ws/install/urg_c/share/urg_c/hook/cmake_prefix_path.sh'
[0.947s] Level 1:colcon.colcon_core.environment:checking '/home/karch/ws/TFG_Hunter20_ws/install/urg_c/lib'
[0.947s] Level 1:colcon.colcon_core.shell:create_environment_hook('urg_c', 'ld_library_path_lib')
[0.948s] INFO:colcon.colcon_core.shell:Creating environment hook '/home/karch/ws/TFG_Hunter20_ws/install/urg_c/share/urg_c/hook/ld_library_path_lib.ps1'
[0.948s] INFO:colcon.colcon_core.shell:Creating environment descriptor '/home/karch/ws/TFG_Hunter20_ws/install/urg_c/share/urg_c/hook/ld_library_path_lib.dsv'
[0.949s] INFO:colcon.colcon_core.shell:Creating environment hook '/home/karch/ws/TFG_Hunter20_ws/install/urg_c/share/urg_c/hook/ld_library_path_lib.sh'
[0.949s] Level 1:colcon.colcon_core.environment:checking '/home/karch/ws/TFG_Hunter20_ws/install/urg_c/bin'
[0.949s] Level 1:colcon.colcon_core.shell:create_environment_hook('urg_c', 'path')
[0.950s] INFO:colcon.colcon_core.shell:Creating environment hook '/home/karch/ws/TFG_Hunter20_ws/install/urg_c/share/urg_c/hook/path.ps1'
[0.951s] INFO:colcon.colcon_core.shell:Creating environment descriptor '/home/karch/ws/TFG_Hunter20_ws/install/urg_c/share/urg_c/hook/path.dsv'
[0.951s] INFO:colcon.colcon_core.shell:Creating environment hook '/home/karch/ws/TFG_Hunter20_ws/install/urg_c/share/urg_c/hook/path.sh'
[0.952s] Level 1:colcon.colcon_core.environment:checking '/home/karch/ws/TFG_Hunter20_ws/install/urg_c/lib/pkgconfig/urg_c.pc'
[0.952s] Level 1:colcon.colcon_core.environment:checking '/home/karch/ws/TFG_Hunter20_ws/install/urg_c/lib/python3.10/site-packages'
[0.953s] Level 1:colcon.colcon_core.environment:checking '/home/karch/ws/TFG_Hunter20_ws/install/urg_c/bin'
[0.953s] Level 1:colcon.colcon_core.shell:create_environment_hook('urg_c', 'pythonscriptspath')
[0.954s] INFO:colcon.colcon_core.shell:Creating environment hook '/home/karch/ws/TFG_Hunter20_ws/install/urg_c/share/urg_c/hook/pythonscriptspath.ps1'
[0.958s] INFO:colcon.colcon_core.shell:Creating environment descriptor '/home/karch/ws/TFG_Hunter20_ws/install/urg_c/share/urg_c/hook/pythonscriptspath.dsv'
[0.959s] INFO:colcon.colcon_core.shell:Creating environment hook '/home/karch/ws/TFG_Hunter20_ws/install/urg_c/share/urg_c/hook/pythonscriptspath.sh'
[0.961s] INFO:colcon.colcon_core.shell:Creating package script '/home/karch/ws/TFG_Hunter20_ws/install/urg_c/share/urg_c/package.ps1'
[0.962s] INFO:colcon.colcon_core.shell:Creating package descriptor '/home/karch/ws/TFG_Hunter20_ws/install/urg_c/share/urg_c/package.dsv'
[0.962s] INFO:colcon.colcon_core.shell:Creating package script '/home/karch/ws/TFG_Hunter20_ws/install/urg_c/share/urg_c/package.sh'
[0.962s] INFO:colcon.colcon_core.shell:Creating package script '/home/karch/ws/TFG_Hunter20_ws/install/urg_c/share/urg_c/package.bash'
[0.962s] INFO:colcon.colcon_core.shell:Creating package script '/home/karch/ws/TFG_Hunter20_ws/install/urg_c/share/urg_c/package.zsh'
[0.963s] Level 1:colcon.colcon_core.environment:create_file_with_runtime_dependencies(/home/karch/ws/TFG_Hunter20_ws/install/urg_c/share/colcon-core/packages/urg_c)
[1.017s] Level 1:colcon.colcon_core.environment:create_environment_scripts_only(urg_node_msgs)
[1.018s] Level 1:colcon.colcon_core.environment:checking '/home/karch/ws/TFG_Hunter20_ws/install/urg_node_msgs' for CMake module files
[1.018s] DEBUG:colcon.colcon_core.event_handler.log_command:Invoked command in '/home/karch/ws/TFG_Hunter20_ws/build/urg_node_msgs' returned '0': CMAKE_PREFIX_PATH=/home/karch/ws/hokuyo_ws/install/urg_node:/home/karch/ws/hokuyo_ws/install/urg_node_msgs:/home/karch/ws/hokuyo_ws/install/urg_c:/home/karch/ws/hokuyo_ws/install/tfg_pkg:/home/karch/ws/hokuyo_ws/install/robot_status_publisher:/home/karch/ws/hokuyo_ws/install/keyboard_control:/home/karch/ws/hokuyo_ws/install/coppelia_ros2_pkg:/home/karch/ws/hunter20_ws/install/hunter_base:/opt/ros/humble:/home/karch/ws/hunter20_ws/install/ugv_sdk:/home/karch/ws/hunter20_ws/install/hunter_msgs:/home/karch/ws/dev_ws/install/first_pkg /usr/bin/cmake --install /home/karch/ws/TFG_Hunter20_ws/build/urg_node_msgs
[1.019s] Level 1:colcon.colcon_core.environment:checking '/home/karch/ws/TFG_Hunter20_ws/install/urg_node_msgs' for CMake config files
[1.019s] Level 1:colcon.colcon_core.shell:create_environment_hook('urg_node_msgs', 'cmake_prefix_path')
[1.020s] INFO:colcon.colcon_core.shell:Creating environment hook '/home/karch/ws/TFG_Hunter20_ws/install/urg_node_msgs/share/urg_node_msgs/hook/cmake_prefix_path.ps1'
[1.021s] INFO:colcon.colcon_core.shell:Creating environment descriptor '/home/karch/ws/TFG_Hunter20_ws/install/urg_node_msgs/share/urg_node_msgs/hook/cmake_prefix_path.dsv'
[1.021s] INFO:colcon.colcon_core.shell:Creating environment hook '/home/karch/ws/TFG_Hunter20_ws/install/urg_node_msgs/share/urg_node_msgs/hook/cmake_prefix_path.sh'
[1.021s] Level 1:colcon.colcon_core.environment:checking '/home/karch/ws/TFG_Hunter20_ws/install/urg_node_msgs/lib'
[1.021s] Level 1:colcon.colcon_core.shell:create_environment_hook('urg_node_msgs', 'ld_library_path_lib')
[1.023s] INFO:colcon.colcon_core.shell:Creating environment hook '/home/karch/ws/TFG_Hunter20_ws/install/urg_node_msgs/share/urg_node_msgs/hook/ld_library_path_lib.ps1'
[1.024s] INFO:colcon.colcon_core.shell:Creating environment descriptor '/home/karch/ws/TFG_Hunter20_ws/install/urg_node_msgs/share/urg_node_msgs/hook/ld_library_path_lib.dsv'
[1.024s] INFO:colcon.colcon_core.shell:Creating environment hook '/home/karch/ws/TFG_Hunter20_ws/install/urg_node_msgs/share/urg_node_msgs/hook/ld_library_path_lib.sh'
[1.024s] Level 1:colcon.colcon_core.environment:checking '/home/karch/ws/TFG_Hunter20_ws/install/urg_node_msgs/bin'
[1.024s] Level 1:colcon.colcon_core.environment:checking '/home/karch/ws/TFG_Hunter20_ws/install/urg_node_msgs/lib/pkgconfig/urg_node_msgs.pc'
[1.025s] Level 1:colcon.colcon_core.environment:checking '/home/karch/ws/TFG_Hunter20_ws/install/urg_node_msgs/lib/python3.10/site-packages'
[1.025s] Level 1:colcon.colcon_core.environment:checking '/home/karch/ws/TFG_Hunter20_ws/install/urg_node_msgs/bin'
[1.026s] INFO:colcon.colcon_core.shell:Creating package script '/home/karch/ws/TFG_Hunter20_ws/install/urg_node_msgs/share/urg_node_msgs/package.ps1'
[1.027s] INFO:colcon.colcon_core.shell:Creating package descriptor '/home/karch/ws/TFG_Hunter20_ws/install/urg_node_msgs/share/urg_node_msgs/package.dsv'
[1.027s] INFO:colcon.colcon_core.shell:Creating package script '/home/karch/ws/TFG_Hunter20_ws/install/urg_node_msgs/share/urg_node_msgs/package.sh'
[1.028s] INFO:colcon.colcon_core.shell:Creating package script '/home/karch/ws/TFG_Hunter20_ws/install/urg_node_msgs/share/urg_node_msgs/package.bash'
[1.028s] INFO:colcon.colcon_core.shell:Creating package script '/home/karch/ws/TFG_Hunter20_ws/install/urg_node_msgs/share/urg_node_msgs/package.zsh'
[1.028s] Level 1:colcon.colcon_core.environment:create_file_with_runtime_dependencies(/home/karch/ws/TFG_Hunter20_ws/install/urg_node_msgs/share/colcon-core/packages/urg_node_msgs)
[1.132s] Level 1:colcon.colcon_core.environment:create_environment_scripts_only(urg_node_msgs)
[1.133s] Level 1:colcon.colcon_core.environment:checking '/home/karch/ws/TFG_Hunter20_ws/install/urg_node_msgs' for CMake module files
[1.134s] Level 1:colcon.colcon_core.environment:checking '/home/karch/ws/TFG_Hunter20_ws/install/urg_node_msgs' for CMake config files
[1.134s] Level 1:colcon.colcon_core.shell:create_environment_hook('urg_node_msgs', 'cmake_prefix_path')
[1.135s] INFO:colcon.colcon_core.shell:Creating environment hook '/home/karch/ws/TFG_Hunter20_ws/install/urg_node_msgs/share/urg_node_msgs/hook/cmake_prefix_path.ps1'
[1.135s] INFO:colcon.colcon_core.shell:Creating environment descriptor '/home/karch/ws/TFG_Hunter20_ws/install/urg_node_msgs/share/urg_node_msgs/hook/cmake_prefix_path.dsv'
[1.136s] INFO:colcon.colcon_core.shell:Creating environment hook '/home/karch/ws/TFG_Hunter20_ws/install/urg_node_msgs/share/urg_node_msgs/hook/cmake_prefix_path.sh'
[1.136s] Level 1:colcon.colcon_core.environment:checking '/home/karch/ws/TFG_Hunter20_ws/install/urg_node_msgs/lib'
[1.136s] Level 1:colcon.colcon_core.shell:create_environment_hook('urg_node_msgs', 'ld_library_path_lib')
[1.137s] INFO:colcon.colcon_core.shell:Creating environment hook '/home/karch/ws/TFG_Hunter20_ws/install/urg_node_msgs/share/urg_node_msgs/hook/ld_library_path_lib.ps1'
[1.138s] INFO:colcon.colcon_core.shell:Creating environment descriptor '/home/karch/ws/TFG_Hunter20_ws/install/urg_node_msgs/share/urg_node_msgs/hook/ld_library_path_lib.dsv'
[1.138s] INFO:colcon.colcon_core.shell:Creating environment hook '/home/karch/ws/TFG_Hunter20_ws/install/urg_node_msgs/share/urg_node_msgs/hook/ld_library_path_lib.sh'
[1.138s] Level 1:colcon.colcon_core.environment:checking '/home/karch/ws/TFG_Hunter20_ws/install/urg_node_msgs/bin'
[1.138s] Level 1:colcon.colcon_core.environment:checking '/home/karch/ws/TFG_Hunter20_ws/install/urg_node_msgs/lib/pkgconfig/urg_node_msgs.pc'
[1.139s] Level 1:colcon.colcon_core.environment:checking '/home/karch/ws/TFG_Hunter20_ws/install/urg_node_msgs/lib/python3.10/site-packages'
[1.139s] Level 1:colcon.colcon_core.environment:checking '/home/karch/ws/TFG_Hunter20_ws/install/urg_node_msgs/bin'
[1.141s] INFO:colcon.colcon_core.shell:Creating package script '/home/karch/ws/TFG_Hunter20_ws/install/urg_node_msgs/share/urg_node_msgs/package.ps1'
[1.141s] INFO:colcon.colcon_core.shell:Creating package descriptor '/home/karch/ws/TFG_Hunter20_ws/install/urg_node_msgs/share/urg_node_msgs/package.dsv'
[1.142s] INFO:colcon.colcon_core.shell:Creating package script '/home/karch/ws/TFG_Hunter20_ws/install/urg_node_msgs/share/urg_node_msgs/package.sh'
[1.143s] INFO:colcon.colcon_core.shell:Creating package script '/home/karch/ws/TFG_Hunter20_ws/install/urg_node_msgs/share/urg_node_msgs/package.bash'
[1.143s] INFO:colcon.colcon_core.shell:Creating package script '/home/karch/ws/TFG_Hunter20_ws/install/urg_node_msgs/share/urg_node_msgs/package.zsh'
[1.143s] Level 1:colcon.colcon_core.environment:create_file_with_runtime_dependencies(/home/karch/ws/TFG_Hunter20_ws/install/urg_node_msgs/share/colcon-core/packages/urg_node_msgs)
[1.143s] INFO:colcon.colcon_ros.task.ament_cmake.build:Building ROS package in '/home/karch/ws/TFG_Hunter20_ws/src/urg_node' with build type 'ament_cmake'
[1.144s] INFO:colcon.colcon_cmake.task.cmake.build:Building CMake package in '/home/karch/ws/TFG_Hunter20_ws/src/urg_node'
[1.145s] INFO:colcon.colcon_core.shell:Skip shell extension 'powershell' for command environment: Not usable outside of PowerShell
[1.145s] DEBUG:colcon.colcon_core.shell:Skip shell extension 'dsv' for command environment
[1.165s] DEBUG:colcon.colcon_core.event_handler.log_command:Invoking command in '/home/karch/ws/TFG_Hunter20_ws/build/urg_node': AMENT_PREFIX_PATH=/home/karch/ws/TFG_Hunter20_ws/install/urg_node_msgs:/home/karch/ws/TFG_Hunter20_ws/install/urg_c:${AMENT_PREFIX_PATH} CMAKE_PREFIX_PATH=/home/karch/ws/TFG_Hunter20_ws/install/urg_node_msgs:/home/karch/ws/TFG_Hunter20_ws/install/urg_c:/home/karch/ws/hokuyo_ws/install/urg_node:/home/karch/ws/hokuyo_ws/install/urg_node_msgs:/home/karch/ws/hokuyo_ws/install/urg_c:/home/karch/ws/hokuyo_ws/install/tfg_pkg:/home/karch/ws/hokuyo_ws/install/robot_status_publisher:/home/karch/ws/hokuyo_ws/install/keyboard_control:/home/karch/ws/hokuyo_ws/install/coppelia_ros2_pkg:/home/karch/ws/hunter20_ws/install/hunter_base:/opt/ros/humble:/home/karch/ws/hunter20_ws/install/ugv_sdk:/home/karch/ws/hunter20_ws/install/hunter_msgs:/home/karch/ws/dev_ws/install/first_pkg LD_LIBRARY_PATH=/home/karch/ws/TFG_Hunter20_ws/install/urg_node_msgs/lib:/home/karch/ws/TFG_Hunter20_ws/install/urg_c/lib:${LD_LIBRARY_PATH} PATH=/home/karch/ws/TFG_Hunter20_ws/install/urg_c/bin:${PATH} PYTHONPATH=/home/karch/ws/TFG_Hunter20_ws/install/urg_node_msgs/local/lib/python3.10/dist-packages:${PYTHONPATH} /usr/bin/cmake --build /home/karch/ws/TFG_Hunter20_ws/build/urg_node -- -j16 -l16
[1.284s] DEBUG:colcon.colcon_core.event_handler.log_command:Invoked command in '/home/karch/ws/TFG_Hunter20_ws/build/urg_node' returned '0': AMENT_PREFIX_PATH=/home/karch/ws/TFG_Hunter20_ws/install/urg_node_msgs:/home/karch/ws/TFG_Hunter20_ws/install/urg_c:${AMENT_PREFIX_PATH} CMAKE_PREFIX_PATH=/home/karch/ws/TFG_Hunter20_ws/install/urg_node_msgs:/home/karch/ws/TFG_Hunter20_ws/install/urg_c:/home/karch/ws/hokuyo_ws/install/urg_node:/home/karch/ws/hokuyo_ws/install/urg_node_msgs:/home/karch/ws/hokuyo_ws/install/urg_c:/home/karch/ws/hokuyo_ws/install/tfg_pkg:/home/karch/ws/hokuyo_ws/install/robot_status_publisher:/home/karch/ws/hokuyo_ws/install/keyboard_control:/home/karch/ws/hokuyo_ws/install/coppelia_ros2_pkg:/home/karch/ws/hunter20_ws/install/hunter_base:/opt/ros/humble:/home/karch/ws/hunter20_ws/install/ugv_sdk:/home/karch/ws/hunter20_ws/install/hunter_msgs:/home/karch/ws/dev_ws/install/first_pkg LD_LIBRARY_PATH=/home/karch/ws/TFG_Hunter20_ws/install/urg_node_msgs/lib:/home/karch/ws/TFG_Hunter20_ws/install/urg_c/lib:${LD_LIBRARY_PATH} PATH=/home/karch/ws/TFG_Hunter20_ws/install/urg_c/bin:${PATH} PYTHONPATH=/home/karch/ws/TFG_Hunter20_ws/install/urg_node_msgs/local/lib/python3.10/dist-packages:${PYTHONPATH} /usr/bin/cmake --build /home/karch/ws/TFG_Hunter20_ws/build/urg_node -- -j16 -l16
[1.338s] DEBUG:colcon.colcon_core.event_handler.log_command:Invoking command in '/home/karch/ws/TFG_Hunter20_ws/build/urg_node': AMENT_PREFIX_PATH=/home/karch/ws/TFG_Hunter20_ws/install/urg_node_msgs:/home/karch/ws/TFG_Hunter20_ws/install/urg_c:${AMENT_PREFIX_PATH} CMAKE_PREFIX_PATH=/home/karch/ws/TFG_Hunter20_ws/install/urg_node_msgs:/home/karch/ws/TFG_Hunter20_ws/install/urg_c:/home/karch/ws/hokuyo_ws/install/urg_node:/home/karch/ws/hokuyo_ws/install/urg_node_msgs:/home/karch/ws/hokuyo_ws/install/urg_c:/home/karch/ws/hokuyo_ws/install/tfg_pkg:/home/karch/ws/hokuyo_ws/install/robot_status_publisher:/home/karch/ws/hokuyo_ws/install/keyboard_control:/home/karch/ws/hokuyo_ws/install/coppelia_ros2_pkg:/home/karch/ws/hunter20_ws/install/hunter_base:/opt/ros/humble:/home/karch/ws/hunter20_ws/install/ugv_sdk:/home/karch/ws/hunter20_ws/install/hunter_msgs:/home/karch/ws/dev_ws/install/first_pkg LD_LIBRARY_PATH=/home/karch/ws/TFG_Hunter20_ws/install/urg_node_msgs/lib:/home/karch/ws/TFG_Hunter20_ws/install/urg_c/lib:${LD_LIBRARY_PATH} PATH=/home/karch/ws/TFG_Hunter20_ws/install/urg_c/bin:${PATH} PYTHONPATH=/home/karch/ws/TFG_Hunter20_ws/install/urg_node_msgs/local/lib/python3.10/dist-packages:${PYTHONPATH} /usr/bin/cmake --install /home/karch/ws/TFG_Hunter20_ws/build/urg_node
[1.367s] Level 1:colcon.colcon_core.environment:create_environment_scripts_only(urg_node)
[1.368s] Level 1:colcon.colcon_core.environment:checking '/home/karch/ws/TFG_Hunter20_ws/install/urg_node' for CMake module files
[1.368s] DEBUG:colcon.colcon_core.event_handler.log_command:Invoked command in '/home/karch/ws/TFG_Hunter20_ws/build/urg_node' returned '0': AMENT_PREFIX_PATH=/home/karch/ws/TFG_Hunter20_ws/install/urg_node_msgs:/home/karch/ws/TFG_Hunter20_ws/install/urg_c:${AMENT_PREFIX_PATH} CMAKE_PREFIX_PATH=/home/karch/ws/TFG_Hunter20_ws/install/urg_node_msgs:/home/karch/ws/TFG_Hunter20_ws/install/urg_c:/home/karch/ws/hokuyo_ws/install/urg_node:/home/karch/ws/hokuyo_ws/install/urg_node_msgs:/home/karch/ws/hokuyo_ws/install/urg_c:/home/karch/ws/hokuyo_ws/install/tfg_pkg:/home/karch/ws/hokuyo_ws/install/robot_status_publisher:/home/karch/ws/hokuyo_ws/install/keyboard_control:/home/karch/ws/hokuyo_ws/install/coppelia_ros2_pkg:/home/karch/ws/hunter20_ws/install/hunter_base:/opt/ros/humble:/home/karch/ws/hunter20_ws/install/ugv_sdk:/home/karch/ws/hunter20_ws/install/hunter_msgs:/home/karch/ws/dev_ws/install/first_pkg LD_LIBRARY_PATH=/home/karch/ws/TFG_Hunter20_ws/install/urg_node_msgs/lib:/home/karch/ws/TFG_Hunter20_ws/install/urg_c/lib:${LD_LIBRARY_PATH} PATH=/home/karch/ws/TFG_Hunter20_ws/install/urg_c/bin:${PATH} PYTHONPATH=/home/karch/ws/TFG_Hunter20_ws/install/urg_node_msgs/local/lib/python3.10/dist-packages:${PYTHONPATH} /usr/bin/cmake --install /home/karch/ws/TFG_Hunter20_ws/build/urg_node
[1.369s] Level 1:colcon.colcon_core.environment:checking '/home/karch/ws/TFG_Hunter20_ws/install/urg_node' for CMake config files
[1.369s] Level 1:colcon.colcon_core.shell:create_environment_hook('urg_node', 'cmake_prefix_path')
[1.370s] INFO:colcon.colcon_core.shell:Creating environment hook '/home/karch/ws/TFG_Hunter20_ws/install/urg_node/share/urg_node/hook/cmake_prefix_path.ps1'
[1.371s] INFO:colcon.colcon_core.shell:Creating environment descriptor '/home/karch/ws/TFG_Hunter20_ws/install/urg_node/share/urg_node/hook/cmake_prefix_path.dsv'
[1.371s] INFO:colcon.colcon_core.shell:Creating environment hook '/home/karch/ws/TFG_Hunter20_ws/install/urg_node/share/urg_node/hook/cmake_prefix_path.sh'
[1.371s] Level 1:colcon.colcon_core.environment:checking '/home/karch/ws/TFG_Hunter20_ws/install/urg_node/lib'
[1.371s] Level 1:colcon.colcon_core.shell:create_environment_hook('urg_node', 'ld_library_path_lib')
[1.372s] INFO:colcon.colcon_core.shell:Creating environment hook '/home/karch/ws/TFG_Hunter20_ws/install/urg_node/share/urg_node/hook/ld_library_path_lib.ps1'
[1.372s] INFO:colcon.colcon_core.shell:Creating environment descriptor '/home/karch/ws/TFG_Hunter20_ws/install/urg_node/share/urg_node/hook/ld_library_path_lib.dsv'
[1.373s] INFO:colcon.colcon_core.shell:Creating environment hook '/home/karch/ws/TFG_Hunter20_ws/install/urg_node/share/urg_node/hook/ld_library_path_lib.sh'
[1.373s] Level 1:colcon.colcon_core.environment:checking '/home/karch/ws/TFG_Hunter20_ws/install/urg_node/bin'
[1.373s] Level 1:colcon.colcon_core.environment:checking '/home/karch/ws/TFG_Hunter20_ws/install/urg_node/lib/pkgconfig/urg_node.pc'
[1.373s] Level 1:colcon.colcon_core.environment:checking '/home/karch/ws/TFG_Hunter20_ws/install/urg_node/lib/python3.10/site-packages'
[1.373s] Level 1:colcon.colcon_core.environment:checking '/home/karch/ws/TFG_Hunter20_ws/install/urg_node/bin'
[1.375s] INFO:colcon.colcon_core.shell:Creating package script '/home/karch/ws/TFG_Hunter20_ws/install/urg_node/share/urg_node/package.ps1'
[1.375s] INFO:colcon.colcon_core.shell:Creating package descriptor '/home/karch/ws/TFG_Hunter20_ws/install/urg_node/share/urg_node/package.dsv'
[1.376s] INFO:colcon.colcon_core.shell:Creating package script '/home/karch/ws/TFG_Hunter20_ws/install/urg_node/share/urg_node/package.sh'
[1.376s] INFO:colcon.colcon_core.shell:Creating package script '/home/karch/ws/TFG_Hunter20_ws/install/urg_node/share/urg_node/package.bash'
[1.376s] INFO:colcon.colcon_core.shell:Creating package script '/home/karch/ws/TFG_Hunter20_ws/install/urg_node/share/urg_node/package.zsh'
[1.376s] Level 1:colcon.colcon_core.environment:create_file_with_runtime_dependencies(/home/karch/ws/TFG_Hunter20_ws/install/urg_node/share/colcon-core/packages/urg_node)
[1.427s] Level 1:colcon.colcon_core.environment:create_environment_scripts_only(urg_node)
[1.429s] Level 1:colcon.colcon_core.environment:checking '/home/karch/ws/TFG_Hunter20_ws/install/urg_node' for CMake module files
[1.430s] Level 1:colcon.colcon_core.environment:checking '/home/karch/ws/TFG_Hunter20_ws/install/urg_node' for CMake config files
[1.430s] Level 1:colcon.colcon_core.shell:create_environment_hook('urg_node', 'cmake_prefix_path')
[1.431s] INFO:colcon.colcon_core.shell:Creating environment hook '/home/karch/ws/TFG_Hunter20_ws/install/urg_node/share/urg_node/hook/cmake_prefix_path.ps1'
[1.431s] INFO:colcon.colcon_core.shell:Creating environment descriptor '/home/karch/ws/TFG_Hunter20_ws/install/urg_node/share/urg_node/hook/cmake_prefix_path.dsv'
[1.432s] INFO:colcon.colcon_core.shell:Creating environment hook '/home/karch/ws/TFG_Hunter20_ws/install/urg_node/share/urg_node/hook/cmake_prefix_path.sh'
[1.432s] Level 1:colcon.colcon_core.environment:checking '/home/karch/ws/TFG_Hunter20_ws/install/urg_node/lib'
[1.432s] Level 1:colcon.colcon_core.shell:create_environment_hook('urg_node', 'ld_library_path_lib')
[1.434s] INFO:colcon.colcon_core.shell:Creating environment hook '/home/karch/ws/TFG_Hunter20_ws/install/urg_node/share/urg_node/hook/ld_library_path_lib.ps1'
[1.434s] INFO:colcon.colcon_core.shell:Creating environment descriptor '/home/karch/ws/TFG_Hunter20_ws/install/urg_node/share/urg_node/hook/ld_library_path_lib.dsv'
[1.434s] INFO:colcon.colcon_core.shell:Creating environment hook '/home/karch/ws/TFG_Hunter20_ws/install/urg_node/share/urg_node/hook/ld_library_path_lib.sh'
[1.435s] Level 1:colcon.colcon_core.environment:checking '/home/karch/ws/TFG_Hunter20_ws/install/urg_node/bin'
[1.435s] Level 1:colcon.colcon_core.environment:checking '/home/karch/ws/TFG_Hunter20_ws/install/urg_node/lib/pkgconfig/urg_node.pc'
[1.435s] Level 1:colcon.colcon_core.environment:checking '/home/karch/ws/TFG_Hunter20_ws/install/urg_node/lib/python3.10/site-packages'
[1.435s] Level 1:colcon.colcon_core.environment:checking '/home/karch/ws/TFG_Hunter20_ws/install/urg_node/bin'
[1.437s] INFO:colcon.colcon_core.shell:Creating package script '/home/karch/ws/TFG_Hunter20_ws/install/urg_node/share/urg_node/package.ps1'
[1.437s] INFO:colcon.colcon_core.shell:Creating package descriptor '/home/karch/ws/TFG_Hunter20_ws/install/urg_node/share/urg_node/package.dsv'
[1.438s] INFO:colcon.colcon_core.shell:Creating package script '/home/karch/ws/TFG_Hunter20_ws/install/urg_node/share/urg_node/package.sh'
[1.438s] INFO:colcon.colcon_core.shell:Creating package script '/home/karch/ws/TFG_Hunter20_ws/install/urg_node/share/urg_node/package.bash'
[1.439s] INFO:colcon.colcon_core.shell:Creating package script '/home/karch/ws/TFG_Hunter20_ws/install/urg_node/share/urg_node/package.zsh'
[1.439s] Level 1:colcon.colcon_core.environment:create_file_with_runtime_dependencies(/home/karch/ws/TFG_Hunter20_ws/install/urg_node/share/colcon-core/packages/urg_node)
[1.439s] DEBUG:colcon.colcon_parallel_executor.executor.parallel:closing loop
[1.440s] DEBUG:colcon.colcon_parallel_executor.executor.parallel:loop closed
[1.440s] DEBUG:colcon.colcon_parallel_executor.executor.parallel:run_until_complete finished with '0'
[1.440s] DEBUG:colcon.colcon_core.event_reactor:joining thread
[1.446s] INFO:colcon.colcon_core.plugin_system:Skipping extension 'colcon_notification.desktop_notification.terminal_notifier': Not used on non-Darwin systems
[1.446s] INFO:colcon.colcon_core.plugin_system:Skipping extension 'colcon_notification.desktop_notification.win32': Not used on non-Windows systems
[1.446s] INFO:colcon.colcon_notification.desktop_notification:Sending desktop notification using 'notify2'
[1.460s] DEBUG:colcon.colcon_core.event_reactor:joined thread
[1.461s] INFO:colcon.colcon_core.shell:Creating prefix script '/home/karch/ws/TFG_Hunter20_ws/install/local_setup.ps1'
[1.462s] INFO:colcon.colcon_core.shell:Creating prefix util module '/home/karch/ws/TFG_Hunter20_ws/install/_local_setup_util_ps1.py'
[1.463s] INFO:colcon.colcon_core.shell:Creating prefix chain script '/home/karch/ws/TFG_Hunter20_ws/install/setup.ps1'
[1.466s] INFO:colcon.colcon_core.shell:Creating prefix script '/home/karch/ws/TFG_Hunter20_ws/install/local_setup.sh'
[1.466s] INFO:colcon.colcon_core.shell:Creating prefix util module '/home/karch/ws/TFG_Hunter20_ws/install/_local_setup_util_sh.py'
[1.467s] INFO:colcon.colcon_core.shell:Creating prefix chain script '/home/karch/ws/TFG_Hunter20_ws/install/setup.sh'
[1.468s] INFO:colcon.colcon_core.shell:Creating prefix script '/home/karch/ws/TFG_Hunter20_ws/install/local_setup.bash'
[1.469s] INFO:colcon.colcon_core.shell:Creating prefix chain script '/home/karch/ws/TFG_Hunter20_ws/install/setup.bash'
[1.470s] INFO:colcon.colcon_core.shell:Creating prefix script '/home/karch/ws/TFG_Hunter20_ws/install/local_setup.zsh'
[1.471s] INFO:colcon.colcon_core.shell:Creating prefix chain script '/home/karch/ws/TFG_Hunter20_ws/install/setup.zsh'
