[0.282s] DEBUG:colcon:Command line arguments: ['/usr/bin/colcon', 'build', '--symlink-install']
[0.283s] DEBUG:colcon:Parsed command line arguments: Namespace(log_base=None, log_level=None, verb_name='build', build_base='build', install_base='install', merge_install=False, symlink_install=True, test_result_base=None, continue_on_error=False, executor='parallel', parallel_workers=16, event_handlers=None, ignore_user_meta=False, metas=['./colcon.meta'], base_paths=['.'], packages_ignore=None, packages_ignore_regex=None, paths=None, packages_up_to=None, packages_up_to_regex=None, packages_above=None, packages_above_and_dependencies=None, packages_above_depth=None, packages_select_by_dep=None, packages_skip_by_dep=None, packages_skip_up_to=None, packages_select_build_failed=False, packages_skip_build_finished=False, packages_select_test_failures=False, packages_skip_test_passed=False, packages_select=None, packages_skip=None, packages_select_regex=None, packages_skip_regex=None, packages_start=None, packages_end=None, allow_overriding=[], cmake_args=None, cmake_target=None, cmake_target_skip_unavailable=False, cmake_clean_cache=False, cmake_clean_first=False, cmake_force_configure=False, ament_cmake_args=None, catkin_cmake_args=None, catkin_skip_building_tests=False, verb_parser=<colcon_defaults.argument_parser.defaults.DefaultArgumentsDecorator object at 0x7f0f5d58f490>, verb_extension=<colcon_core.verb.build.BuildVerb object at 0x7f0f5dd8fb50>, main=<bound method BuildVerb.main of <colcon_core.verb.build.BuildVerb object at 0x7f0f5dd8fb50>>)
[0.313s] Level 1:colcon.colcon_core.package_discovery:discover_packages(colcon_meta) check parameters
[0.313s] Level 1:colcon.colcon_core.package_discovery:discover_packages(recursive) check parameters
[0.314s] Level 1:colcon.colcon_core.package_discovery:discover_packages(ignore) check parameters
[0.314s] Level 1:colcon.colcon_core.package_discovery:discover_packages(path) check parameters
[0.314s] Level 1:colcon.colcon_core.package_discovery:discover_packages(colcon_meta) discover
[0.314s] Level 1:colcon.colcon_core.package_discovery:discover_packages(recursive) discover
[0.314s] INFO:colcon.colcon_core.package_discovery:Crawling recursively for packages in '/home/karch/ws/TFG_Hunter20_ws'
[0.314s] Level 1:colcon.colcon_core.package_identification:_identify(.) by extensions ['ignore', 'ignore_ament_install']
[0.314s] Level 1:colcon.colcon_core.package_identification:_identify(.) by extension 'ignore'
[0.314s] Level 1:colcon.colcon_core.package_identification:_identify(.) by extension 'ignore_ament_install'
[0.314s] Level 1:colcon.colcon_core.package_identification:_identify(.) by extensions ['colcon_pkg']
[0.314s] Level 1:colcon.colcon_core.package_identification:_identify(.) by extension 'colcon_pkg'
[0.314s] Level 1:colcon.colcon_core.package_identification:_identify(.) by extensions ['colcon_meta']
[0.314s] Level 1:colcon.colcon_core.package_identification:_identify(.) by extension 'colcon_meta'
[0.314s] Level 1:colcon.colcon_core.package_identification:_identify(.) by extensions ['ros']
[0.314s] Level 1:colcon.colcon_core.package_identification:_identify(.) by extension 'ros'
[0.324s] Level 1:colcon.colcon_core.package_identification:_identify(.) by extensions ['cmake', 'python']
[0.324s] Level 1:colcon.colcon_core.package_identification:_identify(.) by extension 'cmake'
[0.324s] Level 1:colcon.colcon_core.package_identification:_identify(.) by extension 'python'
[0.324s] Level 1:colcon.colcon_core.package_identification:_identify(.) by extensions ['python_setup_py']
[0.325s] Level 1:colcon.colcon_core.package_identification:_identify(.) by extension 'python_setup_py'
[0.325s] Level 1:colcon.colcon_core.package_identification:_identify(build) by extensions ['ignore', 'ignore_ament_install']
[0.325s] Level 1:colcon.colcon_core.package_identification:_identify(build) by extension 'ignore'
[0.325s] Level 1:colcon.colcon_core.package_identification:_identify(build) ignored
[0.325s] Level 1:colcon.colcon_core.package_identification:_identify(install) by extensions ['ignore', 'ignore_ament_install']
[0.325s] Level 1:colcon.colcon_core.package_identification:_identify(install) by extension 'ignore'
[0.325s] Level 1:colcon.colcon_core.package_identification:_identify(install) ignored
[0.325s] Level 1:colcon.colcon_core.package_identification:_identify(log) by extensions ['ignore', 'ignore_ament_install']
[0.325s] Level 1:colcon.colcon_core.package_identification:_identify(log) by extension 'ignore'
[0.325s] Level 1:colcon.colcon_core.package_identification:_identify(log) ignored
[0.325s] Level 1:colcon.colcon_core.package_identification:_identify(src) by extensions ['ignore', 'ignore_ament_install']
[0.325s] Level 1:colcon.colcon_core.package_identification:_identify(src) by extension 'ignore'
[0.325s] Level 1:colcon.colcon_core.package_identification:_identify(src) by extension 'ignore_ament_install'
[0.325s] Level 1:colcon.colcon_core.package_identification:_identify(src) by extensions ['colcon_pkg']
[0.326s] Level 1:colcon.colcon_core.package_identification:_identify(src) by extension 'colcon_pkg'
[0.326s] Level 1:colcon.colcon_core.package_identification:_identify(src) by extensions ['colcon_meta']
[0.326s] Level 1:colcon.colcon_core.package_identification:_identify(src) by extension 'colcon_meta'
[0.326s] Level 1:colcon.colcon_core.package_identification:_identify(src) by extensions ['ros']
[0.326s] Level 1:colcon.colcon_core.package_identification:_identify(src) by extension 'ros'
[0.326s] Level 1:colcon.colcon_core.package_identification:_identify(src) by extensions ['cmake', 'python']
[0.326s] Level 1:colcon.colcon_core.package_identification:_identify(src) by extension 'cmake'
[0.326s] Level 1:colcon.colcon_core.package_identification:_identify(src) by extension 'python'
[0.326s] Level 1:colcon.colcon_core.package_identification:_identify(src) by extensions ['python_setup_py']
[0.326s] Level 1:colcon.colcon_core.package_identification:_identify(src) by extension 'python_setup_py'
[0.326s] Level 1:colcon.colcon_core.package_identification:_identify(src/tfg_pkg) by extensions ['ignore', 'ignore_ament_install']
[0.326s] Level 1:colcon.colcon_core.package_identification:_identify(src/tfg_pkg) by extension 'ignore'
[0.326s] Level 1:colcon.colcon_core.package_identification:_identify(src/tfg_pkg) by extension 'ignore_ament_install'
[0.326s] Level 1:colcon.colcon_core.package_identification:_identify(src/tfg_pkg) by extensions ['colcon_pkg']
[0.326s] Level 1:colcon.colcon_core.package_identification:_identify(src/tfg_pkg) by extension 'colcon_pkg'
[0.326s] Level 1:colcon.colcon_core.package_identification:_identify(src/tfg_pkg) by extensions ['colcon_meta']
[0.326s] Level 1:colcon.colcon_core.package_identification:_identify(src/tfg_pkg) by extension 'colcon_meta'
[0.326s] Level 1:colcon.colcon_core.package_identification:_identify(src/tfg_pkg) by extensions ['ros']
[0.326s] Level 1:colcon.colcon_core.package_identification:_identify(src/tfg_pkg) by extension 'ros'
[0.328s] DEBUG:colcon.colcon_core.package_identification:Package 'src/tfg_pkg' with type 'ros.ament_cmake' and name 'tfg_pkg'
[0.328s] Level 1:colcon.colcon_core.package_identification:_identify(src/urg_c) by extensions ['ignore', 'ignore_ament_install']
[0.328s] Level 1:colcon.colcon_core.package_identification:_identify(src/urg_c) by extension 'ignore'
[0.328s] Level 1:colcon.colcon_core.package_identification:_identify(src/urg_c) by extension 'ignore_ament_install'
[0.328s] Level 1:colcon.colcon_core.package_identification:_identify(src/urg_c) by extensions ['colcon_pkg']
[0.328s] Level 1:colcon.colcon_core.package_identification:_identify(src/urg_c) by extension 'colcon_pkg'
[0.328s] Level 1:colcon.colcon_core.package_identification:_identify(src/urg_c) by extensions ['colcon_meta']
[0.328s] Level 1:colcon.colcon_core.package_identification:_identify(src/urg_c) by extension 'colcon_meta'
[0.328s] Level 1:colcon.colcon_core.package_identification:_identify(src/urg_c) by extensions ['ros']
[0.329s] Level 1:colcon.colcon_core.package_identification:_identify(src/urg_c) by extension 'ros'
[0.329s] DEBUG:colcon.colcon_core.package_identification:Package 'src/urg_c' with type 'ros.ament_cmake' and name 'urg_c'
[0.329s] Level 1:colcon.colcon_core.package_identification:_identify(src/urg_node) by extensions ['ignore', 'ignore_ament_install']
[0.329s] Level 1:colcon.colcon_core.package_identification:_identify(src/urg_node) by extension 'ignore'
[0.329s] Level 1:colcon.colcon_core.package_identification:_identify(src/urg_node) by extension 'ignore_ament_install'
[0.329s] Level 1:colcon.colcon_core.package_identification:_identify(src/urg_node) by extensions ['colcon_pkg']
[0.329s] Level 1:colcon.colcon_core.package_identification:_identify(src/urg_node) by extension 'colcon_pkg'
[0.329s] Level 1:colcon.colcon_core.package_identification:_identify(src/urg_node) by extensions ['colcon_meta']
[0.330s] Level 1:colcon.colcon_core.package_identification:_identify(src/urg_node) by extension 'colcon_meta'
[0.330s] Level 1:colcon.colcon_core.package_identification:_identify(src/urg_node) by extensions ['ros']
[0.330s] Level 1:colcon.colcon_core.package_identification:_identify(src/urg_node) by extension 'ros'
[0.331s] DEBUG:colcon.colcon_core.package_identification:Package 'src/urg_node' with type 'ros.ament_cmake' and name 'urg_node'
[0.331s] Level 1:colcon.colcon_core.package_identification:_identify(src/urg_node_msgs) by extensions ['ignore', 'ignore_ament_install']
[0.331s] Level 1:colcon.colcon_core.package_identification:_identify(src/urg_node_msgs) by extension 'ignore'
[0.331s] Level 1:colcon.colcon_core.package_identification:_identify(src/urg_node_msgs) by extension 'ignore_ament_install'
[0.331s] Level 1:colcon.colcon_core.package_identification:_identify(src/urg_node_msgs) by extensions ['colcon_pkg']
[0.331s] Level 1:colcon.colcon_core.package_identification:_identify(src/urg_node_msgs) by extension 'colcon_pkg'
[0.331s] Level 1:colcon.colcon_core.package_identification:_identify(src/urg_node_msgs) by extensions ['colcon_meta']
[0.331s] Level 1:colcon.colcon_core.package_identification:_identify(src/urg_node_msgs) by extension 'colcon_meta'
[0.331s] Level 1:colcon.colcon_core.package_identification:_identify(src/urg_node_msgs) by extensions ['ros']
[0.331s] Level 1:colcon.colcon_core.package_identification:_identify(src/urg_node_msgs) by extension 'ros'
[0.332s] DEBUG:colcon.colcon_core.package_identification:Package 'src/urg_node_msgs' with type 'ros.ament_cmake' and name 'urg_node_msgs'
[0.332s] Level 1:colcon.colcon_core.package_discovery:discover_packages(recursive) using defaults
[0.332s] Level 1:colcon.colcon_core.package_discovery:discover_packages(ignore) discover
[0.332s] Level 1:colcon.colcon_core.package_discovery:discover_packages(ignore) using defaults
[0.332s] Level 1:colcon.colcon_core.package_discovery:discover_packages(path) discover
[0.332s] Level 1:colcon.colcon_core.package_discovery:discover_packages(path) using defaults
[0.353s] Level 1:colcon.colcon_core.package_discovery:discover_packages(prefix_path) check parameters
[0.353s] Level 1:colcon.colcon_core.package_discovery:discover_packages(prefix_path) discover
[0.356s] DEBUG:colcon.colcon_installed_package_information.package_discovery:Found 7 installed packages in /home/karch/ws/hokuyo_ws/install
[0.357s] DEBUG:colcon.colcon_installed_package_information.package_discovery:Found 3 installed packages in /home/karch/ws/hunter20_ws/install
[0.357s] DEBUG:colcon.colcon_installed_package_information.package_discovery:Found 1 installed packages in /home/karch/ws/dev_ws/install
[0.359s] DEBUG:colcon.colcon_installed_package_information.package_discovery:Found 318 installed packages in /opt/ros/humble
[0.360s] Level 1:colcon.colcon_core.package_discovery:discover_packages(prefix_path) using defaults
[0.410s] Level 5:colcon.colcon_core.verb:set package 'tfg_pkg' build argument 'cmake_args' from command line to 'None'
[0.411s] Level 5:colcon.colcon_core.verb:set package 'tfg_pkg' build argument 'cmake_target' from command line to 'None'
[0.411s] Level 5:colcon.colcon_core.verb:set package 'tfg_pkg' build argument 'cmake_target_skip_unavailable' from command line to 'False'
[0.411s] Level 5:colcon.colcon_core.verb:set package 'tfg_pkg' build argument 'cmake_clean_cache' from command line to 'False'
[0.411s] Level 5:colcon.colcon_core.verb:set package 'tfg_pkg' build argument 'cmake_clean_first' from command line to 'False'
[0.411s] Level 5:colcon.colcon_core.verb:set package 'tfg_pkg' build argument 'cmake_force_configure' from command line to 'False'
[0.411s] Level 5:colcon.colcon_core.verb:set package 'tfg_pkg' build argument 'ament_cmake_args' from command line to 'None'
[0.411s] Level 5:colcon.colcon_core.verb:set package 'tfg_pkg' build argument 'catkin_cmake_args' from command line to 'None'
[0.411s] Level 5:colcon.colcon_core.verb:set package 'tfg_pkg' build argument 'catkin_skip_building_tests' from command line to 'False'
[0.411s] DEBUG:colcon.colcon_core.verb:Building package 'tfg_pkg' with the following arguments: {'ament_cmake_args': None, 'build_base': '/home/karch/ws/TFG_Hunter20_ws/build/tfg_pkg', 'catkin_cmake_args': None, 'catkin_skip_building_tests': False, 'cmake_args': None, 'cmake_clean_cache': False, 'cmake_clean_first': False, 'cmake_force_configure': False, 'cmake_target': None, 'cmake_target_skip_unavailable': False, 'install_base': '/home/karch/ws/TFG_Hunter20_ws/install/tfg_pkg', 'merge_install': False, 'path': '/home/karch/ws/TFG_Hunter20_ws/src/tfg_pkg', 'symlink_install': True, 'test_result_base': None}
[0.412s] Level 5:colcon.colcon_core.verb:set package 'urg_c' build argument 'cmake_args' from command line to 'None'
[0.412s] Level 5:colcon.colcon_core.verb:set package 'urg_c' build argument 'cmake_target' from command line to 'None'
[0.412s] Level 5:colcon.colcon_core.verb:set package 'urg_c' build argument 'cmake_target_skip_unavailable' from command line to 'False'
[0.412s] Level 5:colcon.colcon_core.verb:set package 'urg_c' build argument 'cmake_clean_cache' from command line to 'False'
[0.412s] Level 5:colcon.colcon_core.verb:set package 'urg_c' build argument 'cmake_clean_first' from command line to 'False'
[0.412s] Level 5:colcon.colcon_core.verb:set package 'urg_c' build argument 'cmake_force_configure' from command line to 'False'
[0.412s] Level 5:colcon.colcon_core.verb:set package 'urg_c' build argument 'ament_cmake_args' from command line to 'None'
[0.412s] Level 5:colcon.colcon_core.verb:set package 'urg_c' build argument 'catkin_cmake_args' from command line to 'None'
[0.412s] Level 5:colcon.colcon_core.verb:set package 'urg_c' build argument 'catkin_skip_building_tests' from command line to 'False'
[0.412s] DEBUG:colcon.colcon_core.verb:Building package 'urg_c' with the following arguments: {'ament_cmake_args': None, 'build_base': '/home/karch/ws/TFG_Hunter20_ws/build/urg_c', 'catkin_cmake_args': None, 'catkin_skip_building_tests': False, 'cmake_args': None, 'cmake_clean_cache': False, 'cmake_clean_first': False, 'cmake_force_configure': False, 'cmake_target': None, 'cmake_target_skip_unavailable': False, 'install_base': '/home/karch/ws/TFG_Hunter20_ws/install/urg_c', 'merge_install': False, 'path': '/home/karch/ws/TFG_Hunter20_ws/src/urg_c', 'symlink_install': True, 'test_result_base': None}
[0.413s] Level 5:colcon.colcon_core.verb:set package 'urg_node_msgs' build argument 'cmake_args' from command line to 'None'
[0.413s] Level 5:colcon.colcon_core.verb:set package 'urg_node_msgs' build argument 'cmake_target' from command line to 'None'
[0.413s] Level 5:colcon.colcon_core.verb:set package 'urg_node_msgs' build argument 'cmake_target_skip_unavailable' from command line to 'False'
[0.413s] Level 5:colcon.colcon_core.verb:set package 'urg_node_msgs' build argument 'cmake_clean_cache' from command line to 'False'
[0.413s] Level 5:colcon.colcon_core.verb:set package 'urg_node_msgs' build argument 'cmake_clean_first' from command line to 'False'
[0.413s] Level 5:colcon.colcon_core.verb:set package 'urg_node_msgs' build argument 'cmake_force_configure' from command line to 'False'
[0.413s] Level 5:colcon.colcon_core.verb:set package 'urg_node_msgs' build argument 'ament_cmake_args' from command line to 'None'
[0.413s] Level 5:colcon.colcon_core.verb:set package 'urg_node_msgs' build argument 'catkin_cmake_args' from command line to 'None'
[0.413s] Level 5:colcon.colcon_core.verb:set package 'urg_node_msgs' build argument 'catkin_skip_building_tests' from command line to 'False'
[0.413s] DEBUG:colcon.colcon_core.verb:Building package 'urg_node_msgs' with the following arguments: {'ament_cmake_args': None, 'build_base': '/home/karch/ws/TFG_Hunter20_ws/build/urg_node_msgs', 'catkin_cmake_args': None, 'catkin_skip_building_tests': False, 'cmake_args': None, 'cmake_clean_cache': False, 'cmake_clean_first': False, 'cmake_force_configure': False, 'cmake_target': None, 'cmake_target_skip_unavailable': False, 'install_base': '/home/karch/ws/TFG_Hunter20_ws/install/urg_node_msgs', 'merge_install': False, 'path': '/home/karch/ws/TFG_Hunter20_ws/src/urg_node_msgs', 'symlink_install': True, 'test_result_base': None}
[0.414s] Level 5:colcon.colcon_core.verb:set package 'urg_node' build argument 'cmake_args' from command line to 'None'
[0.414s] Level 5:colcon.colcon_core.verb:set package 'urg_node' build argument 'cmake_target' from command line to 'None'
[0.414s] Level 5:colcon.colcon_core.verb:set package 'urg_node' build argument 'cmake_target_skip_unavailable' from command line to 'False'
[0.414s] Level 5:colcon.colcon_core.verb:set package 'urg_node' build argument 'cmake_clean_cache' from command line to 'False'
[0.414s] Level 5:colcon.colcon_core.verb:set package 'urg_node' build argument 'cmake_clean_first' from command line to 'False'
[0.414s] Level 5:colcon.colcon_core.verb:set package 'urg_node' build argument 'cmake_force_configure' from command line to 'False'
[0.414s] Level 5:colcon.colcon_core.verb:set package 'urg_node' build argument 'ament_cmake_args' from command line to 'None'
[0.414s] Level 5:colcon.colcon_core.verb:set package 'urg_node' build argument 'catkin_cmake_args' from command line to 'None'
[0.414s] Level 5:colcon.colcon_core.verb:set package 'urg_node' build argument 'catkin_skip_building_tests' from command line to 'False'
[0.414s] DEBUG:colcon.colcon_core.verb:Building package 'urg_node' with the following arguments: {'ament_cmake_args': None, 'build_base': '/home/karch/ws/TFG_Hunter20_ws/build/urg_node', 'catkin_cmake_args': None, 'catkin_skip_building_tests': False, 'cmake_args': None, 'cmake_clean_cache': False, 'cmake_clean_first': False, 'cmake_force_configure': False, 'cmake_target': None, 'cmake_target_skip_unavailable': False, 'install_base': '/home/karch/ws/TFG_Hunter20_ws/install/urg_node', 'merge_install': False, 'path': '/home/karch/ws/TFG_Hunter20_ws/src/urg_node', 'symlink_install': True, 'test_result_base': None}
[0.415s] INFO:colcon.colcon_core.executor:Executing jobs using 'parallel' executor
[0.418s] DEBUG:colcon.colcon_parallel_executor.executor.parallel:run_until_complete
[0.419s] INFO:colcon.colcon_ros.task.ament_cmake.build:Building ROS package in '/home/karch/ws/TFG_Hunter20_ws/src/urg_c' with build type 'ament_cmake'
[0.419s] INFO:colcon.colcon_cmake.task.cmake.build:Building CMake package in '/home/karch/ws/TFG_Hunter20_ws/src/urg_c'
[0.423s] INFO:colcon.colcon_core.plugin_system:Skipping extension 'colcon_core.shell.bat': Not used on non-Windows systems
[0.423s] INFO:colcon.colcon_core.shell:Skip shell extension 'powershell' for command environment: Not usable outside of PowerShell
[0.423s] DEBUG:colcon.colcon_core.shell:Skip shell extension 'dsv' for command environment
[0.431s] INFO:colcon.colcon_ros.task.ament_cmake.build:Building ROS package in '/home/karch/ws/TFG_Hunter20_ws/src/urg_node_msgs' with build type 'ament_cmake'
[0.431s] INFO:colcon.colcon_cmake.task.cmake.build:Building CMake package in '/home/karch/ws/TFG_Hunter20_ws/src/urg_node_msgs'
[0.432s] INFO:colcon.colcon_core.shell:Skip shell extension 'powershell' for command environment: Not usable outside of PowerShell
[0.432s] DEBUG:colcon.colcon_core.shell:Skip shell extension 'dsv' for command environment
[0.438s] INFO:colcon.colcon_ros.task.ament_cmake.build:Building ROS package in '/home/karch/ws/TFG_Hunter20_ws/src/tfg_pkg' with build type 'ament_cmake'
[0.438s] INFO:colcon.colcon_cmake.task.cmake.build:Building CMake package in '/home/karch/ws/TFG_Hunter20_ws/src/tfg_pkg'
[0.439s] INFO:colcon.colcon_core.shell:Skip shell extension 'powershell' for command environment: Not usable outside of PowerShell
[0.439s] DEBUG:colcon.colcon_core.shell:Skip shell extension 'dsv' for command environment
[0.454s] DEBUG:colcon.colcon_core.event_handler.log_command:Invoking command in '/home/karch/ws/TFG_Hunter20_ws/build/urg_c': CMAKE_PREFIX_PATH=/home/karch/ws/hokuyo_ws/install/urg_node:/home/karch/ws/hokuyo_ws/install/urg_node_msgs:/home/karch/ws/hokuyo_ws/install/urg_c:/home/karch/ws/hokuyo_ws/install/tfg_pkg:/home/karch/ws/hokuyo_ws/install/robot_status_publisher:/home/karch/ws/hokuyo_ws/install/keyboard_control:/home/karch/ws/hokuyo_ws/install/coppelia_ros2_pkg:/home/karch/ws/hunter20_ws/install/hunter_base:/opt/ros/humble:/home/karch/ws/hunter20_ws/install/ugv_sdk:/home/karch/ws/hunter20_ws/install/hunter_msgs:/home/karch/ws/dev_ws/install/first_pkg /usr/bin/cmake --build /home/karch/ws/TFG_Hunter20_ws/build/urg_c -- -j16 -l16
[0.459s] DEBUG:colcon.colcon_core.event_handler.log_command:Invoking command in '/home/karch/ws/TFG_Hunter20_ws/build/urg_node_msgs': CMAKE_PREFIX_PATH=/home/karch/ws/hokuyo_ws/install/urg_node:/home/karch/ws/hokuyo_ws/install/urg_node_msgs:/home/karch/ws/hokuyo_ws/install/urg_c:/home/karch/ws/hokuyo_ws/install/tfg_pkg:/home/karch/ws/hokuyo_ws/install/robot_status_publisher:/home/karch/ws/hokuyo_ws/install/keyboard_control:/home/karch/ws/hokuyo_ws/install/coppelia_ros2_pkg:/home/karch/ws/hunter20_ws/install/hunter_base:/opt/ros/humble:/home/karch/ws/hunter20_ws/install/ugv_sdk:/home/karch/ws/hunter20_ws/install/hunter_msgs:/home/karch/ws/dev_ws/install/first_pkg /usr/bin/cmake --build /home/karch/ws/TFG_Hunter20_ws/build/urg_node_msgs -- -j16 -l16
[0.478s] DEBUG:colcon.colcon_core.event_handler.log_command:Invoking command in '/home/karch/ws/TFG_Hunter20_ws/build/tfg_pkg': CMAKE_PREFIX_PATH=/home/karch/ws/hokuyo_ws/install/urg_node:/home/karch/ws/hokuyo_ws/install/urg_node_msgs:/home/karch/ws/hokuyo_ws/install/urg_c:/home/karch/ws/hokuyo_ws/install/tfg_pkg:/home/karch/ws/hokuyo_ws/install/robot_status_publisher:/home/karch/ws/hokuyo_ws/install/keyboard_control:/home/karch/ws/hokuyo_ws/install/coppelia_ros2_pkg:/home/karch/ws/hunter20_ws/install/hunter_base:/opt/ros/humble:/home/karch/ws/hunter20_ws/install/ugv_sdk:/home/karch/ws/hunter20_ws/install/hunter_msgs:/home/karch/ws/dev_ws/install/first_pkg /usr/bin/cmake --build /home/karch/ws/TFG_Hunter20_ws/build/tfg_pkg -- -j16 -l16
[0.585s] DEBUG:colcon.colcon_core.event_handler.log_command:Invoked command in '/home/karch/ws/TFG_Hunter20_ws/build/tfg_pkg' returned '0': CMAKE_PREFIX_PATH=/home/karch/ws/hokuyo_ws/install/urg_node:/home/karch/ws/hokuyo_ws/install/urg_node_msgs:/home/karch/ws/hokuyo_ws/install/urg_c:/home/karch/ws/hokuyo_ws/install/tfg_pkg:/home/karch/ws/hokuyo_ws/install/robot_status_publisher:/home/karch/ws/hokuyo_ws/install/keyboard_control:/home/karch/ws/hokuyo_ws/install/coppelia_ros2_pkg:/home/karch/ws/hunter20_ws/install/hunter_base:/opt/ros/humble:/home/karch/ws/hunter20_ws/install/ugv_sdk:/home/karch/ws/hunter20_ws/install/hunter_msgs:/home/karch/ws/dev_ws/install/first_pkg /usr/bin/cmake --build /home/karch/ws/TFG_Hunter20_ws/build/tfg_pkg -- -j16 -l16
[0.692s] DEBUG:colcon.colcon_core.event_handler.log_command:Invoking command in '/home/karch/ws/TFG_Hunter20_ws/build/tfg_pkg': CMAKE_PREFIX_PATH=/home/karch/ws/hokuyo_ws/install/urg_node:/home/karch/ws/hokuyo_ws/install/urg_node_msgs:/home/karch/ws/hokuyo_ws/install/urg_c:/home/karch/ws/hokuyo_ws/install/tfg_pkg:/home/karch/ws/hokuyo_ws/install/robot_status_publisher:/home/karch/ws/hokuyo_ws/install/keyboard_control:/home/karch/ws/hokuyo_ws/install/coppelia_ros2_pkg:/home/karch/ws/hunter20_ws/install/hunter_base:/opt/ros/humble:/home/karch/ws/hunter20_ws/install/ugv_sdk:/home/karch/ws/hunter20_ws/install/hunter_msgs:/home/karch/ws/dev_ws/install/first_pkg /usr/bin/cmake --install /home/karch/ws/TFG_Hunter20_ws/build/tfg_pkg
[0.693s] DEBUG:colcon.colcon_core.event_handler.log_command:Invoked command in '/home/karch/ws/TFG_Hunter20_ws/build/urg_c' returned '0': CMAKE_PREFIX_PATH=/home/karch/ws/hokuyo_ws/install/urg_node:/home/karch/ws/hokuyo_ws/install/urg_node_msgs:/home/karch/ws/hokuyo_ws/install/urg_c:/home/karch/ws/hokuyo_ws/install/tfg_pkg:/home/karch/ws/hokuyo_ws/install/robot_status_publisher:/home/karch/ws/hokuyo_ws/install/keyboard_control:/home/karch/ws/hokuyo_ws/install/coppelia_ros2_pkg:/home/karch/ws/hunter20_ws/install/hunter_base:/opt/ros/humble:/home/karch/ws/hunter20_ws/install/ugv_sdk:/home/karch/ws/hunter20_ws/install/hunter_msgs:/home/karch/ws/dev_ws/install/first_pkg /usr/bin/cmake --build /home/karch/ws/TFG_Hunter20_ws/build/urg_c -- -j16 -l16
[0.741s] Level 1:colcon.colcon_core.environment:create_environment_scripts_only(tfg_pkg)
[0.744s] DEBUG:colcon.colcon_core.event_handler.log_command:Invoked command in '/home/karch/ws/TFG_Hunter20_ws/build/tfg_pkg' returned '0': CMAKE_PREFIX_PATH=/home/karch/ws/hokuyo_ws/install/urg_node:/home/karch/ws/hokuyo_ws/install/urg_node_msgs:/home/karch/ws/hokuyo_ws/install/urg_c:/home/karch/ws/hokuyo_ws/install/tfg_pkg:/home/karch/ws/hokuyo_ws/install/robot_status_publisher:/home/karch/ws/hokuyo_ws/install/keyboard_control:/home/karch/ws/hokuyo_ws/install/coppelia_ros2_pkg:/home/karch/ws/hunter20_ws/install/hunter_base:/opt/ros/humble:/home/karch/ws/hunter20_ws/install/ugv_sdk:/home/karch/ws/hunter20_ws/install/hunter_msgs:/home/karch/ws/dev_ws/install/first_pkg /usr/bin/cmake --install /home/karch/ws/TFG_Hunter20_ws/build/tfg_pkg
[0.750s] Level 1:colcon.colcon_core.environment:checking '/home/karch/ws/TFG_Hunter20_ws/install/tfg_pkg' for CMake module files
[0.750s] Level 1:colcon.colcon_core.environment:checking '/home/karch/ws/TFG_Hunter20_ws/install/tfg_pkg' for CMake config files
[0.751s] Level 1:colcon.colcon_core.shell:create_environment_hook('tfg_pkg', 'cmake_prefix_path')
[0.753s] INFO:colcon.colcon_core.shell:Creating environment hook '/home/karch/ws/TFG_Hunter20_ws/install/tfg_pkg/share/tfg_pkg/hook/cmake_prefix_path.ps1'
[0.758s] INFO:colcon.colcon_core.shell:Creating environment descriptor '/home/karch/ws/TFG_Hunter20_ws/install/tfg_pkg/share/tfg_pkg/hook/cmake_prefix_path.dsv'
[0.765s] INFO:colcon.colcon_core.shell:Creating environment hook '/home/karch/ws/TFG_Hunter20_ws/install/tfg_pkg/share/tfg_pkg/hook/cmake_prefix_path.sh'
[0.771s] Level 1:colcon.colcon_core.environment:checking '/home/karch/ws/TFG_Hunter20_ws/install/tfg_pkg/lib'
[0.771s] Level 1:colcon.colcon_core.environment:checking '/home/karch/ws/TFG_Hunter20_ws/install/tfg_pkg/bin'
[0.772s] Level 1:colcon.colcon_core.environment:checking '/home/karch/ws/TFG_Hunter20_ws/install/tfg_pkg/lib/pkgconfig/tfg_pkg.pc'
[0.772s] Level 1:colcon.colcon_core.environment:checking '/home/karch/ws/TFG_Hunter20_ws/install/tfg_pkg/lib/python3.10/site-packages'
[0.773s] Level 1:colcon.colcon_core.environment:checking '/home/karch/ws/TFG_Hunter20_ws/install/tfg_pkg/bin'
[0.776s] INFO:colcon.colcon_core.shell:Creating package script '/home/karch/ws/TFG_Hunter20_ws/install/tfg_pkg/share/tfg_pkg/package.ps1'
[0.779s] INFO:colcon.colcon_core.shell:Creating package descriptor '/home/karch/ws/TFG_Hunter20_ws/install/tfg_pkg/share/tfg_pkg/package.dsv'
[0.780s] INFO:colcon.colcon_core.shell:Creating package script '/home/karch/ws/TFG_Hunter20_ws/install/tfg_pkg/share/tfg_pkg/package.sh'
[0.781s] INFO:colcon.colcon_core.shell:Creating package script '/home/karch/ws/TFG_Hunter20_ws/install/tfg_pkg/share/tfg_pkg/package.bash'
[0.782s] INFO:colcon.colcon_core.shell:Creating package script '/home/karch/ws/TFG_Hunter20_ws/install/tfg_pkg/share/tfg_pkg/package.zsh'
[0.784s] Level 1:colcon.colcon_core.environment:create_file_with_runtime_dependencies(/home/karch/ws/TFG_Hunter20_ws/install/tfg_pkg/share/colcon-core/packages/tfg_pkg)
[0.867s] Level 1:colcon.colcon_core.environment:create_environment_scripts_only(tfg_pkg)
[0.869s] Level 1:colcon.colcon_core.environment:checking '/home/karch/ws/TFG_Hunter20_ws/install/tfg_pkg' for CMake module files
[0.870s] Level 1:colcon.colcon_core.environment:checking '/home/karch/ws/TFG_Hunter20_ws/install/tfg_pkg' for CMake config files
[0.871s] Level 1:colcon.colcon_core.shell:create_environment_hook('tfg_pkg', 'cmake_prefix_path')
[0.872s] INFO:colcon.colcon_core.shell:Creating environment hook '/home/karch/ws/TFG_Hunter20_ws/install/tfg_pkg/share/tfg_pkg/hook/cmake_prefix_path.ps1'
[0.872s] INFO:colcon.colcon_core.shell:Creating environment descriptor '/home/karch/ws/TFG_Hunter20_ws/install/tfg_pkg/share/tfg_pkg/hook/cmake_prefix_path.dsv'
[0.873s] INFO:colcon.colcon_core.shell:Creating environment hook '/home/karch/ws/TFG_Hunter20_ws/install/tfg_pkg/share/tfg_pkg/hook/cmake_prefix_path.sh'
[0.873s] Level 1:colcon.colcon_core.environment:checking '/home/karch/ws/TFG_Hunter20_ws/install/tfg_pkg/lib'
[0.873s] Level 1:colcon.colcon_core.environment:checking '/home/karch/ws/TFG_Hunter20_ws/install/tfg_pkg/bin'
[0.873s] Level 1:colcon.colcon_core.environment:checking '/home/karch/ws/TFG_Hunter20_ws/install/tfg_pkg/lib/pkgconfig/tfg_pkg.pc'
[0.873s] Level 1:colcon.colcon_core.environment:checking '/home/karch/ws/TFG_Hunter20_ws/install/tfg_pkg/lib/python3.10/site-packages'
[0.874s] Level 1:colcon.colcon_core.environment:checking '/home/karch/ws/TFG_Hunter20_ws/install/tfg_pkg/bin'
[0.875s] INFO:colcon.colcon_core.shell:Creating package script '/home/karch/ws/TFG_Hunter20_ws/install/tfg_pkg/share/tfg_pkg/package.ps1'
[0.875s] INFO:colcon.colcon_core.shell:Creating package descriptor '/home/karch/ws/TFG_Hunter20_ws/install/tfg_pkg/share/tfg_pkg/package.dsv'
[0.876s] INFO:colcon.colcon_core.shell:Creating package script '/home/karch/ws/TFG_Hunter20_ws/install/tfg_pkg/share/tfg_pkg/package.sh'
[0.876s] INFO:colcon.colcon_core.shell:Creating package script '/home/karch/ws/TFG_Hunter20_ws/install/tfg_pkg/share/tfg_pkg/package.bash'
[0.877s] INFO:colcon.colcon_core.shell:Creating package script '/home/karch/ws/TFG_Hunter20_ws/install/tfg_pkg/share/tfg_pkg/package.zsh'
[0.877s] Level 1:colcon.colcon_core.environment:create_file_with_runtime_dependencies(/home/karch/ws/TFG_Hunter20_ws/install/tfg_pkg/share/colcon-core/packages/tfg_pkg)
[0.902s] DEBUG:colcon.colcon_core.event_handler.log_command:Invoking command in '/home/karch/ws/TFG_Hunter20_ws/build/urg_c': CMAKE_PREFIX_PATH=/home/karch/ws/hokuyo_ws/install/urg_node:/home/karch/ws/hokuyo_ws/install/urg_node_msgs:/home/karch/ws/hokuyo_ws/install/urg_c:/home/karch/ws/hokuyo_ws/install/tfg_pkg:/home/karch/ws/hokuyo_ws/install/robot_status_publisher:/home/karch/ws/hokuyo_ws/install/keyboard_control:/home/karch/ws/hokuyo_ws/install/coppelia_ros2_pkg:/home/karch/ws/hunter20_ws/install/hunter_base:/opt/ros/humble:/home/karch/ws/hunter20_ws/install/ugv_sdk:/home/karch/ws/hunter20_ws/install/hunter_msgs:/home/karch/ws/dev_ws/install/first_pkg /usr/bin/cmake --install /home/karch/ws/TFG_Hunter20_ws/build/urg_c
[0.952s] Level 1:colcon.colcon_core.environment:create_environment_scripts_only(urg_c)
[0.953s] DEBUG:colcon.colcon_core.event_handler.log_command:Invoked command in '/home/karch/ws/TFG_Hunter20_ws/build/urg_c' returned '0': CMAKE_PREFIX_PATH=/home/karch/ws/hokuyo_ws/install/urg_node:/home/karch/ws/hokuyo_ws/install/urg_node_msgs:/home/karch/ws/hokuyo_ws/install/urg_c:/home/karch/ws/hokuyo_ws/install/tfg_pkg:/home/karch/ws/hokuyo_ws/install/robot_status_publisher:/home/karch/ws/hokuyo_ws/install/keyboard_control:/home/karch/ws/hokuyo_ws/install/coppelia_ros2_pkg:/home/karch/ws/hunter20_ws/install/hunter_base:/opt/ros/humble:/home/karch/ws/hunter20_ws/install/ugv_sdk:/home/karch/ws/hunter20_ws/install/hunter_msgs:/home/karch/ws/dev_ws/install/first_pkg /usr/bin/cmake --install /home/karch/ws/TFG_Hunter20_ws/build/urg_c
[0.954s] Level 1:colcon.colcon_core.environment:checking '/home/karch/ws/TFG_Hunter20_ws/install/urg_c' for CMake module files
[0.955s] Level 1:colcon.colcon_core.environment:checking '/home/karch/ws/TFG_Hunter20_ws/install/urg_c' for CMake config files
[0.956s] Level 1:colcon.colcon_core.shell:create_environment_hook('urg_c', 'cmake_prefix_path')
[0.957s] INFO:colcon.colcon_core.shell:Creating environment hook '/home/karch/ws/TFG_Hunter20_ws/install/urg_c/share/urg_c/hook/cmake_prefix_path.ps1'
[0.958s] INFO:colcon.colcon_core.shell:Creating environment descriptor '/home/karch/ws/TFG_Hunter20_ws/install/urg_c/share/urg_c/hook/cmake_prefix_path.dsv'
[0.959s] INFO:colcon.colcon_core.shell:Creating environment hook '/home/karch/ws/TFG_Hunter20_ws/install/urg_c/share/urg_c/hook/cmake_prefix_path.sh'
[0.960s] Level 1:colcon.colcon_core.environment:checking '/home/karch/ws/TFG_Hunter20_ws/install/urg_c/lib'
[0.960s] Level 1:colcon.colcon_core.shell:create_environment_hook('urg_c', 'ld_library_path_lib')
[0.961s] INFO:colcon.colcon_core.shell:Creating environment hook '/home/karch/ws/TFG_Hunter20_ws/install/urg_c/share/urg_c/hook/ld_library_path_lib.ps1'
[0.962s] INFO:colcon.colcon_core.shell:Creating environment descriptor '/home/karch/ws/TFG_Hunter20_ws/install/urg_c/share/urg_c/hook/ld_library_path_lib.dsv'
[0.962s] INFO:colcon.colcon_core.shell:Creating environment hook '/home/karch/ws/TFG_Hunter20_ws/install/urg_c/share/urg_c/hook/ld_library_path_lib.sh'
[0.963s] Level 1:colcon.colcon_core.environment:checking '/home/karch/ws/TFG_Hunter20_ws/install/urg_c/bin'
[0.963s] Level 1:colcon.colcon_core.shell:create_environment_hook('urg_c', 'path')
[0.964s] INFO:colcon.colcon_core.shell:Creating environment hook '/home/karch/ws/TFG_Hunter20_ws/install/urg_c/share/urg_c/hook/path.ps1'
[0.965s] INFO:colcon.colcon_core.shell:Creating environment descriptor '/home/karch/ws/TFG_Hunter20_ws/install/urg_c/share/urg_c/hook/path.dsv'
[0.966s] INFO:colcon.colcon_core.shell:Creating environment hook '/home/karch/ws/TFG_Hunter20_ws/install/urg_c/share/urg_c/hook/path.sh'
[0.966s] Level 1:colcon.colcon_core.environment:checking '/home/karch/ws/TFG_Hunter20_ws/install/urg_c/lib/pkgconfig/urg_c.pc'
[0.966s] Level 1:colcon.colcon_core.environment:checking '/home/karch/ws/TFG_Hunter20_ws/install/urg_c/lib/python3.10/site-packages'
[0.966s] Level 1:colcon.colcon_core.environment:checking '/home/karch/ws/TFG_Hunter20_ws/install/urg_c/bin'
[0.966s] Level 1:colcon.colcon_core.shell:create_environment_hook('urg_c', 'pythonscriptspath')
[0.967s] INFO:colcon.colcon_core.shell:Creating environment hook '/home/karch/ws/TFG_Hunter20_ws/install/urg_c/share/urg_c/hook/pythonscriptspath.ps1'
[0.968s] INFO:colcon.colcon_core.shell:Creating environment descriptor '/home/karch/ws/TFG_Hunter20_ws/install/urg_c/share/urg_c/hook/pythonscriptspath.dsv'
[0.968s] INFO:colcon.colcon_core.shell:Creating environment hook '/home/karch/ws/TFG_Hunter20_ws/install/urg_c/share/urg_c/hook/pythonscriptspath.sh'
[0.970s] INFO:colcon.colcon_core.shell:Creating package script '/home/karch/ws/TFG_Hunter20_ws/install/urg_c/share/urg_c/package.ps1'
[0.970s] INFO:colcon.colcon_core.shell:Creating package descriptor '/home/karch/ws/TFG_Hunter20_ws/install/urg_c/share/urg_c/package.dsv'
[0.971s] INFO:colcon.colcon_core.shell:Creating package script '/home/karch/ws/TFG_Hunter20_ws/install/urg_c/share/urg_c/package.sh'
[0.971s] INFO:colcon.colcon_core.shell:Creating package script '/home/karch/ws/TFG_Hunter20_ws/install/urg_c/share/urg_c/package.bash'
[0.971s] INFO:colcon.colcon_core.shell:Creating package script '/home/karch/ws/TFG_Hunter20_ws/install/urg_c/share/urg_c/package.zsh'
[0.972s] Level 1:colcon.colcon_core.environment:create_file_with_runtime_dependencies(/home/karch/ws/TFG_Hunter20_ws/install/urg_c/share/colcon-core/packages/urg_c)
[1.015s] DEBUG:colcon.colcon_core.event_handler.log_command:Invoked command in '/home/karch/ws/TFG_Hunter20_ws/build/urg_node_msgs' returned '0': CMAKE_PREFIX_PATH=/home/karch/ws/hokuyo_ws/install/urg_node:/home/karch/ws/hokuyo_ws/install/urg_node_msgs:/home/karch/ws/hokuyo_ws/install/urg_c:/home/karch/ws/hokuyo_ws/install/tfg_pkg:/home/karch/ws/hokuyo_ws/install/robot_status_publisher:/home/karch/ws/hokuyo_ws/install/keyboard_control:/home/karch/ws/hokuyo_ws/install/coppelia_ros2_pkg:/home/karch/ws/hunter20_ws/install/hunter_base:/opt/ros/humble:/home/karch/ws/hunter20_ws/install/ugv_sdk:/home/karch/ws/hunter20_ws/install/hunter_msgs:/home/karch/ws/dev_ws/install/first_pkg /usr/bin/cmake --build /home/karch/ws/TFG_Hunter20_ws/build/urg_node_msgs -- -j16 -l16
[1.138s] Level 1:colcon.colcon_core.environment:create_environment_scripts_only(urg_c)
[1.140s] Level 1:colcon.colcon_core.environment:checking '/home/karch/ws/TFG_Hunter20_ws/install/urg_c' for CMake module files
[1.140s] Level 1:colcon.colcon_core.environment:checking '/home/karch/ws/TFG_Hunter20_ws/install/urg_c' for CMake config files
[1.141s] Level 1:colcon.colcon_core.shell:create_environment_hook('urg_c', 'cmake_prefix_path')
[1.142s] INFO:colcon.colcon_core.shell:Creating environment hook '/home/karch/ws/TFG_Hunter20_ws/install/urg_c/share/urg_c/hook/cmake_prefix_path.ps1'
[1.143s] INFO:colcon.colcon_core.shell:Creating environment descriptor '/home/karch/ws/TFG_Hunter20_ws/install/urg_c/share/urg_c/hook/cmake_prefix_path.dsv'
[1.143s] INFO:colcon.colcon_core.shell:Creating environment hook '/home/karch/ws/TFG_Hunter20_ws/install/urg_c/share/urg_c/hook/cmake_prefix_path.sh'
[1.144s] Level 1:colcon.colcon_core.environment:checking '/home/karch/ws/TFG_Hunter20_ws/install/urg_c/lib'
[1.145s] Level 1:colcon.colcon_core.shell:create_environment_hook('urg_c', 'ld_library_path_lib')
[1.147s] INFO:colcon.colcon_core.shell:Creating environment hook '/home/karch/ws/TFG_Hunter20_ws/install/urg_c/share/urg_c/hook/ld_library_path_lib.ps1'
[1.147s] INFO:colcon.colcon_core.shell:Creating environment descriptor '/home/karch/ws/TFG_Hunter20_ws/install/urg_c/share/urg_c/hook/ld_library_path_lib.dsv'
[1.148s] INFO:colcon.colcon_core.shell:Creating environment hook '/home/karch/ws/TFG_Hunter20_ws/install/urg_c/share/urg_c/hook/ld_library_path_lib.sh'
[1.148s] Level 1:colcon.colcon_core.environment:checking '/home/karch/ws/TFG_Hunter20_ws/install/urg_c/bin'
[1.148s] Level 1:colcon.colcon_core.shell:create_environment_hook('urg_c', 'path')
[1.149s] INFO:colcon.colcon_core.shell:Creating environment hook '/home/karch/ws/TFG_Hunter20_ws/install/urg_c/share/urg_c/hook/path.ps1'
[1.150s] INFO:colcon.colcon_core.shell:Creating environment descriptor '/home/karch/ws/TFG_Hunter20_ws/install/urg_c/share/urg_c/hook/path.dsv'
[1.150s] INFO:colcon.colcon_core.shell:Creating environment hook '/home/karch/ws/TFG_Hunter20_ws/install/urg_c/share/urg_c/hook/path.sh'
[1.151s] Level 1:colcon.colcon_core.environment:checking '/home/karch/ws/TFG_Hunter20_ws/install/urg_c/lib/pkgconfig/urg_c.pc'
[1.151s] Level 1:colcon.colcon_core.environment:checking '/home/karch/ws/TFG_Hunter20_ws/install/urg_c/lib/python3.10/site-packages'
[1.152s] Level 1:colcon.colcon_core.environment:checking '/home/karch/ws/TFG_Hunter20_ws/install/urg_c/bin'
[1.152s] Level 1:colcon.colcon_core.shell:create_environment_hook('urg_c', 'pythonscriptspath')
[1.153s] INFO:colcon.colcon_core.shell:Creating environment hook '/home/karch/ws/TFG_Hunter20_ws/install/urg_c/share/urg_c/hook/pythonscriptspath.ps1'
[1.153s] INFO:colcon.colcon_core.shell:Creating environment descriptor '/home/karch/ws/TFG_Hunter20_ws/install/urg_c/share/urg_c/hook/pythonscriptspath.dsv'
[1.154s] INFO:colcon.colcon_core.shell:Creating environment hook '/home/karch/ws/TFG_Hunter20_ws/install/urg_c/share/urg_c/hook/pythonscriptspath.sh'
[1.155s] INFO:colcon.colcon_core.shell:Creating package script '/home/karch/ws/TFG_Hunter20_ws/install/urg_c/share/urg_c/package.ps1'
[1.156s] INFO:colcon.colcon_core.shell:Creating package descriptor '/home/karch/ws/TFG_Hunter20_ws/install/urg_c/share/urg_c/package.dsv'
[1.156s] INFO:colcon.colcon_core.shell:Creating package script '/home/karch/ws/TFG_Hunter20_ws/install/urg_c/share/urg_c/package.sh'
[1.157s] INFO:colcon.colcon_core.shell:Creating package script '/home/karch/ws/TFG_Hunter20_ws/install/urg_c/share/urg_c/package.bash'
[1.157s] INFO:colcon.colcon_core.shell:Creating package script '/home/karch/ws/TFG_Hunter20_ws/install/urg_c/share/urg_c/package.zsh'
[1.157s] Level 1:colcon.colcon_core.environment:create_file_with_runtime_dependencies(/home/karch/ws/TFG_Hunter20_ws/install/urg_c/share/colcon-core/packages/urg_c)
[1.160s] DEBUG:colcon.colcon_core.event_handler.log_command:Invoking command in '/home/karch/ws/TFG_Hunter20_ws/build/urg_node_msgs': CMAKE_PREFIX_PATH=/home/karch/ws/hokuyo_ws/install/urg_node:/home/karch/ws/hokuyo_ws/install/urg_node_msgs:/home/karch/ws/hokuyo_ws/install/urg_c:/home/karch/ws/hokuyo_ws/install/tfg_pkg:/home/karch/ws/hokuyo_ws/install/robot_status_publisher:/home/karch/ws/hokuyo_ws/install/keyboard_control:/home/karch/ws/hokuyo_ws/install/coppelia_ros2_pkg:/home/karch/ws/hunter20_ws/install/hunter_base:/opt/ros/humble:/home/karch/ws/hunter20_ws/install/ugv_sdk:/home/karch/ws/hunter20_ws/install/hunter_msgs:/home/karch/ws/dev_ws/install/first_pkg /usr/bin/cmake --install /home/karch/ws/TFG_Hunter20_ws/build/urg_node_msgs
[1.256s] Level 1:colcon.colcon_core.environment:create_environment_scripts_only(urg_node_msgs)
[1.256s] DEBUG:colcon.colcon_core.event_handler.log_command:Invoked command in '/home/karch/ws/TFG_Hunter20_ws/build/urg_node_msgs' returned '0': CMAKE_PREFIX_PATH=/home/karch/ws/hokuyo_ws/install/urg_node:/home/karch/ws/hokuyo_ws/install/urg_node_msgs:/home/karch/ws/hokuyo_ws/install/urg_c:/home/karch/ws/hokuyo_ws/install/tfg_pkg:/home/karch/ws/hokuyo_ws/install/robot_status_publisher:/home/karch/ws/hokuyo_ws/install/keyboard_control:/home/karch/ws/hokuyo_ws/install/coppelia_ros2_pkg:/home/karch/ws/hunter20_ws/install/hunter_base:/opt/ros/humble:/home/karch/ws/hunter20_ws/install/ugv_sdk:/home/karch/ws/hunter20_ws/install/hunter_msgs:/home/karch/ws/dev_ws/install/first_pkg /usr/bin/cmake --install /home/karch/ws/TFG_Hunter20_ws/build/urg_node_msgs
[1.258s] Level 1:colcon.colcon_core.environment:checking '/home/karch/ws/TFG_Hunter20_ws/install/urg_node_msgs' for CMake module files
[1.259s] Level 1:colcon.colcon_core.environment:checking '/home/karch/ws/TFG_Hunter20_ws/install/urg_node_msgs' for CMake config files
[1.259s] Level 1:colcon.colcon_core.shell:create_environment_hook('urg_node_msgs', 'cmake_prefix_path')
[1.260s] INFO:colcon.colcon_core.shell:Creating environment hook '/home/karch/ws/TFG_Hunter20_ws/install/urg_node_msgs/share/urg_node_msgs/hook/cmake_prefix_path.ps1'
[1.261s] INFO:colcon.colcon_core.shell:Creating environment descriptor '/home/karch/ws/TFG_Hunter20_ws/install/urg_node_msgs/share/urg_node_msgs/hook/cmake_prefix_path.dsv'
[1.262s] INFO:colcon.colcon_core.shell:Creating environment hook '/home/karch/ws/TFG_Hunter20_ws/install/urg_node_msgs/share/urg_node_msgs/hook/cmake_prefix_path.sh'
[1.263s] Level 1:colcon.colcon_core.environment:checking '/home/karch/ws/TFG_Hunter20_ws/install/urg_node_msgs/lib'
[1.263s] Level 1:colcon.colcon_core.shell:create_environment_hook('urg_node_msgs', 'ld_library_path_lib')
[1.264s] INFO:colcon.colcon_core.shell:Creating environment hook '/home/karch/ws/TFG_Hunter20_ws/install/urg_node_msgs/share/urg_node_msgs/hook/ld_library_path_lib.ps1'
[1.266s] INFO:colcon.colcon_core.shell:Creating environment descriptor '/home/karch/ws/TFG_Hunter20_ws/install/urg_node_msgs/share/urg_node_msgs/hook/ld_library_path_lib.dsv'
[1.266s] INFO:colcon.colcon_core.shell:Creating environment hook '/home/karch/ws/TFG_Hunter20_ws/install/urg_node_msgs/share/urg_node_msgs/hook/ld_library_path_lib.sh'
[1.266s] Level 1:colcon.colcon_core.environment:checking '/home/karch/ws/TFG_Hunter20_ws/install/urg_node_msgs/bin'
[1.266s] Level 1:colcon.colcon_core.environment:checking '/home/karch/ws/TFG_Hunter20_ws/install/urg_node_msgs/lib/pkgconfig/urg_node_msgs.pc'
[1.267s] Level 1:colcon.colcon_core.environment:checking '/home/karch/ws/TFG_Hunter20_ws/install/urg_node_msgs/lib/python3.10/site-packages'
[1.267s] Level 1:colcon.colcon_core.environment:checking '/home/karch/ws/TFG_Hunter20_ws/install/urg_node_msgs/bin'
[1.268s] INFO:colcon.colcon_core.shell:Creating package script '/home/karch/ws/TFG_Hunter20_ws/install/urg_node_msgs/share/urg_node_msgs/package.ps1'
[1.269s] INFO:colcon.colcon_core.shell:Creating package descriptor '/home/karch/ws/TFG_Hunter20_ws/install/urg_node_msgs/share/urg_node_msgs/package.dsv'
[1.269s] INFO:colcon.colcon_core.shell:Creating package script '/home/karch/ws/TFG_Hunter20_ws/install/urg_node_msgs/share/urg_node_msgs/package.sh'
[1.269s] INFO:colcon.colcon_core.shell:Creating package script '/home/karch/ws/TFG_Hunter20_ws/install/urg_node_msgs/share/urg_node_msgs/package.bash'
[1.270s] INFO:colcon.colcon_core.shell:Creating package script '/home/karch/ws/TFG_Hunter20_ws/install/urg_node_msgs/share/urg_node_msgs/package.zsh'
[1.270s] Level 1:colcon.colcon_core.environment:create_file_with_runtime_dependencies(/home/karch/ws/TFG_Hunter20_ws/install/urg_node_msgs/share/colcon-core/packages/urg_node_msgs)
[1.397s] Level 1:colcon.colcon_core.environment:create_environment_scripts_only(urg_node_msgs)
[1.398s] Level 1:colcon.colcon_core.environment:checking '/home/karch/ws/TFG_Hunter20_ws/install/urg_node_msgs' for CMake module files
[1.399s] Level 1:colcon.colcon_core.environment:checking '/home/karch/ws/TFG_Hunter20_ws/install/urg_node_msgs' for CMake config files
[1.399s] Level 1:colcon.colcon_core.shell:create_environment_hook('urg_node_msgs', 'cmake_prefix_path')
[1.400s] INFO:colcon.colcon_core.shell:Creating environment hook '/home/karch/ws/TFG_Hunter20_ws/install/urg_node_msgs/share/urg_node_msgs/hook/cmake_prefix_path.ps1'
[1.401s] INFO:colcon.colcon_core.shell:Creating environment descriptor '/home/karch/ws/TFG_Hunter20_ws/install/urg_node_msgs/share/urg_node_msgs/hook/cmake_prefix_path.dsv'
[1.401s] INFO:colcon.colcon_core.shell:Creating environment hook '/home/karch/ws/TFG_Hunter20_ws/install/urg_node_msgs/share/urg_node_msgs/hook/cmake_prefix_path.sh'
[1.401s] Level 1:colcon.colcon_core.environment:checking '/home/karch/ws/TFG_Hunter20_ws/install/urg_node_msgs/lib'
[1.402s] Level 1:colcon.colcon_core.shell:create_environment_hook('urg_node_msgs', 'ld_library_path_lib')
[1.402s] INFO:colcon.colcon_core.shell:Creating environment hook '/home/karch/ws/TFG_Hunter20_ws/install/urg_node_msgs/share/urg_node_msgs/hook/ld_library_path_lib.ps1'
[1.403s] INFO:colcon.colcon_core.shell:Creating environment descriptor '/home/karch/ws/TFG_Hunter20_ws/install/urg_node_msgs/share/urg_node_msgs/hook/ld_library_path_lib.dsv'
[1.403s] INFO:colcon.colcon_core.shell:Creating environment hook '/home/karch/ws/TFG_Hunter20_ws/install/urg_node_msgs/share/urg_node_msgs/hook/ld_library_path_lib.sh'
[1.403s] Level 1:colcon.colcon_core.environment:checking '/home/karch/ws/TFG_Hunter20_ws/install/urg_node_msgs/bin'
[1.403s] Level 1:colcon.colcon_core.environment:checking '/home/karch/ws/TFG_Hunter20_ws/install/urg_node_msgs/lib/pkgconfig/urg_node_msgs.pc'
[1.403s] Level 1:colcon.colcon_core.environment:checking '/home/karch/ws/TFG_Hunter20_ws/install/urg_node_msgs/lib/python3.10/site-packages'
[1.404s] Level 1:colcon.colcon_core.environment:checking '/home/karch/ws/TFG_Hunter20_ws/install/urg_node_msgs/bin'
[1.405s] INFO:colcon.colcon_core.shell:Creating package script '/home/karch/ws/TFG_Hunter20_ws/install/urg_node_msgs/share/urg_node_msgs/package.ps1'
[1.405s] INFO:colcon.colcon_core.shell:Creating package descriptor '/home/karch/ws/TFG_Hunter20_ws/install/urg_node_msgs/share/urg_node_msgs/package.dsv'
[1.406s] INFO:colcon.colcon_core.shell:Creating package script '/home/karch/ws/TFG_Hunter20_ws/install/urg_node_msgs/share/urg_node_msgs/package.sh'
[1.406s] INFO:colcon.colcon_core.shell:Creating package script '/home/karch/ws/TFG_Hunter20_ws/install/urg_node_msgs/share/urg_node_msgs/package.bash'
[1.407s] INFO:colcon.colcon_core.shell:Creating package script '/home/karch/ws/TFG_Hunter20_ws/install/urg_node_msgs/share/urg_node_msgs/package.zsh'
[1.407s] Level 1:colcon.colcon_core.environment:create_file_with_runtime_dependencies(/home/karch/ws/TFG_Hunter20_ws/install/urg_node_msgs/share/colcon-core/packages/urg_node_msgs)
[1.407s] INFO:colcon.colcon_ros.task.ament_cmake.build:Building ROS package in '/home/karch/ws/TFG_Hunter20_ws/src/urg_node' with build type 'ament_cmake'
[1.407s] INFO:colcon.colcon_cmake.task.cmake.build:Building CMake package in '/home/karch/ws/TFG_Hunter20_ws/src/urg_node'
[1.408s] INFO:colcon.colcon_core.shell:Skip shell extension 'powershell' for command environment: Not usable outside of PowerShell
[1.408s] DEBUG:colcon.colcon_core.shell:Skip shell extension 'dsv' for command environment
[1.433s] DEBUG:colcon.colcon_core.event_handler.log_command:Invoking command in '/home/karch/ws/TFG_Hunter20_ws/build/urg_node': AMENT_PREFIX_PATH=/home/karch/ws/TFG_Hunter20_ws/install/urg_node_msgs:/home/karch/ws/TFG_Hunter20_ws/install/urg_c:${AMENT_PREFIX_PATH} CMAKE_PREFIX_PATH=/home/karch/ws/TFG_Hunter20_ws/install/urg_node_msgs:/home/karch/ws/TFG_Hunter20_ws/install/urg_c:/home/karch/ws/hokuyo_ws/install/urg_node:/home/karch/ws/hokuyo_ws/install/urg_node_msgs:/home/karch/ws/hokuyo_ws/install/urg_c:/home/karch/ws/hokuyo_ws/install/tfg_pkg:/home/karch/ws/hokuyo_ws/install/robot_status_publisher:/home/karch/ws/hokuyo_ws/install/keyboard_control:/home/karch/ws/hokuyo_ws/install/coppelia_ros2_pkg:/home/karch/ws/hunter20_ws/install/hunter_base:/opt/ros/humble:/home/karch/ws/hunter20_ws/install/ugv_sdk:/home/karch/ws/hunter20_ws/install/hunter_msgs:/home/karch/ws/dev_ws/install/first_pkg LD_LIBRARY_PATH=/home/karch/ws/TFG_Hunter20_ws/install/urg_node_msgs/lib:/home/karch/ws/TFG_Hunter20_ws/install/urg_c/lib:${LD_LIBRARY_PATH} PATH=/home/karch/ws/TFG_Hunter20_ws/install/urg_c/bin:${PATH} PYTHONPATH=/home/karch/ws/TFG_Hunter20_ws/install/urg_node_msgs/local/lib/python3.10/dist-packages:${PYTHONPATH} /usr/bin/cmake --build /home/karch/ws/TFG_Hunter20_ws/build/urg_node -- -j16 -l16
[1.580s] DEBUG:colcon.colcon_core.event_handler.log_command:Invoked command in '/home/karch/ws/TFG_Hunter20_ws/build/urg_node' returned '0': AMENT_PREFIX_PATH=/home/karch/ws/TFG_Hunter20_ws/install/urg_node_msgs:/home/karch/ws/TFG_Hunter20_ws/install/urg_c:${AMENT_PREFIX_PATH} CMAKE_PREFIX_PATH=/home/karch/ws/TFG_Hunter20_ws/install/urg_node_msgs:/home/karch/ws/TFG_Hunter20_ws/install/urg_c:/home/karch/ws/hokuyo_ws/install/urg_node:/home/karch/ws/hokuyo_ws/install/urg_node_msgs:/home/karch/ws/hokuyo_ws/install/urg_c:/home/karch/ws/hokuyo_ws/install/tfg_pkg:/home/karch/ws/hokuyo_ws/install/robot_status_publisher:/home/karch/ws/hokuyo_ws/install/keyboard_control:/home/karch/ws/hokuyo_ws/install/coppelia_ros2_pkg:/home/karch/ws/hunter20_ws/install/hunter_base:/opt/ros/humble:/home/karch/ws/hunter20_ws/install/ugv_sdk:/home/karch/ws/hunter20_ws/install/hunter_msgs:/home/karch/ws/dev_ws/install/first_pkg LD_LIBRARY_PATH=/home/karch/ws/TFG_Hunter20_ws/install/urg_node_msgs/lib:/home/karch/ws/TFG_Hunter20_ws/install/urg_c/lib:${LD_LIBRARY_PATH} PATH=/home/karch/ws/TFG_Hunter20_ws/install/urg_c/bin:${PATH} PYTHONPATH=/home/karch/ws/TFG_Hunter20_ws/install/urg_node_msgs/local/lib/python3.10/dist-packages:${PYTHONPATH} /usr/bin/cmake --build /home/karch/ws/TFG_Hunter20_ws/build/urg_node -- -j16 -l16
[1.635s] DEBUG:colcon.colcon_core.event_handler.log_command:Invoking command in '/home/karch/ws/TFG_Hunter20_ws/build/urg_node': AMENT_PREFIX_PATH=/home/karch/ws/TFG_Hunter20_ws/install/urg_node_msgs:/home/karch/ws/TFG_Hunter20_ws/install/urg_c:${AMENT_PREFIX_PATH} CMAKE_PREFIX_PATH=/home/karch/ws/TFG_Hunter20_ws/install/urg_node_msgs:/home/karch/ws/TFG_Hunter20_ws/install/urg_c:/home/karch/ws/hokuyo_ws/install/urg_node:/home/karch/ws/hokuyo_ws/install/urg_node_msgs:/home/karch/ws/hokuyo_ws/install/urg_c:/home/karch/ws/hokuyo_ws/install/tfg_pkg:/home/karch/ws/hokuyo_ws/install/robot_status_publisher:/home/karch/ws/hokuyo_ws/install/keyboard_control:/home/karch/ws/hokuyo_ws/install/coppelia_ros2_pkg:/home/karch/ws/hunter20_ws/install/hunter_base:/opt/ros/humble:/home/karch/ws/hunter20_ws/install/ugv_sdk:/home/karch/ws/hunter20_ws/install/hunter_msgs:/home/karch/ws/dev_ws/install/first_pkg LD_LIBRARY_PATH=/home/karch/ws/TFG_Hunter20_ws/install/urg_node_msgs/lib:/home/karch/ws/TFG_Hunter20_ws/install/urg_c/lib:${LD_LIBRARY_PATH} PATH=/home/karch/ws/TFG_Hunter20_ws/install/urg_c/bin:${PATH} PYTHONPATH=/home/karch/ws/TFG_Hunter20_ws/install/urg_node_msgs/local/lib/python3.10/dist-packages:${PYTHONPATH} /usr/bin/cmake --install /home/karch/ws/TFG_Hunter20_ws/build/urg_node
[1.664s] Level 1:colcon.colcon_core.environment:create_environment_scripts_only(urg_node)
[1.666s] Level 1:colcon.colcon_core.environment:checking '/home/karch/ws/TFG_Hunter20_ws/install/urg_node' for CMake module files
[1.667s] DEBUG:colcon.colcon_core.event_handler.log_command:Invoked command in '/home/karch/ws/TFG_Hunter20_ws/build/urg_node' returned '0': AMENT_PREFIX_PATH=/home/karch/ws/TFG_Hunter20_ws/install/urg_node_msgs:/home/karch/ws/TFG_Hunter20_ws/install/urg_c:${AMENT_PREFIX_PATH} CMAKE_PREFIX_PATH=/home/karch/ws/TFG_Hunter20_ws/install/urg_node_msgs:/home/karch/ws/TFG_Hunter20_ws/install/urg_c:/home/karch/ws/hokuyo_ws/install/urg_node:/home/karch/ws/hokuyo_ws/install/urg_node_msgs:/home/karch/ws/hokuyo_ws/install/urg_c:/home/karch/ws/hokuyo_ws/install/tfg_pkg:/home/karch/ws/hokuyo_ws/install/robot_status_publisher:/home/karch/ws/hokuyo_ws/install/keyboard_control:/home/karch/ws/hokuyo_ws/install/coppelia_ros2_pkg:/home/karch/ws/hunter20_ws/install/hunter_base:/opt/ros/humble:/home/karch/ws/hunter20_ws/install/ugv_sdk:/home/karch/ws/hunter20_ws/install/hunter_msgs:/home/karch/ws/dev_ws/install/first_pkg LD_LIBRARY_PATH=/home/karch/ws/TFG_Hunter20_ws/install/urg_node_msgs/lib:/home/karch/ws/TFG_Hunter20_ws/install/urg_c/lib:${LD_LIBRARY_PATH} PATH=/home/karch/ws/TFG_Hunter20_ws/install/urg_c/bin:${PATH} PYTHONPATH=/home/karch/ws/TFG_Hunter20_ws/install/urg_node_msgs/local/lib/python3.10/dist-packages:${PYTHONPATH} /usr/bin/cmake --install /home/karch/ws/TFG_Hunter20_ws/build/urg_node
[1.667s] Level 1:colcon.colcon_core.environment:checking '/home/karch/ws/TFG_Hunter20_ws/install/urg_node' for CMake config files
[1.668s] Level 1:colcon.colcon_core.shell:create_environment_hook('urg_node', 'cmake_prefix_path')
[1.669s] INFO:colcon.colcon_core.shell:Creating environment hook '/home/karch/ws/TFG_Hunter20_ws/install/urg_node/share/urg_node/hook/cmake_prefix_path.ps1'
[1.670s] INFO:colcon.colcon_core.shell:Creating environment descriptor '/home/karch/ws/TFG_Hunter20_ws/install/urg_node/share/urg_node/hook/cmake_prefix_path.dsv'
[1.670s] INFO:colcon.colcon_core.shell:Creating environment hook '/home/karch/ws/TFG_Hunter20_ws/install/urg_node/share/urg_node/hook/cmake_prefix_path.sh'
[1.670s] Level 1:colcon.colcon_core.environment:checking '/home/karch/ws/TFG_Hunter20_ws/install/urg_node/lib'
[1.670s] Level 1:colcon.colcon_core.shell:create_environment_hook('urg_node', 'ld_library_path_lib')
[1.671s] INFO:colcon.colcon_core.shell:Creating environment hook '/home/karch/ws/TFG_Hunter20_ws/install/urg_node/share/urg_node/hook/ld_library_path_lib.ps1'
[1.672s] INFO:colcon.colcon_core.shell:Creating environment descriptor '/home/karch/ws/TFG_Hunter20_ws/install/urg_node/share/urg_node/hook/ld_library_path_lib.dsv'
[1.672s] INFO:colcon.colcon_core.shell:Creating environment hook '/home/karch/ws/TFG_Hunter20_ws/install/urg_node/share/urg_node/hook/ld_library_path_lib.sh'
[1.672s] Level 1:colcon.colcon_core.environment:checking '/home/karch/ws/TFG_Hunter20_ws/install/urg_node/bin'
[1.672s] Level 1:colcon.colcon_core.environment:checking '/home/karch/ws/TFG_Hunter20_ws/install/urg_node/lib/pkgconfig/urg_node.pc'
[1.672s] Level 1:colcon.colcon_core.environment:checking '/home/karch/ws/TFG_Hunter20_ws/install/urg_node/lib/python3.10/site-packages'
[1.672s] Level 1:colcon.colcon_core.environment:checking '/home/karch/ws/TFG_Hunter20_ws/install/urg_node/bin'
[1.674s] INFO:colcon.colcon_core.shell:Creating package script '/home/karch/ws/TFG_Hunter20_ws/install/urg_node/share/urg_node/package.ps1'
[1.674s] INFO:colcon.colcon_core.shell:Creating package descriptor '/home/karch/ws/TFG_Hunter20_ws/install/urg_node/share/urg_node/package.dsv'
[1.675s] INFO:colcon.colcon_core.shell:Creating package script '/home/karch/ws/TFG_Hunter20_ws/install/urg_node/share/urg_node/package.sh'
[1.675s] INFO:colcon.colcon_core.shell:Creating package script '/home/karch/ws/TFG_Hunter20_ws/install/urg_node/share/urg_node/package.bash'
[1.676s] INFO:colcon.colcon_core.shell:Creating package script '/home/karch/ws/TFG_Hunter20_ws/install/urg_node/share/urg_node/package.zsh'
[1.676s] Level 1:colcon.colcon_core.environment:create_file_with_runtime_dependencies(/home/karch/ws/TFG_Hunter20_ws/install/urg_node/share/colcon-core/packages/urg_node)
[1.732s] Level 1:colcon.colcon_core.environment:create_environment_scripts_only(urg_node)
[1.733s] Level 1:colcon.colcon_core.environment:checking '/home/karch/ws/TFG_Hunter20_ws/install/urg_node' for CMake module files
[1.734s] Level 1:colcon.colcon_core.environment:checking '/home/karch/ws/TFG_Hunter20_ws/install/urg_node' for CMake config files
[1.734s] Level 1:colcon.colcon_core.shell:create_environment_hook('urg_node', 'cmake_prefix_path')
[1.735s] INFO:colcon.colcon_core.shell:Creating environment hook '/home/karch/ws/TFG_Hunter20_ws/install/urg_node/share/urg_node/hook/cmake_prefix_path.ps1'
[1.735s] INFO:colcon.colcon_core.shell:Creating environment descriptor '/home/karch/ws/TFG_Hunter20_ws/install/urg_node/share/urg_node/hook/cmake_prefix_path.dsv'
[1.735s] INFO:colcon.colcon_core.shell:Creating environment hook '/home/karch/ws/TFG_Hunter20_ws/install/urg_node/share/urg_node/hook/cmake_prefix_path.sh'
[1.736s] Level 1:colcon.colcon_core.environment:checking '/home/karch/ws/TFG_Hunter20_ws/install/urg_node/lib'
[1.736s] Level 1:colcon.colcon_core.shell:create_environment_hook('urg_node', 'ld_library_path_lib')
[1.737s] INFO:colcon.colcon_core.shell:Creating environment hook '/home/karch/ws/TFG_Hunter20_ws/install/urg_node/share/urg_node/hook/ld_library_path_lib.ps1'
[1.737s] INFO:colcon.colcon_core.shell:Creating environment descriptor '/home/karch/ws/TFG_Hunter20_ws/install/urg_node/share/urg_node/hook/ld_library_path_lib.dsv'
[1.737s] INFO:colcon.colcon_core.shell:Creating environment hook '/home/karch/ws/TFG_Hunter20_ws/install/urg_node/share/urg_node/hook/ld_library_path_lib.sh'
[1.738s] Level 1:colcon.colcon_core.environment:checking '/home/karch/ws/TFG_Hunter20_ws/install/urg_node/bin'
[1.738s] Level 1:colcon.colcon_core.environment:checking '/home/karch/ws/TFG_Hunter20_ws/install/urg_node/lib/pkgconfig/urg_node.pc'
[1.738s] Level 1:colcon.colcon_core.environment:checking '/home/karch/ws/TFG_Hunter20_ws/install/urg_node/lib/python3.10/site-packages'
[1.738s] Level 1:colcon.colcon_core.environment:checking '/home/karch/ws/TFG_Hunter20_ws/install/urg_node/bin'
[1.739s] INFO:colcon.colcon_core.shell:Creating package script '/home/karch/ws/TFG_Hunter20_ws/install/urg_node/share/urg_node/package.ps1'
[1.740s] INFO:colcon.colcon_core.shell:Creating package descriptor '/home/karch/ws/TFG_Hunter20_ws/install/urg_node/share/urg_node/package.dsv'
[1.740s] INFO:colcon.colcon_core.shell:Creating package script '/home/karch/ws/TFG_Hunter20_ws/install/urg_node/share/urg_node/package.sh'
[1.740s] INFO:colcon.colcon_core.shell:Creating package script '/home/karch/ws/TFG_Hunter20_ws/install/urg_node/share/urg_node/package.bash'
[1.740s] INFO:colcon.colcon_core.shell:Creating package script '/home/karch/ws/TFG_Hunter20_ws/install/urg_node/share/urg_node/package.zsh'
[1.741s] Level 1:colcon.colcon_core.environment:create_file_with_runtime_dependencies(/home/karch/ws/TFG_Hunter20_ws/install/urg_node/share/colcon-core/packages/urg_node)
[1.741s] DEBUG:colcon.colcon_parallel_executor.executor.parallel:closing loop
[1.741s] DEBUG:colcon.colcon_parallel_executor.executor.parallel:loop closed
[1.741s] DEBUG:colcon.colcon_parallel_executor.executor.parallel:run_until_complete finished with '0'
[1.741s] DEBUG:colcon.colcon_core.event_reactor:joining thread
[1.749s] INFO:colcon.colcon_core.plugin_system:Skipping extension 'colcon_notification.desktop_notification.terminal_notifier': Not used on non-Darwin systems
[1.749s] INFO:colcon.colcon_core.plugin_system:Skipping extension 'colcon_notification.desktop_notification.win32': Not used on non-Windows systems
[1.749s] INFO:colcon.colcon_notification.desktop_notification:Sending desktop notification using 'notify2'
[1.760s] DEBUG:colcon.colcon_core.event_reactor:joined thread
[1.761s] INFO:colcon.colcon_core.shell:Creating prefix script '/home/karch/ws/TFG_Hunter20_ws/install/local_setup.ps1'
[1.763s] INFO:colcon.colcon_core.shell:Creating prefix util module '/home/karch/ws/TFG_Hunter20_ws/install/_local_setup_util_ps1.py'
[1.765s] INFO:colcon.colcon_core.shell:Creating prefix chain script '/home/karch/ws/TFG_Hunter20_ws/install/setup.ps1'
[1.766s] INFO:colcon.colcon_core.shell:Creating prefix script '/home/karch/ws/TFG_Hunter20_ws/install/local_setup.sh'
[1.767s] INFO:colcon.colcon_core.shell:Creating prefix util module '/home/karch/ws/TFG_Hunter20_ws/install/_local_setup_util_sh.py'
[1.767s] INFO:colcon.colcon_core.shell:Creating prefix chain script '/home/karch/ws/TFG_Hunter20_ws/install/setup.sh'
[1.769s] INFO:colcon.colcon_core.shell:Creating prefix script '/home/karch/ws/TFG_Hunter20_ws/install/local_setup.bash'
[1.770s] INFO:colcon.colcon_core.shell:Creating prefix chain script '/home/karch/ws/TFG_Hunter20_ws/install/setup.bash'
[1.772s] INFO:colcon.colcon_core.shell:Creating prefix script '/home/karch/ws/TFG_Hunter20_ws/install/local_setup.zsh'
[1.772s] INFO:colcon.colcon_core.shell:Creating prefix chain script '/home/karch/ws/TFG_Hunter20_ws/install/setup.zsh'
