[0.038s] Invoking command in '/home/karch/ws/TFG_Hunter20_ws/build/urg_c': CMAKE_PREFIX_PATH=/home/karch/ws/hokuyo_ws/install/urg_node:/home/karch/ws/hokuyo_ws/install/urg_node_msgs:/home/karch/ws/hokuyo_ws/install/urg_c:/home/karch/ws/hokuyo_ws/install/tfg_pkg:/home/karch/ws/hokuyo_ws/install/robot_status_publisher:/home/karch/ws/hokuyo_ws/install/keyboard_control:/home/karch/ws/hokuyo_ws/install/coppelia_ros2_pkg:/home/karch/ws/hunter20_ws/install/hunter_base:/opt/ros/humble:/home/karch/ws/hunter20_ws/install/ugv_sdk:/home/karch/ws/hunter20_ws/install/hunter_msgs:/home/karch/ws/dev_ws/install/first_pkg /usr/bin/cmake /home/karch/ws/TFG_Hunter20_ws/src/urg_c -DAMENT_CMAKE_SYMLINK_INSTALL=1 -DCMAKE_INSTALL_PREFIX=/home/karch/ws/TFG_Hunter20_ws/install/urg_c
[0.180s] -- The C compiler identification is GNU 11.4.0
[0.270s] -- The CXX compiler identification is GNU 11.4.0
[0.282s] -- Detecting C compiler ABI info
[0.386s] -- Detecting C compiler ABI info - done
[0.392s] -- Check for working C compiler: /usr/bin/cc - skipped
[0.393s] -- Detecting C compile features
[0.393s] -- Detecting C compile features - done
[0.397s] -- Detecting CXX compiler ABI info
[0.517s] -- Detecting CXX compiler ABI info - done
[0.524s] -- Check for working CXX compiler: /usr/bin/c++ - skipped
[0.524s] -- Detecting CXX compile features
[0.525s] -- Detecting CXX compile features - done
[0.534s] -- Found ament_cmake: 1.3.5 (/opt/ros/humble/share/ament_cmake/cmake)
[0.765s] -- Found Python3: /usr/bin/python3.10 (found version "3.10.12") found components: Interpreter 
[0.848s] -- Override CMake install command with custom implementation using symlinks instead of copying resources
[0.976s] -- Configuring done
[0.995s] -- Generating done
[0.997s] -- Build files have been written to: /home/karch/ws/TFG_Hunter20_ws/build/urg_c
[1.006s] Invoked command in '/home/karch/ws/TFG_Hunter20_ws/build/urg_c' returned '0': CMAKE_PREFIX_PATH=/home/karch/ws/hokuyo_ws/install/urg_node:/home/karch/ws/hokuyo_ws/install/urg_node_msgs:/home/karch/ws/hokuyo_ws/install/urg_c:/home/karch/ws/hokuyo_ws/install/tfg_pkg:/home/karch/ws/hokuyo_ws/install/robot_status_publisher:/home/karch/ws/hokuyo_ws/install/keyboard_control:/home/karch/ws/hokuyo_ws/install/coppelia_ros2_pkg:/home/karch/ws/hunter20_ws/install/hunter_base:/opt/ros/humble:/home/karch/ws/hunter20_ws/install/ugv_sdk:/home/karch/ws/hunter20_ws/install/hunter_msgs:/home/karch/ws/dev_ws/install/first_pkg /usr/bin/cmake /home/karch/ws/TFG_Hunter20_ws/src/urg_c -DAMENT_CMAKE_SYMLINK_INSTALL=1 -DCMAKE_INSTALL_PREFIX=/home/karch/ws/TFG_Hunter20_ws/install/urg_c
[1.010s] Invoking command in '/home/karch/ws/TFG_Hunter20_ws/build/urg_c': CMAKE_PREFIX_PATH=/home/karch/ws/hokuyo_ws/install/urg_node:/home/karch/ws/hokuyo_ws/install/urg_node_msgs:/home/karch/ws/hokuyo_ws/install/urg_c:/home/karch/ws/hokuyo_ws/install/tfg_pkg:/home/karch/ws/hokuyo_ws/install/robot_status_publisher:/home/karch/ws/hokuyo_ws/install/keyboard_control:/home/karch/ws/hokuyo_ws/install/coppelia_ros2_pkg:/home/karch/ws/hunter20_ws/install/hunter_base:/opt/ros/humble:/home/karch/ws/hunter20_ws/install/ugv_sdk:/home/karch/ws/hunter20_ws/install/hunter_msgs:/home/karch/ws/dev_ws/install/first_pkg /usr/bin/cmake --build /home/karch/ws/TFG_Hunter20_ws/build/urg_c -- -j16 -l16
[1.088s] [  8%] [32mBuilding C object CMakeFiles/urg_c.dir/current/src/urg_utils.c.o[0m
[1.089s] [  8%] [32mBuilding C object CMakeFiles/urg_c.dir/current/src/urg_debug.c.o[0m
[1.089s] [  8%] [32mBuilding C object CMakeFiles/urg_c.dir/current/src/urg_sensor.c.o[0m
[1.090s] [ 11%] [32mBuilding C object CMakeFiles/urg_c.dir/current/src/urg_connection.c.o[0m
[1.095s] [ 23%] [32mBuilding C object CMakeFiles/urg_c.dir/current/src/urg_ring_buffer.c.o[0m
[1.095s] [ 23%] [32mBuilding C object CMakeFiles/urg_c.dir/current/src/urg_tcpclient.c.o[0m
[1.095s] [ 26%] [32mBuilding C object CMakeFiles/urg_c.dir/current/src/urg_serial_utils.c.o[0m
[1.096s] [ 26%] [32mBuilding C object CMakeFiles/urg_c.dir/current/src/urg_time.c.o[0m
[1.096s] [ 26%] [32mBuilding C object CMakeFiles/urg_c.dir/current/src/urg_serial.c.o[0m
[1.220s] [ 29%] [32m[1mLinking C shared library liburg_c.so[0m
[1.295s] [ 29%] Built target urg_c
[1.325s] [ 32%] [32mBuilding C object CMakeFiles/open_urg_sensor.dir/current/samples/open_urg_sensor.c.o[0m
[1.363s] [ 35%] [32m[1mLinking C static library libopen_urg_sensor.a[0m
[1.447s] [ 35%] Built target open_urg_sensor
[1.481s] [ 38%] [32mBuilding C object CMakeFiles/find_port.dir/current/samples/find_port.c.o[0m
[1.483s] [ 44%] [32mBuilding C object CMakeFiles/timeout_test.dir/current/samples/timeout_test.c.o[0m
[1.483s] [ 44%] [32mBuilding C object CMakeFiles/get_distance.dir/current/samples/get_distance.c.o[0m
[1.484s] [ 47%] [32mBuilding C object CMakeFiles/angle_convert_test.dir/current/samples/angle_convert_test.c.o[0m
[1.484s] [ 50%] [32mBuilding C object CMakeFiles/get_multiecho_intensity.dir/current/samples/get_multiecho_intensity.c.o[0m
[1.484s] [ 55%] [32mBuilding C object CMakeFiles/calculate_xy.dir/current/samples/calculate_xy.c.o[0m
[1.484s] [ 58%] [32mBuilding C object CMakeFiles/get_multiecho.dir/current/samples/get_multiecho.c.o[0m
[1.484s] [ 58%] [32mBuilding C object CMakeFiles/reboot_test.dir/current/samples/reboot_test.c.o[0m
[1.484s] [ 61%] [32mBuilding C object CMakeFiles/sync_time_stamp.dir/current/samples/sync_time_stamp.c.o[0m
[1.487s] [ 67%] [32mBuilding C object CMakeFiles/get_distance_intensity.dir/current/samples/get_distance_intensity.c.o[0m
[1.487s] [ 67%] [32mBuilding C object CMakeFiles/sensor_parameter.dir/current/samples/sensor_parameter.c.o[0m
[1.529s] [ 70%] [32m[1mLinking C executable find_port[0m
[1.545s] [ 73%] [32m[1mLinking C executable sync_time_stamp[0m
[1.549s] [ 76%] [32m[1mLinking C executable reboot_test[0m
[1.549s] [ 79%] [32m[1mLinking C executable timeout_test[0m
[1.550s] [ 82%] [32m[1mLinking C executable angle_convert_test[0m
[1.552s] [ 88%] [32m[1mLinking C executable get_multiecho_intensity[0m
[1.552s] [ 88%] [32m[1mLinking C executable sensor_parameter[0m
[1.552s] [ 94%] [32m[1mLinking C executable get_multiecho[0m
[1.552s] [ 94%] [32m[1mLinking C executable get_distance[0m
[1.560s] [ 97%] [32m[1mLinking C executable get_distance_intensity[0m
[1.566s] [100%] [32m[1mLinking C executable calculate_xy[0m
[1.645s] [100%] Built target find_port
[1.658s] [100%] Built target sensor_parameter
[1.662s] [100%] Built target get_multiecho
[1.662s] [100%] Built target timeout_test
[1.663s] [100%] Built target reboot_test
[1.666s] [100%] Built target get_multiecho_intensity
[1.667s] [100%] Built target sync_time_stamp
[1.668s] [100%] Built target angle_convert_test
[1.669s] [100%] Built target get_distance
[1.673s] [100%] Built target get_distance_intensity
[1.683s] [100%] Built target calculate_xy
[1.700s] Invoked command in '/home/karch/ws/TFG_Hunter20_ws/build/urg_c' returned '0': CMAKE_PREFIX_PATH=/home/karch/ws/hokuyo_ws/install/urg_node:/home/karch/ws/hokuyo_ws/install/urg_node_msgs:/home/karch/ws/hokuyo_ws/install/urg_c:/home/karch/ws/hokuyo_ws/install/tfg_pkg:/home/karch/ws/hokuyo_ws/install/robot_status_publisher:/home/karch/ws/hokuyo_ws/install/keyboard_control:/home/karch/ws/hokuyo_ws/install/coppelia_ros2_pkg:/home/karch/ws/hunter20_ws/install/hunter_base:/opt/ros/humble:/home/karch/ws/hunter20_ws/install/ugv_sdk:/home/karch/ws/hunter20_ws/install/hunter_msgs:/home/karch/ws/dev_ws/install/first_pkg /usr/bin/cmake --build /home/karch/ws/TFG_Hunter20_ws/build/urg_c -- -j16 -l16
[1.837s] Invoking command in '/home/karch/ws/TFG_Hunter20_ws/build/urg_c': CMAKE_PREFIX_PATH=/home/karch/ws/hokuyo_ws/install/urg_node:/home/karch/ws/hokuyo_ws/install/urg_node_msgs:/home/karch/ws/hokuyo_ws/install/urg_c:/home/karch/ws/hokuyo_ws/install/tfg_pkg:/home/karch/ws/hokuyo_ws/install/robot_status_publisher:/home/karch/ws/hokuyo_ws/install/keyboard_control:/home/karch/ws/hokuyo_ws/install/coppelia_ros2_pkg:/home/karch/ws/hunter20_ws/install/hunter_base:/opt/ros/humble:/home/karch/ws/hunter20_ws/install/ugv_sdk:/home/karch/ws/hunter20_ws/install/hunter_msgs:/home/karch/ws/dev_ws/install/first_pkg /usr/bin/cmake --install /home/karch/ws/TFG_Hunter20_ws/build/urg_c
[1.844s] -- Install configuration: ""
[1.845s] -- Execute custom install script
[1.845s] -- Symlinking: /home/karch/ws/TFG_Hunter20_ws/install/urg_c/lib/liburg_c.so
[1.856s] -- Symlinking: /home/karch/ws/TFG_Hunter20_ws/install/urg_c/lib/libopen_urg_sensor.a
[1.867s] -- Symlinking: /home/karch/ws/TFG_Hunter20_ws/install/urg_c/bin/angle_convert_test
[1.880s] -- Symlinking: /home/karch/ws/TFG_Hunter20_ws/install/urg_c/bin/calculate_xy
[1.891s] -- Symlinking: /home/karch/ws/TFG_Hunter20_ws/install/urg_c/bin/find_port
[1.903s] -- Symlinking: /home/karch/ws/TFG_Hunter20_ws/install/urg_c/bin/get_distance
[1.915s] -- Symlinking: /home/karch/ws/TFG_Hunter20_ws/install/urg_c/bin/get_distance_intensity
[1.926s] -- Symlinking: /home/karch/ws/TFG_Hunter20_ws/install/urg_c/bin/get_multiecho
[1.937s] -- Symlinking: /home/karch/ws/TFG_Hunter20_ws/install/urg_c/bin/get_multiecho_intensity
[1.948s] -- Symlinking: /home/karch/ws/TFG_Hunter20_ws/install/urg_c/bin/reboot_test
[1.960s] -- Symlinking: /home/karch/ws/TFG_Hunter20_ws/install/urg_c/bin/sensor_parameter
[1.971s] -- Symlinking: /home/karch/ws/TFG_Hunter20_ws/install/urg_c/bin/sync_time_stamp
[1.982s] -- Symlinking: /home/karch/ws/TFG_Hunter20_ws/install/urg_c/bin/timeout_test
[1.995s] -- Symlinking: /home/karch/ws/TFG_Hunter20_ws/install/urg_c/include/urg_c/urg_connection.h
[2.007s] -- Symlinking: /home/karch/ws/TFG_Hunter20_ws/install/urg_c/include/urg_c/urg_debug.h
[2.018s] -- Symlinking: /home/karch/ws/TFG_Hunter20_ws/install/urg_c/include/urg_c/urg_detect_os.h
[2.030s] -- Symlinking: /home/karch/ws/TFG_Hunter20_ws/install/urg_c/include/urg_c/urg_errno.h
[2.043s] -- Symlinking: /home/karch/ws/TFG_Hunter20_ws/install/urg_c/include/urg_c/urg_ring_buffer.h
[2.054s] -- Symlinking: /home/karch/ws/TFG_Hunter20_ws/install/urg_c/include/urg_c/urg_sensor.h
[2.065s] -- Symlinking: /home/karch/ws/TFG_Hunter20_ws/install/urg_c/include/urg_c/urg_serial.h
[2.075s] -- Symlinking: /home/karch/ws/TFG_Hunter20_ws/install/urg_c/include/urg_c/urg_serial_utils.h
[2.088s] -- Symlinking: /home/karch/ws/TFG_Hunter20_ws/install/urg_c/include/urg_c/urg_tcpclient.h
[2.099s] -- Symlinking: /home/karch/ws/TFG_Hunter20_ws/install/urg_c/include/urg_c/urg_time.h
[2.112s] -- Symlinking: /home/karch/ws/TFG_Hunter20_ws/install/urg_c/include/urg_c/urg_utils.h
[2.124s] -- Symlinking: /home/karch/ws/TFG_Hunter20_ws/install/urg_c/share/urg_c/environment/library_path.sh
[2.137s] -- Symlinking: /home/karch/ws/TFG_Hunter20_ws/install/urg_c/share/urg_c/environment/library_path.dsv
[2.149s] -- Symlinking: /home/karch/ws/TFG_Hunter20_ws/install/urg_c/share/ament_index/resource_index/package_run_dependencies/urg_c
[2.162s] -- Symlinking: /home/karch/ws/TFG_Hunter20_ws/install/urg_c/share/ament_index/resource_index/parent_prefix_path/urg_c
[2.173s] -- Symlinking: /home/karch/ws/TFG_Hunter20_ws/install/urg_c/share/urg_c/environment/ament_prefix_path.sh
[2.185s] -- Symlinking: /home/karch/ws/TFG_Hunter20_ws/install/urg_c/share/urg_c/environment/ament_prefix_path.dsv
[2.198s] -- Symlinking: /home/karch/ws/TFG_Hunter20_ws/install/urg_c/share/urg_c/environment/path.sh
[2.209s] -- Symlinking: /home/karch/ws/TFG_Hunter20_ws/install/urg_c/share/urg_c/environment/path.dsv
[2.222s] -- Symlinking: /home/karch/ws/TFG_Hunter20_ws/install/urg_c/share/urg_c/local_setup.bash
[2.235s] -- Symlinking: /home/karch/ws/TFG_Hunter20_ws/install/urg_c/share/urg_c/local_setup.sh
[2.249s] -- Symlinking: /home/karch/ws/TFG_Hunter20_ws/install/urg_c/share/urg_c/local_setup.zsh
[2.260s] -- Symlinking: /home/karch/ws/TFG_Hunter20_ws/install/urg_c/share/urg_c/local_setup.dsv
[2.272s] -- Symlinking: /home/karch/ws/TFG_Hunter20_ws/install/urg_c/share/urg_c/package.dsv
[2.283s] -- Symlinking: /home/karch/ws/TFG_Hunter20_ws/install/urg_c/share/ament_index/resource_index/packages/urg_c
[2.294s] -- Symlinking: /home/karch/ws/TFG_Hunter20_ws/install/urg_c/share/urg_c/cmake/ament_cmake_export_include_directories-extras.cmake
[2.306s] -- Symlinking: /home/karch/ws/TFG_Hunter20_ws/install/urg_c/share/urg_c/cmake/ament_cmake_export_libraries-extras.cmake
[2.318s] -- Symlinking: /home/karch/ws/TFG_Hunter20_ws/install/urg_c/share/urg_c/cmake/urg_cConfig.cmake
[2.331s] -- Symlinking: /home/karch/ws/TFG_Hunter20_ws/install/urg_c/share/urg_c/cmake/urg_cConfig-version.cmake
[2.346s] -- Symlinking: /home/karch/ws/TFG_Hunter20_ws/install/urg_c/share/urg_c/package.xml
[2.365s] Invoked command in '/home/karch/ws/TFG_Hunter20_ws/build/urg_c' returned '0': CMAKE_PREFIX_PATH=/home/karch/ws/hokuyo_ws/install/urg_node:/home/karch/ws/hokuyo_ws/install/urg_node_msgs:/home/karch/ws/hokuyo_ws/install/urg_c:/home/karch/ws/hokuyo_ws/install/tfg_pkg:/home/karch/ws/hokuyo_ws/install/robot_status_publisher:/home/karch/ws/hokuyo_ws/install/keyboard_control:/home/karch/ws/hokuyo_ws/install/coppelia_ros2_pkg:/home/karch/ws/hunter20_ws/install/hunter_base:/opt/ros/humble:/home/karch/ws/hunter20_ws/install/ugv_sdk:/home/karch/ws/hunter20_ws/install/hunter_msgs:/home/karch/ws/dev_ws/install/first_pkg /usr/bin/cmake --install /home/karch/ws/TFG_Hunter20_ws/build/urg_c
